#
# A fatal error has been detected by the Java Runtime Environment:
#
#  SIGSEGV (0xb) at pc=0x00007f50b1aefd9d, pid=10915, tid=10963
#
# JRE version: OpenJDK Runtime Environment (10.0.2+13) (build 10.0.2+13-Ubuntu-1ubuntu0.18.04.3)
# Java VM: OpenJDK 64-Bit Server VM (10.0.2+13-Ubuntu-1ubuntu0.18.04.3, mixed mode, tiered, compressed oops, g1 gc, linux-amd64)
# Problematic frame:
# C  [librxtxSerial.so+0x6d9d]  read_byte_array+0x3d
#
# Core dump will be written. Default location: Core dumps may be processed with "/usr/share/apport/apport %p %s %c %d %P" (or dumping to /home/appdev/IdeaProjects/ArduinoTest/core.10915)
#
# If you would like to submit a bug report, please visit:
#   http://bugreport.java.com/bugreport/crash.jsp
# The crash happened outside the Java Virtual Machine in native code.
# See problematic frame for where to report the bug.
#

---------------  S U M M A R Y ------------

Command Line: -javaagent:/snap/intellij-idea-ultimate/91/lib/idea_rt.jar=43155:/snap/intellij-idea-ultimate/91/bin -Dfile.encoding=UTF-8 com.tomtrein.Main

Host: Intel(R) Core(TM) i5-6300HQ CPU @ 2.30GHz, 4 cores, 15G, Ubuntu 18.04.1 LTS
Time: Sun Nov 18 11:16:30 2018 CET elapsed time: 2 seconds (0d 0h 0m 2s)

---------------  T H R E A D  ---------------

Current thread (0x00007f50fde7a000):  JavaThread "Thread-0" [_thread_in_native, id=10963, stack(0x00007f50b15e6000,0x00007f50b16e7000)]

Stack: [0x00007f50b15e6000,0x00007f50b16e7000],  sp=0x00007f50b16e4970,  free space=1018k
Native frames: (J=compiled Java code, A=aot compiled Java code, j=interpreted, Vv=VM code, C=native code)
C  [librxtxSerial.so+0x6d9d]  read_byte_array+0x3d

Java frames: (J=compiled Java code, j=interpreted, Vv=VM code)
j  gnu.io.RXTXPort.readArray([BII)I+0
j  gnu.io.RXTXPort$SerialInputStream.read([BII)I+212
j  sun.nio.cs.StreamDecoder.readBytes()I+135 java.base@10.0.2
j  sun.nio.cs.StreamDecoder.implRead([CII)I+112 java.base@10.0.2
j  sun.nio.cs.StreamDecoder.read([CII)I+180 java.base@10.0.2
j  java.io.InputStreamReader.read([CII)I+7 java.base@10.0.2
j  java.io.BufferedReader.fill()V+145 java.base@10.0.2
j  java.io.BufferedReader.read1([CII)I+47 java.base@10.0.2
j  java.io.BufferedReader.read([CII)I+61 java.base@10.0.2
j  java.io.Reader.read(Ljava/nio/CharBuffer;)I+13 java.base@10.0.2
j  java.util.Scanner.readInput()V+70 java.base@10.0.2
j  java.util.Scanner.findWithinHorizon(Ljava/util/regex/Pattern;I)Ljava/lang/String;+74 java.base@10.0.2
j  java.util.Scanner.nextLine()Ljava/lang/String;+34 java.base@10.0.2
j  com.tomtrein.Serial$.serialEvent(Lgnu/io/SerialPortEvent;)V+12
j  gnu.io.RXTXPort.sendEvent(IZ)Z+382
v  ~StubRoutines::call_stub
j  gnu.io.RXTXPort.eventLoop()V+0
j  gnu.io.RXTXPort$MonitorThread.run()V+12
v  ~StubRoutines::call_stub

siginfo: si_signo: 11 (SIGSEGV), si_code: 1 (SEGV_MAPERR), si_addr: 0xffffffffb16e5808

Register to memory mapping:

RAX=0xffffffffb16e5800 is an unknown value
RBX=0x00007f5070003120 is an unknown value
RCX=0x0000000000000001 is an unknown value
RDX=0x00007f51032ad800: <offset 0x0000000000492800> in /usr/lib/jvm/java-11-openjdk-amd64/lib/server/libjvm.so at 0x00007f5102e1b000
RSP=0x00007f50b16e4970 is pointing into the stack for thread: 0x00007f50fde7a000
RBP=0x00007f50fde7a200 is an unknown value
RSI=0x00007f50b1af2b25: <offset 0x0000000000009b25> in /usr/lib/jvm/java-11-openjdk-amd64/lib/librxtxSerial.so at 0x00007f50b1ae9000
RDI=0x00007f50b1af2a9f: <offset 0x0000000000009a9f> in /usr/lib/jvm/java-11-openjdk-amd64/lib/librxtxSerial.so at 0x00007f50b1ae9000
R8 =0x00007f50b3baf470 is pointing into metadata
R9 =0x00000006d65bac68 is an oop
gnu.io.RXTXPort 
{0x00000006d65bac68} - klass: 'gnu/io/RXTXPort'
R10=0x0000000000000014 is an unknown value
R11=0x00007f51040db384: <offset 0x00000000012c0384> in /usr/lib/jvm/java-11-openjdk-amd64/lib/server/libjvm.so at 0x00007f5102e1b000
R12=0xffffffffffffffff is an unknown value
R13=0x0000000000000020 is an unknown value
R14=0x0000000000000009 is an unknown value
R15=0x00000000ffffffff is an unknown value


Registers:
RAX=0xffffffffb16e5800, RBX=0x00007f5070003120, RCX=0x0000000000000001, RDX=0x00007f51032ad800
RSP=0x00007f50b16e4970, RBP=0x00007f50fde7a200, RSI=0x00007f50b1af2b25, RDI=0x00007f50b1af2a9f
R8 =0x00007f50b3baf470, R9 =0x00000006d65bac68, R10=0x0000000000000014, R11=0x00007f51040db384
R12=0xffffffffffffffff, R13=0x0000000000000020, R14=0x0000000000000009, R15=0x00000000ffffffff
RIP=0x00007f50b1aefd9d, EFLAGS=0x0000000000010202, CSGSFS=0x002b000000000033, ERR=0x0000000000000005
  TRAPNO=0x000000000000000e

Top of Stack: (sp=0x00007f50b16e4970)
0x00007f50b16e4970:   00007f50b16e49b0 0000000000002000
0x00007f50b16e4980:   0000002070000020 00007f5070003120
0x00007f50b16e4990:   00000009b16e4a20 0000000000000000
0x00007f50b16e49a0:   00007f50b16e4a20 00007f51047d42ed 

Instructions: (pc=0x00007f50b1aefd9d)
0x00007f50b1aefd7d:   4c 24 18 48 8d 15 17 2d 00 00 48 8d 0d 0e 2d 00
0x00007f50b1aefd8d:   00 44 89 44 24 14 e8 88 c7 ff ff 48 89 44 24 48
0x00007f50b1aefd9d:   8b 40 08 45 85 ff 48 8b 54 24 48 89 44 24 40 c7
0x00007f50b1aefdad:   42 08 00 00 00 00 0f 88 bd 01 00 00 31 c0 e8 70 


---------------  P R O C E S S  ---------------

Threads class SMR info:
_java_thread_list=0x00007f50fde7b370, length=12, elements={
0x00007f50fc013000, 0x00007f50fc1f8000, 0x00007f50fc1fa000, 0x00007f50fc20c800,
0x00007f50fc20e800, 0x00007f50fc210800, 0x00007f50fc212800, 0x00007f50fc214800,
0x00007f50fc305800, 0x00007f50fc370000, 0x00007f50fc370800, 0x00007f50fde7a000
}

Java Threads: ( => current thread )
  0x00007f50fc013000 JavaThread "main" [_thread_in_native, id=10917, stack(0x00007f5104e3e000,0x00007f5104f3f000)]
  0x00007f50fc1f8000 JavaThread "Reference Handler" daemon [_thread_blocked, id=10944, stack(0x00007f50b34fb000,0x00007f50b35fc000)]
  0x00007f50fc1fa000 JavaThread "Finalizer" daemon [_thread_blocked, id=10945, stack(0x00007f50b33fa000,0x00007f50b34fb000)]
  0x00007f50fc20c800 JavaThread "Signal Dispatcher" daemon [_thread_blocked, id=10950, stack(0x00007f50b2929000,0x00007f50b2a2a000)]
  0x00007f50fc20e800 JavaThread "C2 CompilerThread0" daemon [_thread_blocked, id=10952, stack(0x00007f50b2828000,0x00007f50b2929000)]
  0x00007f50fc210800 JavaThread "C2 CompilerThread1" daemon [_thread_blocked, id=10953, stack(0x00007f50b2727000,0x00007f50b2828000)]
  0x00007f50fc212800 JavaThread "C1 CompilerThread2" daemon [_thread_blocked, id=10954, stack(0x00007f50b2626000,0x00007f50b2727000)]
  0x00007f50fc214800 JavaThread "Sweeper thread" daemon [_thread_blocked, id=10955, stack(0x00007f50b2525000,0x00007f50b2626000)]
  0x00007f50fc305800 JavaThread "Common-Cleaner" daemon [_thread_blocked, id=10959, stack(0x00007f50b2424000,0x00007f50b2525000)]
  0x00007f50fc370000 JavaThread "Monitor Ctrl-Break" daemon [_thread_in_native, id=10960, stack(0x00007f50b1ef9000,0x00007f50b1ffa000)]
  0x00007f50fc370800 JavaThread "Service Thread" daemon [_thread_blocked, id=10961, stack(0x00007f50b1df8000,0x00007f50b1ef9000)]
=>0x00007f50fde7a000 JavaThread "Thread-0" [_thread_in_native, id=10963, stack(0x00007f50b15e6000,0x00007f50b16e7000)]

Other Threads:
  0x00007f50fc1ee000 VMThread "VM Thread" [stack: 0x00007f50b35fe000,0x00007f50b36fe000] [id=10942]
  0x00007f50fc373000 WatcherThread [stack: 0x00007f50b1cf8000,0x00007f50b1df8000] [id=10962]
  0x00007f50fc029800 GCTaskThread "GC Thread#0" [stack: 0x00007f5100d66000,0x00007f5100e66000] [id=10923]
  0x00007f50fc02b000 GCTaskThread "GC Thread#1" [stack: 0x00007f5100c64000,0x00007f5100d64000] [id=10925]
  0x00007f50fc02c800 GCTaskThread "GC Thread#2" [stack: 0x00007f5100b62000,0x00007f5100c62000] [id=10926]
  0x00007f50fc02e800 GCTaskThread "GC Thread#3" [stack: 0x00007f5100a60000,0x00007f5100b60000] [id=10927]
  0x00007f50fc07c800 ConcurrentGCThread "G1 Main Marker" [stack: 0x00007f5100461000,0x00007f5100561000] [id=10928]
  0x00007f50fc07e000 ConcurrentGCThread "G1 Conc#0" [stack: 0x00007f510035f000,0x00007f510045f000] [id=10929]
  0x00007f50fc15d000 ConcurrentGCThread "G1 Refine#0" [stack: 0x00007f50e01d8000,0x00007f50e02d8000] [id=10935]
  0x00007f50fc15f000 ConcurrentGCThread "G1 Refine#1" [stack: 0x00007f50e00d6000,0x00007f50e01d6000] [id=10936]
  0x00007f50fc160800 ConcurrentGCThread "G1 Refine#2" [stack: 0x00007f50d00e0000,0x00007f50d01e0000] [id=10937]
  0x00007f50fc162000 ConcurrentGCThread "G1 Refine#3" [stack: 0x00007f50c80e0000,0x00007f50c81e0000] [id=10938]
  0x00007f50fc164000 ConcurrentGCThread "G1 Young RemSet Sampling" [stack: 0x00007f50b3f00000,0x00007f50b4000000] [id=10939]

Threads with active compile tasks:

VM state:not at safepoint (normal execution)

VM Mutex/Monitor currently owned by a thread: None

Heap address: 0x00000006c7800000, size: 3976 MB, Compressed Oops mode: Zero based, Oop shift amount: 3
Narrow klass base: 0x0000000000000000, Narrow klass shift: 3
Compressed class space size: 1073741824 Address: 0x00000007c0000000

Heap:
 garbage-first heap   total 256000K, used 13312K [0x00000006c7800000, 0x00000007c0000000)
  region size 1024K, 14 young (14336K), 0 survivors (0K)
 Metaspace       used 10749K, capacity 10897K, committed 11264K, reserved 1058816K
  class space    used 1120K, capacity 1188K, committed 1280K, reserved 1048576K
Heap Regions: E=young(eden), S=young(survivor), O=old, HS=humongous(starts), HC=humongous(continues), CS=collection set, F=free, A=archive, TS=gc time stamp, AC=allocation context, TAMS=top-at-mark-start (previous, next)
|   0|0x00000006c7800000, 0x00000006c7800000, 0x00000006c7900000|  0%| F|  |TS  0|AC  0|TAMS 0x00000006c7800000, 0x00000006c7800000|
|   1|0x00000006c7900000, 0x00000006c7900000, 0x00000006c7a00000|  0%| F|  |TS  0|AC  0|TAMS 0x00000006c7900000, 0x00000006c7900000|
|   2|0x00000006c7a00000, 0x00000006c7a00000, 0x00000006c7b00000|  0%| F|  |TS  0|AC  0|TAMS 0x00000006c7a00000, 0x00000006c7a00000|
|   3|0x00000006c7b00000, 0x00000006c7b00000, 0x00000006c7c00000|  0%| F|  |TS  0|AC  0|TAMS 0x00000006c7b00000, 0x00000006c7b00000|
|   4|0x00000006c7c00000, 0x00000006c7c00000, 0x00000006c7d00000|  0%| F|  |TS  0|AC  0|TAMS 0x00000006c7c00000, 0x00000006c7c00000|
|   5|0x00000006c7d00000, 0x00000006c7d00000, 0x00000006c7e00000|  0%| F|  |TS  0|AC  0|TAMS 0x00000006c7d00000, 0x00000006c7d00000|
|   6|0x00000006c7e00000, 0x00000006c7e00000, 0x00000006c7f00000|  0%| F|  |TS  0|AC  0|TAMS 0x00000006c7e00000, 0x00000006c7e00000|
|   7|0x00000006c7f00000, 0x00000006c7f00000, 0x00000006c8000000|  0%| F|  |TS  0|AC  0|TAMS 0x00000006c7f00000, 0x00000006c7f00000|
|   8|0x00000006c8000000, 0x00000006c8000000, 0x00000006c8100000|  0%| F|  |TS  0|AC  0|TAMS 0x00000006c8000000, 0x00000006c8000000|
|   9|0x00000006c8100000, 0x00000006c8100000, 0x00000006c8200000|  0%| F|  |TS  0|AC  0|TAMS 0x00000006c8100000, 0x00000006c8100000|
|  10|0x00000006c8200000, 0x00000006c8200000, 0x00000006c8300000|  0%| F|  |TS  0|AC  0|TAMS 0x00000006c8200000, 0x00000006c8200000|
|  11|0x00000006c8300000, 0x00000006c8300000, 0x00000006c8400000|  0%| F|  |TS  0|AC  0|TAMS 0x00000006c8300000, 0x00000006c8300000|
|  12|0x00000006c8400000, 0x00000006c8400000, 0x00000006c8500000|  0%| F|  |TS  0|AC  0|TAMS 0x00000006c8400000, 0x00000006c8400000|
|  13|0x00000006c8500000, 0x00000006c8500000, 0x00000006c8600000|  0%| F|  |TS  0|AC  0|TAMS 0x00000006c8500000, 0x00000006c8500000|
|  14|0x00000006c8600000, 0x00000006c8600000, 0x00000006c8700000|  0%| F|  |TS  0|AC  0|TAMS 0x00000006c8600000, 0x00000006c8600000|
|  15|0x00000006c8700000, 0x00000006c8700000, 0x00000006c8800000|  0%| F|  |TS  0|AC  0|TAMS 0x00000006c8700000, 0x00000006c8700000|
|  16|0x00000006c8800000, 0x00000006c8800000, 0x00000006c8900000|  0%| F|  |TS  0|AC  0|TAMS 0x00000006c8800000, 0x00000006c8800000|
|  17|0x00000006c8900000, 0x00000006c8900000, 0x00000006c8a00000|  0%| F|  |TS  0|AC  0|TAMS 0x00000006c8900000, 0x00000006c8900000|
|  18|0x00000006c8a00000, 0x00000006c8a00000, 0x00000006c8b00000|  0%| F|  |TS  0|AC  0|TAMS 0x00000006c8a00000, 0x00000006c8a00000|
|  19|0x00000006c8b00000, 0x00000006c8b00000, 0x00000006c8c00000|  0%| F|  |TS  0|AC  0|TAMS 0x00000006c8b00000, 0x00000006c8b00000|
|  20|0x00000006c8c00000, 0x00000006c8c00000, 0x00000006c8d00000|  0%| F|  |TS  0|AC  0|TAMS 0x00000006c8c00000, 0x00000006c8c00000|
|  21|0x00000006c8d00000, 0x00000006c8d00000, 0x00000006c8e00000|  0%| F|  |TS  0|AC  0|TAMS 0x00000006c8d00000, 0x00000006c8d00000|
|  22|0x00000006c8e00000, 0x00000006c8e00000, 0x00000006c8f00000|  0%| F|  |TS  0|AC  0|TAMS 0x00000006c8e00000, 0x00000006c8e00000|
|  23|0x00000006c8f00000, 0x00000006c8f00000, 0x00000006c9000000|  0%| F|  |TS  0|AC  0|TAMS 0x00000006c8f00000, 0x00000006c8f00000|
|  24|0x00000006c9000000, 0x00000006c9000000, 0x00000006c9100000|  0%| F|  |TS  0|AC  0|TAMS 0x00000006c9000000, 0x00000006c9000000|
|  25|0x00000006c9100000, 0x00000006c9100000, 0x00000006c9200000|  0%| F|  |TS  0|AC  0|TAMS 0x00000006c9100000, 0x00000006c9100000|
|  26|0x00000006c9200000, 0x00000006c9200000, 0x00000006c9300000|  0%| F|  |TS  0|AC  0|TAMS 0x00000006c9200000, 0x00000006c9200000|
|  27|0x00000006c9300000, 0x00000006c9300000, 0x00000006c9400000|  0%| F|  |TS  0|AC  0|TAMS 0x00000006c9300000, 0x00000006c9300000|
|  28|0x00000006c9400000, 0x00000006c9400000, 0x00000006c9500000|  0%| F|  |TS  0|AC  0|TAMS 0x00000006c9400000, 0x00000006c9400000|
|  29|0x00000006c9500000, 0x00000006c9500000, 0x00000006c9600000|  0%| F|  |TS  0|AC  0|TAMS 0x00000006c9500000, 0x00000006c9500000|
|  30|0x00000006c9600000, 0x00000006c9600000, 0x00000006c9700000|  0%| F|  |TS  0|AC  0|TAMS 0x00000006c9600000, 0x00000006c9600000|
|  31|0x00000006c9700000, 0x00000006c9700000, 0x00000006c9800000|  0%| F|  |TS  0|AC  0|TAMS 0x00000006c9700000, 0x00000006c9700000|
|  32|0x00000006c9800000, 0x00000006c9800000, 0x00000006c9900000|  0%| F|  |TS  0|AC  0|TAMS 0x00000006c9800000, 0x00000006c9800000|
|  33|0x00000006c9900000, 0x00000006c9900000, 0x00000006c9a00000|  0%| F|  |TS  0|AC  0|TAMS 0x00000006c9900000, 0x00000006c9900000|
|  34|0x00000006c9a00000, 0x00000006c9a00000, 0x00000006c9b00000|  0%| F|  |TS  0|AC  0|TAMS 0x00000006c9a00000, 0x00000006c9a00000|
|  35|0x00000006c9b00000, 0x00000006c9b00000, 0x00000006c9c00000|  0%| F|  |TS  0|AC  0|TAMS 0x00000006c9b00000, 0x00000006c9b00000|
|  36|0x00000006c9c00000, 0x00000006c9c00000, 0x00000006c9d00000|  0%| F|  |TS  0|AC  0|TAMS 0x00000006c9c00000, 0x00000006c9c00000|
|  37|0x00000006c9d00000, 0x00000006c9d00000, 0x00000006c9e00000|  0%| F|  |TS  0|AC  0|TAMS 0x00000006c9d00000, 0x00000006c9d00000|
|  38|0x00000006c9e00000, 0x00000006c9e00000, 0x00000006c9f00000|  0%| F|  |TS  0|AC  0|TAMS 0x00000006c9e00000, 0x00000006c9e00000|
|  39|0x00000006c9f00000, 0x00000006c9f00000, 0x00000006ca000000|  0%| F|  |TS  0|AC  0|TAMS 0x00000006c9f00000, 0x00000006c9f00000|
|  40|0x00000006ca000000, 0x00000006ca000000, 0x00000006ca100000|  0%| F|  |TS  0|AC  0|TAMS 0x00000006ca000000, 0x00000006ca000000|
|  41|0x00000006ca100000, 0x00000006ca100000, 0x00000006ca200000|  0%| F|  |TS  0|AC  0|TAMS 0x00000006ca100000, 0x00000006ca100000|
|  42|0x00000006ca200000, 0x00000006ca200000, 0x00000006ca300000|  0%| F|  |TS  0|AC  0|TAMS 0x00000006ca200000, 0x00000006ca200000|
|  43|0x00000006ca300000, 0x00000006ca300000, 0x00000006ca400000|  0%| F|  |TS  0|AC  0|TAMS 0x00000006ca300000, 0x00000006ca300000|
|  44|0x00000006ca400000, 0x00000006ca400000, 0x00000006ca500000|  0%| F|  |TS  0|AC  0|TAMS 0x00000006ca400000, 0x00000006ca400000|
|  45|0x00000006ca500000, 0x00000006ca500000, 0x00000006ca600000|  0%| F|  |TS  0|AC  0|TAMS 0x00000006ca500000, 0x00000006ca500000|
|  46|0x00000006ca600000, 0x00000006ca600000, 0x00000006ca700000|  0%| F|  |TS  0|AC  0|TAMS 0x00000006ca600000, 0x00000006ca600000|
|  47|0x00000006ca700000, 0x00000006ca700000, 0x00000006ca800000|  0%| F|  |TS  0|AC  0|TAMS 0x00000006ca700000, 0x00000006ca700000|
|  48|0x00000006ca800000, 0x00000006ca800000, 0x00000006ca900000|  0%| F|  |TS  0|AC  0|TAMS 0x00000006ca800000, 0x00000006ca800000|
|  49|0x00000006ca900000, 0x00000006ca900000, 0x00000006caa00000|  0%| F|  |TS  0|AC  0|TAMS 0x00000006ca900000, 0x00000006ca900000|
|  50|0x00000006caa00000, 0x00000006caa00000, 0x00000006cab00000|  0%| F|  |TS  0|AC  0|TAMS 0x00000006caa00000, 0x00000006caa00000|
|  51|0x00000006cab00000, 0x00000006cab00000, 0x00000006cac00000|  0%| F|  |TS  0|AC  0|TAMS 0x00000006cab00000, 0x00000006cab00000|
|  52|0x00000006cac00000, 0x00000006cac00000, 0x00000006cad00000|  0%| F|  |TS  0|AC  0|TAMS 0x00000006cac00000, 0x00000006cac00000|
|  53|0x00000006cad00000, 0x00000006cad00000, 0x00000006cae00000|  0%| F|  |TS  0|AC  0|TAMS 0x00000006cad00000, 0x00000006cad00000|
|  54|0x00000006cae00000, 0x00000006cae00000, 0x00000006caf00000|  0%| F|  |TS  0|AC  0|TAMS 0x00000006cae00000, 0x00000006cae00000|
|  55|0x00000006caf00000, 0x00000006caf00000, 0x00000006cb000000|  0%| F|  |TS  0|AC  0|TAMS 0x00000006caf00000, 0x00000006caf00000|
|  56|0x00000006cb000000, 0x00000006cb000000, 0x00000006cb100000|  0%| F|  |TS  0|AC  0|TAMS 0x00000006cb000000, 0x00000006cb000000|
|  57|0x00000006cb100000, 0x00000006cb100000, 0x00000006cb200000|  0%| F|  |TS  0|AC  0|TAMS 0x00000006cb100000, 0x00000006cb100000|
|  58|0x00000006cb200000, 0x00000006cb200000, 0x00000006cb300000|  0%| F|  |TS  0|AC  0|TAMS 0x00000006cb200000, 0x00000006cb200000|
|  59|0x00000006cb300000, 0x00000006cb300000, 0x00000006cb400000|  0%| F|  |TS  0|AC  0|TAMS 0x00000006cb300000, 0x00000006cb300000|
|  60|0x00000006cb400000, 0x00000006cb400000, 0x00000006cb500000|  0%| F|  |TS  0|AC  0|TAMS 0x00000006cb400000, 0x00000006cb400000|
|  61|0x00000006cb500000, 0x00000006cb500000, 0x00000006cb600000|  0%| F|  |TS  0|AC  0|TAMS 0x00000006cb500000, 0x00000006cb500000|
|  62|0x00000006cb600000, 0x00000006cb600000, 0x00000006cb700000|  0%| F|  |TS  0|AC  0|TAMS 0x00000006cb600000, 0x00000006cb600000|
|  63|0x00000006cb700000, 0x00000006cb700000, 0x00000006cb800000|  0%| F|  |TS  0|AC  0|TAMS 0x00000006cb700000, 0x00000006cb700000|
|  64|0x00000006cb800000, 0x00000006cb800000, 0x00000006cb900000|  0%| F|  |TS  0|AC  0|TAMS 0x00000006cb800000, 0x00000006cb800000|
|  65|0x00000006cb900000, 0x00000006cb900000, 0x00000006cba00000|  0%| F|  |TS  0|AC  0|TAMS 0x00000006cb900000, 0x00000006cb900000|
|  66|0x00000006cba00000, 0x00000006cba00000, 0x00000006cbb00000|  0%| F|  |TS  0|AC  0|TAMS 0x00000006cba00000, 0x00000006cba00000|
|  67|0x00000006cbb00000, 0x00000006cbb00000, 0x00000006cbc00000|  0%| F|  |TS  0|AC  0|TAMS 0x00000006cbb00000, 0x00000006cbb00000|
|  68|0x00000006cbc00000, 0x00000006cbc00000, 0x00000006cbd00000|  0%| F|  |TS  0|AC  0|TAMS 0x00000006cbc00000, 0x00000006cbc00000|
|  69|0x00000006cbd00000, 0x00000006cbd00000, 0x00000006cbe00000|  0%| F|  |TS  0|AC  0|TAMS 0x00000006cbd00000, 0x00000006cbd00000|
|  70|0x00000006cbe00000, 0x00000006cbe00000, 0x00000006cbf00000|  0%| F|  |TS  0|AC  0|TAMS 0x00000006cbe00000, 0x00000006cbe00000|
|  71|0x00000006cbf00000, 0x00000006cbf00000, 0x00000006cc000000|  0%| F|  |TS  0|AC  0|TAMS 0x00000006cbf00000, 0x00000006cbf00000|
|  72|0x00000006cc000000, 0x00000006cc000000, 0x00000006cc100000|  0%| F|  |TS  0|AC  0|TAMS 0x00000006cc000000, 0x00000006cc000000|
|  73|0x00000006cc100000, 0x00000006cc100000, 0x00000006cc200000|  0%| F|  |TS  0|AC  0|TAMS 0x00000006cc100000, 0x00000006cc100000|
|  74|0x00000006cc200000, 0x00000006cc200000, 0x00000006cc300000|  0%| F|  |TS  0|AC  0|TAMS 0x00000006cc200000, 0x00000006cc200000|
|  75|0x00000006cc300000, 0x00000006cc300000, 0x00000006cc400000|  0%| F|  |TS  0|AC  0|TAMS 0x00000006cc300000, 0x00000006cc300000|
|  76|0x00000006cc400000, 0x00000006cc400000, 0x00000006cc500000|  0%| F|  |TS  0|AC  0|TAMS 0x00000006cc400000, 0x00000006cc400000|
|  77|0x00000006cc500000, 0x00000006cc500000, 0x00000006cc600000|  0%| F|  |TS  0|AC  0|TAMS 0x00000006cc500000, 0x00000006cc500000|
|  78|0x00000006cc600000, 0x00000006cc600000, 0x00000006cc700000|  0%| F|  |TS  0|AC  0|TAMS 0x00000006cc600000, 0x00000006cc600000|
|  79|0x00000006cc700000, 0x00000006cc700000, 0x00000006cc800000|  0%| F|  |TS  0|AC  0|TAMS 0x00000006cc700000, 0x00000006cc700000|
|  80|0x00000006cc800000, 0x00000006cc800000, 0x00000006cc900000|  0%| F|  |TS  0|AC  0|TAMS 0x00000006cc800000, 0x00000006cc800000|
|  81|0x00000006cc900000, 0x00000006cc900000, 0x00000006cca00000|  0%| F|  |TS  0|AC  0|TAMS 0x00000006cc900000, 0x00000006cc900000|
|  82|0x00000006cca00000, 0x00000006cca00000, 0x00000006ccb00000|  0%| F|  |TS  0|AC  0|TAMS 0x00000006cca00000, 0x00000006cca00000|
|  83|0x00000006ccb00000, 0x00000006ccb00000, 0x00000006ccc00000|  0%| F|  |TS  0|AC  0|TAMS 0x00000006ccb00000, 0x00000006ccb00000|
|  84|0x00000006ccc00000, 0x00000006ccc00000, 0x00000006ccd00000|  0%| F|  |TS  0|AC  0|TAMS 0x00000006ccc00000, 0x00000006ccc00000|
|  85|0x00000006ccd00000, 0x00000006ccd00000, 0x00000006cce00000|  0%| F|  |TS  0|AC  0|TAMS 0x00000006ccd00000, 0x00000006ccd00000|
|  86|0x00000006cce00000, 0x00000006cce00000, 0x00000006ccf00000|  0%| F|  |TS  0|AC  0|TAMS 0x00000006cce00000, 0x00000006cce00000|
|  87|0x00000006ccf00000, 0x00000006ccf00000, 0x00000006cd000000|  0%| F|  |TS  0|AC  0|TAMS 0x00000006ccf00000, 0x00000006ccf00000|
|  88|0x00000006cd000000, 0x00000006cd000000, 0x00000006cd100000|  0%| F|  |TS  0|AC  0|TAMS 0x00000006cd000000, 0x00000006cd000000|
|  89|0x00000006cd100000, 0x00000006cd100000, 0x00000006cd200000|  0%| F|  |TS  0|AC  0|TAMS 0x00000006cd100000, 0x00000006cd100000|
|  90|0x00000006cd200000, 0x00000006cd200000, 0x00000006cd300000|  0%| F|  |TS  0|AC  0|TAMS 0x00000006cd200000, 0x00000006cd200000|
|  91|0x00000006cd300000, 0x00000006cd300000, 0x00000006cd400000|  0%| F|  |TS  0|AC  0|TAMS 0x00000006cd300000, 0x00000006cd300000|
|  92|0x00000006cd400000, 0x00000006cd400000, 0x00000006cd500000|  0%| F|  |TS  0|AC  0|TAMS 0x00000006cd400000, 0x00000006cd400000|
|  93|0x00000006cd500000, 0x00000006cd500000, 0x00000006cd600000|  0%| F|  |TS  0|AC  0|TAMS 0x00000006cd500000, 0x00000006cd500000|
|  94|0x00000006cd600000, 0x00000006cd600000, 0x00000006cd700000|  0%| F|  |TS  0|AC  0|TAMS 0x00000006cd600000, 0x00000006cd600000|
|  95|0x00000006cd700000, 0x00000006cd700000, 0x00000006cd800000|  0%| F|  |TS  0|AC  0|TAMS 0x00000006cd700000, 0x00000006cd700000|
|  96|0x00000006cd800000, 0x00000006cd800000, 0x00000006cd900000|  0%| F|  |TS  0|AC  0|TAMS 0x00000006cd800000, 0x00000006cd800000|
|  97|0x00000006cd900000, 0x00000006cd900000, 0x00000006cda00000|  0%| F|  |TS  0|AC  0|TAMS 0x00000006cd900000, 0x00000006cd900000|
|  98|0x00000006cda00000, 0x00000006cda00000, 0x00000006cdb00000|  0%| F|  |TS  0|AC  0|TAMS 0x00000006cda00000, 0x00000006cda00000|
|  99|0x00000006cdb00000, 0x00000006cdb00000, 0x00000006cdc00000|  0%| F|  |TS  0|AC  0|TAMS 0x00000006cdb00000, 0x00000006cdb00000|
| 100|0x00000006cdc00000, 0x00000006cdc00000, 0x00000006cdd00000|  0%| F|  |TS  0|AC  0|TAMS 0x00000006cdc00000, 0x00000006cdc00000|
| 101|0x00000006cdd00000, 0x00000006cdd00000, 0x00000006cde00000|  0%| F|  |TS  0|AC  0|TAMS 0x00000006cdd00000, 0x00000006cdd00000|
| 102|0x00000006cde00000, 0x00000006cde00000, 0x00000006cdf00000|  0%| F|  |TS  0|AC  0|TAMS 0x00000006cde00000, 0x00000006cde00000|
| 103|0x00000006cdf00000, 0x00000006cdf00000, 0x00000006ce000000|  0%| F|  |TS  0|AC  0|TAMS 0x00000006cdf00000, 0x00000006cdf00000|
| 104|0x00000006ce000000, 0x00000006ce000000, 0x00000006ce100000|  0%| F|  |TS  0|AC  0|TAMS 0x00000006ce000000, 0x00000006ce000000|
| 105|0x00000006ce100000, 0x00000006ce100000, 0x00000006ce200000|  0%| F|  |TS  0|AC  0|TAMS 0x00000006ce100000, 0x00000006ce100000|
| 106|0x00000006ce200000, 0x00000006ce200000, 0x00000006ce300000|  0%| F|  |TS  0|AC  0|TAMS 0x00000006ce200000, 0x00000006ce200000|
| 107|0x00000006ce300000, 0x00000006ce300000, 0x00000006ce400000|  0%| F|  |TS  0|AC  0|TAMS 0x00000006ce300000, 0x00000006ce300000|
| 108|0x00000006ce400000, 0x00000006ce400000, 0x00000006ce500000|  0%| F|  |TS  0|AC  0|TAMS 0x00000006ce400000, 0x00000006ce400000|
| 109|0x00000006ce500000, 0x00000006ce500000, 0x00000006ce600000|  0%| F|  |TS  0|AC  0|TAMS 0x00000006ce500000, 0x00000006ce500000|
| 110|0x00000006ce600000, 0x00000006ce600000, 0x00000006ce700000|  0%| F|  |TS  0|AC  0|TAMS 0x00000006ce600000, 0x00000006ce600000|
| 111|0x00000006ce700000, 0x00000006ce700000, 0x00000006ce800000|  0%| F|  |TS  0|AC  0|TAMS 0x00000006ce700000, 0x00000006ce700000|
| 112|0x00000006ce800000, 0x00000006ce800000, 0x00000006ce900000|  0%| F|  |TS  0|AC  0|TAMS 0x00000006ce800000, 0x00000006ce800000|
| 113|0x00000006ce900000, 0x00000006ce900000, 0x00000006cea00000|  0%| F|  |TS  0|AC  0|TAMS 0x00000006ce900000, 0x00000006ce900000|
| 114|0x00000006cea00000, 0x00000006cea00000, 0x00000006ceb00000|  0%| F|  |TS  0|AC  0|TAMS 0x00000006cea00000, 0x00000006cea00000|
| 115|0x00000006ceb00000, 0x00000006ceb00000, 0x00000006cec00000|  0%| F|  |TS  0|AC  0|TAMS 0x00000006ceb00000, 0x00000006ceb00000|
| 116|0x00000006cec00000, 0x00000006cec00000, 0x00000006ced00000|  0%| F|  |TS  0|AC  0|TAMS 0x00000006cec00000, 0x00000006cec00000|
| 117|0x00000006ced00000, 0x00000006ced00000, 0x00000006cee00000|  0%| F|  |TS  0|AC  0|TAMS 0x00000006ced00000, 0x00000006ced00000|
| 118|0x00000006cee00000, 0x00000006cee00000, 0x00000006cef00000|  0%| F|  |TS  0|AC  0|TAMS 0x00000006cee00000, 0x00000006cee00000|
| 119|0x00000006cef00000, 0x00000006cef00000, 0x00000006cf000000|  0%| F|  |TS  0|AC  0|TAMS 0x00000006cef00000, 0x00000006cef00000|
| 120|0x00000006cf000000, 0x00000006cf000000, 0x00000006cf100000|  0%| F|  |TS  0|AC  0|TAMS 0x00000006cf000000, 0x00000006cf000000|
| 121|0x00000006cf100000, 0x00000006cf100000, 0x00000006cf200000|  0%| F|  |TS  0|AC  0|TAMS 0x00000006cf100000, 0x00000006cf100000|
| 122|0x00000006cf200000, 0x00000006cf200000, 0x00000006cf300000|  0%| F|  |TS  0|AC  0|TAMS 0x00000006cf200000, 0x00000006cf200000|
| 123|0x00000006cf300000, 0x00000006cf300000, 0x00000006cf400000|  0%| F|  |TS  0|AC  0|TAMS 0x00000006cf300000, 0x00000006cf300000|
| 124|0x00000006cf400000, 0x00000006cf400000, 0x00000006cf500000|  0%| F|  |TS  0|AC  0|TAMS 0x00000006cf400000, 0x00000006cf400000|
| 125|0x00000006cf500000, 0x00000006cf500000, 0x00000006cf600000|  0%| F|  |TS  0|AC  0|TAMS 0x00000006cf500000, 0x00000006cf500000|
| 126|0x00000006cf600000, 0x00000006cf600000, 0x00000006cf700000|  0%| F|  |TS  0|AC  0|TAMS 0x00000006cf600000, 0x00000006cf600000|
| 127|0x00000006cf700000, 0x00000006cf700000, 0x00000006cf800000|  0%| F|  |TS  0|AC  0|TAMS 0x00000006cf700000, 0x00000006cf700000|
| 128|0x00000006cf800000, 0x00000006cf800000, 0x00000006cf900000|  0%| F|  |TS  0|AC  0|TAMS 0x00000006cf800000, 0x00000006cf800000|
| 129|0x00000006cf900000, 0x00000006cf900000, 0x00000006cfa00000|  0%| F|  |TS  0|AC  0|TAMS 0x00000006cf900000, 0x00000006cf900000|
| 130|0x00000006cfa00000, 0x00000006cfa00000, 0x00000006cfb00000|  0%| F|  |TS  0|AC  0|TAMS 0x00000006cfa00000, 0x00000006cfa00000|
| 131|0x00000006cfb00000, 0x00000006cfb00000, 0x00000006cfc00000|  0%| F|  |TS  0|AC  0|TAMS 0x00000006cfb00000, 0x00000006cfb00000|
| 132|0x00000006cfc00000, 0x00000006cfc00000, 0x00000006cfd00000|  0%| F|  |TS  0|AC  0|TAMS 0x00000006cfc00000, 0x00000006cfc00000|
| 133|0x00000006cfd00000, 0x00000006cfd00000, 0x00000006cfe00000|  0%| F|  |TS  0|AC  0|TAMS 0x00000006cfd00000, 0x00000006cfd00000|
| 134|0x00000006cfe00000, 0x00000006cfe00000, 0x00000006cff00000|  0%| F|  |TS  0|AC  0|TAMS 0x00000006cfe00000, 0x00000006cfe00000|
| 135|0x00000006cff00000, 0x00000006cff00000, 0x00000006d0000000|  0%| F|  |TS  0|AC  0|TAMS 0x00000006cff00000, 0x00000006cff00000|
| 136|0x00000006d0000000, 0x00000006d0000000, 0x00000006d0100000|  0%| F|  |TS  0|AC  0|TAMS 0x00000006d0000000, 0x00000006d0000000|
| 137|0x00000006d0100000, 0x00000006d0100000, 0x00000006d0200000|  0%| F|  |TS  0|AC  0|TAMS 0x00000006d0100000, 0x00000006d0100000|
| 138|0x00000006d0200000, 0x00000006d0200000, 0x00000006d0300000|  0%| F|  |TS  0|AC  0|TAMS 0x00000006d0200000, 0x00000006d0200000|
| 139|0x00000006d0300000, 0x00000006d0300000, 0x00000006d0400000|  0%| F|  |TS  0|AC  0|TAMS 0x00000006d0300000, 0x00000006d0300000|
| 140|0x00000006d0400000, 0x00000006d0400000, 0x00000006d0500000|  0%| F|  |TS  0|AC  0|TAMS 0x00000006d0400000, 0x00000006d0400000|
| 141|0x00000006d0500000, 0x00000006d0500000, 0x00000006d0600000|  0%| F|  |TS  0|AC  0|TAMS 0x00000006d0500000, 0x00000006d0500000|
| 142|0x00000006d0600000, 0x00000006d0600000, 0x00000006d0700000|  0%| F|  |TS  0|AC  0|TAMS 0x00000006d0600000, 0x00000006d0600000|
| 143|0x00000006d0700000, 0x00000006d0700000, 0x00000006d0800000|  0%| F|  |TS  0|AC  0|TAMS 0x00000006d0700000, 0x00000006d0700000|
| 144|0x00000006d0800000, 0x00000006d0800000, 0x00000006d0900000|  0%| F|  |TS  0|AC  0|TAMS 0x00000006d0800000, 0x00000006d0800000|
| 145|0x00000006d0900000, 0x00000006d0900000, 0x00000006d0a00000|  0%| F|  |TS  0|AC  0|TAMS 0x00000006d0900000, 0x00000006d0900000|
| 146|0x00000006d0a00000, 0x00000006d0a00000, 0x00000006d0b00000|  0%| F|  |TS  0|AC  0|TAMS 0x00000006d0a00000, 0x00000006d0a00000|
| 147|0x00000006d0b00000, 0x00000006d0b00000, 0x00000006d0c00000|  0%| F|  |TS  0|AC  0|TAMS 0x00000006d0b00000, 0x00000006d0b00000|
| 148|0x00000006d0c00000, 0x00000006d0c00000, 0x00000006d0d00000|  0%| F|  |TS  0|AC  0|TAMS 0x00000006d0c00000, 0x00000006d0c00000|
| 149|0x00000006d0d00000, 0x00000006d0d00000, 0x00000006d0e00000|  0%| F|  |TS  0|AC  0|TAMS 0x00000006d0d00000, 0x00000006d0d00000|
| 150|0x00000006d0e00000, 0x00000006d0e00000, 0x00000006d0f00000|  0%| F|  |TS  0|AC  0|TAMS 0x00000006d0e00000, 0x00000006d0e00000|
| 151|0x00000006d0f00000, 0x00000006d0f00000, 0x00000006d1000000|  0%| F|  |TS  0|AC  0|TAMS 0x00000006d0f00000, 0x00000006d0f00000|
| 152|0x00000006d1000000, 0x00000006d1000000, 0x00000006d1100000|  0%| F|  |TS  0|AC  0|TAMS 0x00000006d1000000, 0x00000006d1000000|
| 153|0x00000006d1100000, 0x00000006d1100000, 0x00000006d1200000|  0%| F|  |TS  0|AC  0|TAMS 0x00000006d1100000, 0x00000006d1100000|
| 154|0x00000006d1200000, 0x00000006d1200000, 0x00000006d1300000|  0%| F|  |TS  0|AC  0|TAMS 0x00000006d1200000, 0x00000006d1200000|
| 155|0x00000006d1300000, 0x00000006d1300000, 0x00000006d1400000|  0%| F|  |TS  0|AC  0|TAMS 0x00000006d1300000, 0x00000006d1300000|
| 156|0x00000006d1400000, 0x00000006d1400000, 0x00000006d1500000|  0%| F|  |TS  0|AC  0|TAMS 0x00000006d1400000, 0x00000006d1400000|
| 157|0x00000006d1500000, 0x00000006d1500000, 0x00000006d1600000|  0%| F|  |TS  0|AC  0|TAMS 0x00000006d1500000, 0x00000006d1500000|
| 158|0x00000006d1600000, 0x00000006d1600000, 0x00000006d1700000|  0%| F|  |TS  0|AC  0|TAMS 0x00000006d1600000, 0x00000006d1600000|
| 159|0x00000006d1700000, 0x00000006d1700000, 0x00000006d1800000|  0%| F|  |TS  0|AC  0|TAMS 0x00000006d1700000, 0x00000006d1700000|
| 160|0x00000006d1800000, 0x00000006d1800000, 0x00000006d1900000|  0%| F|  |TS  0|AC  0|TAMS 0x00000006d1800000, 0x00000006d1800000|
| 161|0x00000006d1900000, 0x00000006d1900000, 0x00000006d1a00000|  0%| F|  |TS  0|AC  0|TAMS 0x00000006d1900000, 0x00000006d1900000|
| 162|0x00000006d1a00000, 0x00000006d1a00000, 0x00000006d1b00000|  0%| F|  |TS  0|AC  0|TAMS 0x00000006d1a00000, 0x00000006d1a00000|
| 163|0x00000006d1b00000, 0x00000006d1b00000, 0x00000006d1c00000|  0%| F|  |TS  0|AC  0|TAMS 0x00000006d1b00000, 0x00000006d1b00000|
| 164|0x00000006d1c00000, 0x00000006d1c00000, 0x00000006d1d00000|  0%| F|  |TS  0|AC  0|TAMS 0x00000006d1c00000, 0x00000006d1c00000|
| 165|0x00000006d1d00000, 0x00000006d1d00000, 0x00000006d1e00000|  0%| F|  |TS  0|AC  0|TAMS 0x00000006d1d00000, 0x00000006d1d00000|
| 166|0x00000006d1e00000, 0x00000006d1e00000, 0x00000006d1f00000|  0%| F|  |TS  0|AC  0|TAMS 0x00000006d1e00000, 0x00000006d1e00000|
| 167|0x00000006d1f00000, 0x00000006d1f00000, 0x00000006d2000000|  0%| F|  |TS  0|AC  0|TAMS 0x00000006d1f00000, 0x00000006d1f00000|
| 168|0x00000006d2000000, 0x00000006d2000000, 0x00000006d2100000|  0%| F|  |TS  0|AC  0|TAMS 0x00000006d2000000, 0x00000006d2000000|
| 169|0x00000006d2100000, 0x00000006d2100000, 0x00000006d2200000|  0%| F|  |TS  0|AC  0|TAMS 0x00000006d2100000, 0x00000006d2100000|
| 170|0x00000006d2200000, 0x00000006d2200000, 0x00000006d2300000|  0%| F|  |TS  0|AC  0|TAMS 0x00000006d2200000, 0x00000006d2200000|
| 171|0x00000006d2300000, 0x00000006d2300000, 0x00000006d2400000|  0%| F|  |TS  0|AC  0|TAMS 0x00000006d2300000, 0x00000006d2300000|
| 172|0x00000006d2400000, 0x00000006d2400000, 0x00000006d2500000|  0%| F|  |TS  0|AC  0|TAMS 0x00000006d2400000, 0x00000006d2400000|
| 173|0x00000006d2500000, 0x00000006d2500000, 0x00000006d2600000|  0%| F|  |TS  0|AC  0|TAMS 0x00000006d2500000, 0x00000006d2500000|
| 174|0x00000006d2600000, 0x00000006d2600000, 0x00000006d2700000|  0%| F|  |TS  0|AC  0|TAMS 0x00000006d2600000, 0x00000006d2600000|
| 175|0x00000006d2700000, 0x00000006d2700000, 0x00000006d2800000|  0%| F|  |TS  0|AC  0|TAMS 0x00000006d2700000, 0x00000006d2700000|
| 176|0x00000006d2800000, 0x00000006d2800000, 0x00000006d2900000|  0%| F|  |TS  0|AC  0|TAMS 0x00000006d2800000, 0x00000006d2800000|
| 177|0x00000006d2900000, 0x00000006d2900000, 0x00000006d2a00000|  0%| F|  |TS  0|AC  0|TAMS 0x00000006d2900000, 0x00000006d2900000|
| 178|0x00000006d2a00000, 0x00000006d2a00000, 0x00000006d2b00000|  0%| F|  |TS  0|AC  0|TAMS 0x00000006d2a00000, 0x00000006d2a00000|
| 179|0x00000006d2b00000, 0x00000006d2b00000, 0x00000006d2c00000|  0%| F|  |TS  0|AC  0|TAMS 0x00000006d2b00000, 0x00000006d2b00000|
| 180|0x00000006d2c00000, 0x00000006d2c00000, 0x00000006d2d00000|  0%| F|  |TS  0|AC  0|TAMS 0x00000006d2c00000, 0x00000006d2c00000|
| 181|0x00000006d2d00000, 0x00000006d2d00000, 0x00000006d2e00000|  0%| F|  |TS  0|AC  0|TAMS 0x00000006d2d00000, 0x00000006d2d00000|
| 182|0x00000006d2e00000, 0x00000006d2e00000, 0x00000006d2f00000|  0%| F|  |TS  0|AC  0|TAMS 0x00000006d2e00000, 0x00000006d2e00000|
| 183|0x00000006d2f00000, 0x00000006d2f00000, 0x00000006d3000000|  0%| F|  |TS  0|AC  0|TAMS 0x00000006d2f00000, 0x00000006d2f00000|
| 184|0x00000006d3000000, 0x00000006d3000000, 0x00000006d3100000|  0%| F|  |TS  0|AC  0|TAMS 0x00000006d3000000, 0x00000006d3000000|
| 185|0x00000006d3100000, 0x00000006d3100000, 0x00000006d3200000|  0%| F|  |TS  0|AC  0|TAMS 0x00000006d3100000, 0x00000006d3100000|
| 186|0x00000006d3200000, 0x00000006d3200000, 0x00000006d3300000|  0%| F|  |TS  0|AC  0|TAMS 0x00000006d3200000, 0x00000006d3200000|
| 187|0x00000006d3300000, 0x00000006d3300000, 0x00000006d3400000|  0%| F|  |TS  0|AC  0|TAMS 0x00000006d3300000, 0x00000006d3300000|
| 188|0x00000006d3400000, 0x00000006d3400000, 0x00000006d3500000|  0%| F|  |TS  0|AC  0|TAMS 0x00000006d3400000, 0x00000006d3400000|
| 189|0x00000006d3500000, 0x00000006d3500000, 0x00000006d3600000|  0%| F|  |TS  0|AC  0|TAMS 0x00000006d3500000, 0x00000006d3500000|
| 190|0x00000006d3600000, 0x00000006d3600000, 0x00000006d3700000|  0%| F|  |TS  0|AC  0|TAMS 0x00000006d3600000, 0x00000006d3600000|
| 191|0x00000006d3700000, 0x00000006d3700000, 0x00000006d3800000|  0%| F|  |TS  0|AC  0|TAMS 0x00000006d3700000, 0x00000006d3700000|
| 192|0x00000006d3800000, 0x00000006d3800000, 0x00000006d3900000|  0%| F|  |TS  0|AC  0|TAMS 0x00000006d3800000, 0x00000006d3800000|
| 193|0x00000006d3900000, 0x00000006d3900000, 0x00000006d3a00000|  0%| F|  |TS  0|AC  0|TAMS 0x00000006d3900000, 0x00000006d3900000|
| 194|0x00000006d3a00000, 0x00000006d3a00000, 0x00000006d3b00000|  0%| F|  |TS  0|AC  0|TAMS 0x00000006d3a00000, 0x00000006d3a00000|
| 195|0x00000006d3b00000, 0x00000006d3b00000, 0x00000006d3c00000|  0%| F|  |TS  0|AC  0|TAMS 0x00000006d3b00000, 0x00000006d3b00000|
| 196|0x00000006d3c00000, 0x00000006d3c00000, 0x00000006d3d00000|  0%| F|  |TS  0|AC  0|TAMS 0x00000006d3c00000, 0x00000006d3c00000|
| 197|0x00000006d3d00000, 0x00000006d3d00000, 0x00000006d3e00000|  0%| F|  |TS  0|AC  0|TAMS 0x00000006d3d00000, 0x00000006d3d00000|
| 198|0x00000006d3e00000, 0x00000006d3e00000, 0x00000006d3f00000|  0%| F|  |TS  0|AC  0|TAMS 0x00000006d3e00000, 0x00000006d3e00000|
| 199|0x00000006d3f00000, 0x00000006d3f00000, 0x00000006d4000000|  0%| F|  |TS  0|AC  0|TAMS 0x00000006d3f00000, 0x00000006d3f00000|
| 200|0x00000006d4000000, 0x00000006d4000000, 0x00000006d4100000|  0%| F|  |TS  0|AC  0|TAMS 0x00000006d4000000, 0x00000006d4000000|
| 201|0x00000006d4100000, 0x00000006d4100000, 0x00000006d4200000|  0%| F|  |TS  0|AC  0|TAMS 0x00000006d4100000, 0x00000006d4100000|
| 202|0x00000006d4200000, 0x00000006d4200000, 0x00000006d4300000|  0%| F|  |TS  0|AC  0|TAMS 0x00000006d4200000, 0x00000006d4200000|
| 203|0x00000006d4300000, 0x00000006d4300000, 0x00000006d4400000|  0%| F|  |TS  0|AC  0|TAMS 0x00000006d4300000, 0x00000006d4300000|
| 204|0x00000006d4400000, 0x00000006d4400000, 0x00000006d4500000|  0%| F|  |TS  0|AC  0|TAMS 0x00000006d4400000, 0x00000006d4400000|
| 205|0x00000006d4500000, 0x00000006d4500000, 0x00000006d4600000|  0%| F|  |TS  0|AC  0|TAMS 0x00000006d4500000, 0x00000006d4500000|
| 206|0x00000006d4600000, 0x00000006d4600000, 0x00000006d4700000|  0%| F|  |TS  0|AC  0|TAMS 0x00000006d4600000, 0x00000006d4600000|
| 207|0x00000006d4700000, 0x00000006d4700000, 0x00000006d4800000|  0%| F|  |TS  0|AC  0|TAMS 0x00000006d4700000, 0x00000006d4700000|
| 208|0x00000006d4800000, 0x00000006d4800000, 0x00000006d4900000|  0%| F|  |TS  0|AC  0|TAMS 0x00000006d4800000, 0x00000006d4800000|
| 209|0x00000006d4900000, 0x00000006d4900000, 0x00000006d4a00000|  0%| F|  |TS  0|AC  0|TAMS 0x00000006d4900000, 0x00000006d4900000|
| 210|0x00000006d4a00000, 0x00000006d4a00000, 0x00000006d4b00000|  0%| F|  |TS  0|AC  0|TAMS 0x00000006d4a00000, 0x00000006d4a00000|
| 211|0x00000006d4b00000, 0x00000006d4b00000, 0x00000006d4c00000|  0%| F|  |TS  0|AC  0|TAMS 0x00000006d4b00000, 0x00000006d4b00000|
| 212|0x00000006d4c00000, 0x00000006d4c00000, 0x00000006d4d00000|  0%| F|  |TS  0|AC  0|TAMS 0x00000006d4c00000, 0x00000006d4c00000|
| 213|0x00000006d4d00000, 0x00000006d4d00000, 0x00000006d4e00000|  0%| F|  |TS  0|AC  0|TAMS 0x00000006d4d00000, 0x00000006d4d00000|
| 214|0x00000006d4e00000, 0x00000006d4e00000, 0x00000006d4f00000|  0%| F|  |TS  0|AC  0|TAMS 0x00000006d4e00000, 0x00000006d4e00000|
| 215|0x00000006d4f00000, 0x00000006d4f00000, 0x00000006d5000000|  0%| F|  |TS  0|AC  0|TAMS 0x00000006d4f00000, 0x00000006d4f00000|
| 216|0x00000006d5000000, 0x00000006d5000000, 0x00000006d5100000|  0%| F|  |TS  0|AC  0|TAMS 0x00000006d5000000, 0x00000006d5000000|
| 217|0x00000006d5100000, 0x00000006d5100000, 0x00000006d5200000|  0%| F|  |TS  0|AC  0|TAMS 0x00000006d5100000, 0x00000006d5100000|
| 218|0x00000006d5200000, 0x00000006d5200000, 0x00000006d5300000|  0%| F|  |TS  0|AC  0|TAMS 0x00000006d5200000, 0x00000006d5200000|
| 219|0x00000006d5300000, 0x00000006d5300000, 0x00000006d5400000|  0%| F|  |TS  0|AC  0|TAMS 0x00000006d5300000, 0x00000006d5300000|
| 220|0x00000006d5400000, 0x00000006d5400000, 0x00000006d5500000|  0%| F|  |TS  0|AC  0|TAMS 0x00000006d5400000, 0x00000006d5400000|
| 221|0x00000006d5500000, 0x00000006d5500000, 0x00000006d5600000|  0%| F|  |TS  0|AC  0|TAMS 0x00000006d5500000, 0x00000006d5500000|
| 222|0x00000006d5600000, 0x00000006d5600000, 0x00000006d5700000|  0%| F|  |TS  0|AC  0|TAMS 0x00000006d5600000, 0x00000006d5600000|
| 223|0x00000006d5700000, 0x00000006d5700000, 0x00000006d5800000|  0%| F|  |TS  0|AC  0|TAMS 0x00000006d5700000, 0x00000006d5700000|
| 224|0x00000006d5800000, 0x00000006d5800000, 0x00000006d5900000|  0%| F|  |TS  0|AC  0|TAMS 0x00000006d5800000, 0x00000006d5800000|
| 225|0x00000006d5900000, 0x00000006d5900000, 0x00000006d5a00000|  0%| F|  |TS  0|AC  0|TAMS 0x00000006d5900000, 0x00000006d5900000|
| 226|0x00000006d5a00000, 0x00000006d5a00000, 0x00000006d5b00000|  0%| F|  |TS  0|AC  0|TAMS 0x00000006d5a00000, 0x00000006d5a00000|
| 227|0x00000006d5b00000, 0x00000006d5b00000, 0x00000006d5c00000|  0%| F|  |TS  0|AC  0|TAMS 0x00000006d5b00000, 0x00000006d5b00000|
| 228|0x00000006d5c00000, 0x00000006d5c00000, 0x00000006d5d00000|  0%| F|  |TS  0|AC  0|TAMS 0x00000006d5c00000, 0x00000006d5c00000|
| 229|0x00000006d5d00000, 0x00000006d5d00000, 0x00000006d5e00000|  0%| F|  |TS  0|AC  0|TAMS 0x00000006d5d00000, 0x00000006d5d00000|
| 230|0x00000006d5e00000, 0x00000006d5e00000, 0x00000006d5f00000|  0%| F|  |TS  0|AC  0|TAMS 0x00000006d5e00000, 0x00000006d5e00000|
| 231|0x00000006d5f00000, 0x00000006d5f00000, 0x00000006d6000000|  0%| F|  |TS  0|AC  0|TAMS 0x00000006d5f00000, 0x00000006d5f00000|
| 232|0x00000006d6000000, 0x00000006d6000000, 0x00000006d6100000|  0%| F|  |TS  0|AC  0|TAMS 0x00000006d6000000, 0x00000006d6000000|
| 233|0x00000006d6100000, 0x00000006d6100000, 0x00000006d6200000|  0%| F|  |TS  0|AC  0|TAMS 0x00000006d6100000, 0x00000006d6100000|
| 234|0x00000006d6200000, 0x00000006d6200000, 0x00000006d6300000|  0%| F|  |TS  0|AC  0|TAMS 0x00000006d6200000, 0x00000006d6200000|
| 235|0x00000006d6300000, 0x00000006d6300000, 0x00000006d6400000|  0%| F|  |TS  0|AC  0|TAMS 0x00000006d6300000, 0x00000006d6300000|
| 236|0x00000006d6400000, 0x00000006d6493668, 0x00000006d6500000| 57%| E|  |TS  0|AC  0|TAMS 0x00000006d6400000, 0x00000006d6400000|
| 237|0x00000006d6500000, 0x00000006d6600000, 0x00000006d6600000|100%| E|CS|TS  0|AC  0|TAMS 0x00000006d6500000, 0x00000006d6500000|
| 238|0x00000006d6600000, 0x00000006d6700000, 0x00000006d6700000|100%| E|CS|TS  0|AC  0|TAMS 0x00000006d6600000, 0x00000006d6600000|
| 239|0x00000006d6700000, 0x00000006d6800000, 0x00000006d6800000|100%| E|CS|TS  0|AC  0|TAMS 0x00000006d6700000, 0x00000006d6700000|
| 240|0x00000006d6800000, 0x00000006d6900000, 0x00000006d6900000|100%| E|CS|TS  0|AC  0|TAMS 0x00000006d6800000, 0x00000006d6800000|
| 241|0x00000006d6900000, 0x00000006d6a00000, 0x00000006d6a00000|100%| E|CS|TS  0|AC  0|TAMS 0x00000006d6900000, 0x00000006d6900000|
| 242|0x00000006d6a00000, 0x00000006d6b00000, 0x00000006d6b00000|100%| E|CS|TS  0|AC  0|TAMS 0x00000006d6a00000, 0x00000006d6a00000|
| 243|0x00000006d6b00000, 0x00000006d6c00000, 0x00000006d6c00000|100%| E|CS|TS  0|AC  0|TAMS 0x00000006d6b00000, 0x00000006d6b00000|
| 244|0x00000006d6c00000, 0x00000006d6d00000, 0x00000006d6d00000|100%| E|CS|TS  0|AC  0|TAMS 0x00000006d6c00000, 0x00000006d6c00000|
| 245|0x00000006d6d00000, 0x00000006d6e00000, 0x00000006d6e00000|100%| E|CS|TS  0|AC  0|TAMS 0x00000006d6d00000, 0x00000006d6d00000|
| 246|0x00000006d6e00000, 0x00000006d6f00000, 0x00000006d6f00000|100%| E|CS|TS  0|AC  0|TAMS 0x00000006d6e00000, 0x00000006d6e00000|
| 247|0x00000006d6f00000, 0x00000006d7000000, 0x00000006d7000000|100%| E|CS|TS  0|AC  0|TAMS 0x00000006d6f00000, 0x00000006d6f00000|
| 248|0x00000006d7000000, 0x00000006d7100000, 0x00000006d7100000|100%| E|CS|TS  0|AC  0|TAMS 0x00000006d7000000, 0x00000006d7000000|
| 249|0x00000006d7100000, 0x00000006d7200000, 0x00000006d7200000|100%| E|CS|TS  0|AC  0|TAMS 0x00000006d7100000, 0x00000006d7100000|

Card table byte_map: [0x00007f50e2b9d000,0x00007f50e3361000] byte_map_base: 0x00007f50df561000

Marking Bits (Prev, Next): (CMBitMap*) 0x00007f50fc07b910, (CMBitMap*) 0x00007f50fc07b948
 Prev Bits: [0x00007f50d01e0000, 0x00007f50d4000000)
 Next Bits: [0x00007f50c81e0000, 0x00007f50cc000000)

Polling page: 0x00007f5104f61000

CodeHeap 'non-profiled nmethods': size=120032Kb used=159Kb max_used=159Kb free=119872Kb
 bounds [0x00007f50eb5ed000, 0x00007f50eb85d000, 0x00007f50f2b25000]
CodeHeap 'profiled nmethods': size=120032Kb used=899Kb max_used=899Kb free=119133Kb
 bounds [0x00007f50e40b5000, 0x00007f50e4325000, 0x00007f50eb5ed000]
CodeHeap 'non-nmethods': size=5696Kb used=1044Kb max_used=1056Kb free=4651Kb
 bounds [0x00007f50e3b25000, 0x00007f50e3d95000, 0x00007f50e40b5000]
 total_blobs=992 nmethods=516 adapters=263
 compilation: enabled

Compilation events (10 events):
Event: 0,597 Thread 0x00007f50fc212800  513       3       sun.invoke.util.Wrapper::forBasicType (16 bytes)
Event: 0,597 Thread 0x00007f50fc212800 nmethod 513 0x00007f50e4193490 code [0x00007f50e4193660, 0x00007f50e4193848]
Event: 0,597 Thread 0x00007f50fc212800  515       3       sun.invoke.util.BytecodeDescriptor::unparseSig (75 bytes)
Event: 0,598 Thread 0x00007f50fc212800 nmethod 515 0x00007f50e4193910 code [0x00007f50e4193b80, 0x00007f50e4194358]
Event: 0,598 Thread 0x00007f50fc212800  514       3       java.lang.Object::equals (11 bytes)
Event: 0,600 Thread 0x00007f50fc212800 nmethod 514 0x00007f50e4194690 code [0x00007f50e4194840, 0x00007f50e41949f0]
Event: 0,600 Thread 0x00007f50fc212800  516       3       jdk.internal.org.objectweb.asm.MethodWriter::visitInsn (114 bytes)
Event: 0,600 Thread 0x00007f50fc212800 nmethod 516 0x00007f50e4194a90 code [0x00007f50e4194c80, 0x00007f50e41950e8]
Event: 2,056 Thread 0x00007f50fc212800  517       3       java.lang.StringLatin1::indexOf (121 bytes)
Event: 2,057 Thread 0x00007f50fc212800 nmethod 517 0x00007f50e4195290 code [0x00007f50e4195480, 0x00007f50e4195990]

GC Heap History (0 events):
No events

Deoptimization events (6 events):
Event: 0,169 Thread 0x00007f50fc013000 Uncommon trap: reason=unstable_if action=reinterpret pc=0x00007f50eb5f4f6c method=java.lang.String.hashCode()I @ 14 c2
Event: 0,591 Thread 0x00007f50fc013000 Uncommon trap: reason=unstable_if action=reinterpret pc=0x00007f50eb60a03c method=java.lang.StringLatin1.indexOf([BI[BII)I @ 91 c2
Event: 0,594 Thread 0x00007f50fc013000 Uncommon trap: reason=unstable_if action=reinterpret pc=0x00007f50eb5fd290 method=java.lang.String.isLatin1()Z @ 10 c2
Event: 0,595 Thread 0x00007f50fc013000 Uncommon trap: reason=unstable_if action=reinterpret pc=0x00007f50eb5f3878 method=java.lang.String.isLatin1()Z @ 10 c2
Event: 0,595 Thread 0x00007f50fc013000 Uncommon trap: reason=unstable_if action=reinterpret pc=0x00007f50eb61142c method=java.lang.AbstractStringBuilder.putStringAt(ILjava/lang/String;)V @ 8 c2
Event: 0,595 Thread 0x00007f50fc013000 Uncommon trap: reason=unstable_if action=reinterpret pc=0x00007f50eb610940 method=java.lang.AbstractStringBuilder.putStringAt(ILjava/lang/String;)V @ 8 c2

Classes redefined (0 events):
No events

Internal exceptions (10 events):
Event: 0,468 Thread 0x00007f50fc013000 Exception <a 'java/lang/NoSuchMethodError'{0x00000006d672af88}: java.lang.invoke.DelegatingMethodHandle$Holder.delegate(Ljava/lang/Object;Ljava/lang/Object;ILjava/lang/Object;)V> (0x00000006d672af88) thrown at [/build/openjdk-lts-HXybSI/openjdk-lts-10.0.2
Event: 0,469 Thread 0x00007f50fc013000 Exception <a 'java/lang/NoSuchMethodError'{0x00000006d672e7f8}: java.lang.invoke.DirectMethodHandle$Holder.invokeStatic(Ljava/lang/Object;Ljava/lang/Object;)I> (0x00000006d672e7f8) thrown at [/build/openjdk-lts-HXybSI/openjdk-lts-10.0.2+13/src/hotspot/sha
Event: 0,469 Thread 0x00007f50fc013000 Exception <a 'java/lang/NoSuchMethodError'{0x00000006d6731ea0}: method resolution failed> (0x00000006d6731ea0) thrown at [/build/openjdk-lts-HXybSI/openjdk-lts-10.0.2+13/src/hotspot/share/prims/methodHandles.cpp, line 1226]
Event: 0,471 Thread 0x00007f50fc013000 Exception <a 'java/lang/NoSuchMethodError'{0x00000006d673ac70}: java.lang.invoke.Invokers$Holder.invokeExact_MT(Ljava/lang/Object;Ljava/lang/Object;Ljava/lang/Object;Ljava/lang/Object;Ljava/lang/Object;Ljava/lang/Object;Ljava/lang/Object;)Ljava/lang/Objec
Event: 0,493 Thread 0x00007f50fc013000 Exception <a 'java/lang/NoSuchMethodError'{0x00000006d6777910}: java.lang.invoke.DirectMethodHandle$Holder.invokeStatic(Ljava/lang/Object;Ljava/lang/Object;Ljava/lang/Object;)I> (0x00000006d6777910) thrown at [/build/openjdk-lts-HXybSI/openjdk-lts-10.0.2+
Event: 0,494 Thread 0x00007f50fc013000 Exception <a 'java/lang/NoSuchMethodError'{0x00000006d677d0a0}: java.lang.invoke.DirectMethodHandle$Holder.invokeSpecial(Ljava/lang/Object;Ljava/lang/Object;Ljava/lang/Object;Ljava/lang/Object;Ljava/lang/Object;Ljava/lang/Object;Ljava/lang/Object;Ljava/la
Event: 0,494 Thread 0x00007f50fc013000 Exception <a 'java/lang/NoSuchMethodError'{0x00000006d6781460}: java.lang.invoke.Invokers$Holder.invoke_MT(Ljava/lang/Object;Ljava/lang/Object;Ljava/lang/Object;Ljava/lang/Object;Ljava/lang/Object;Ljava/lang/Object;Ljava/lang/Object;Ljava/lang/Object;Ljav
Event: 0,581 Thread 0x00007f50fc013000 Exception <a 'java/lang/NoSuchMethodError'{0x00000006d65d2e90}: java.lang.Object.lambda$negate$3(I)Z> (0x00000006d65d2e90) thrown at [/build/openjdk-lts-HXybSI/openjdk-lts-10.0.2+13/src/hotspot/share/interpreter/linkResolver.cpp, line 741]
Event: 0,582 Thread 0x00007f50fc013000 Exception <a 'java/lang/NoSuchMethodError'{0x00000006d65d61b0}: java.lang.Object.lambda$and$0(Ljava/util/regex/Pattern$CharPredicate;I)Z> (0x00000006d65d61b0) thrown at [/build/openjdk-lts-HXybSI/openjdk-lts-10.0.2+13/src/hotspot/share/interpreter/linkRes
Event: 0,597 Thread 0x00007f50fc013000 Exception <a 'java/lang/NoSuchMethodError'{0x00000006d644bd88}: java.lang.Object.lambda$union$2(Ljava/util/regex/Pattern$CharPredicate;I)Z> (0x00000006d644bd88) thrown at [/build/openjdk-lts-HXybSI/openjdk-lts-10.0.2+13/src/hotspot/share/interpreter/linkR

Events (10 events):
Event: 0,598 loading class java/util/regex/Pattern$Branch
Event: 0,598 loading class java/util/regex/Pattern$Branch done
Event: 0,598 loading class java/util/regex/Pattern$Dollar
Event: 0,598 loading class java/util/regex/Pattern$Dollar done
Event: 2,056 loading class gnu/io/SerialPortEvent
Event: 2,056 loading class gnu/io/SerialPortEvent done
Event: 2,057 loading class java/util/EventObject
Event: 2,057 loading class java/util/EventObject done
Event: 2,057 Executing VM operation: RevokeBias
Event: 2,058 Executing VM operation: RevokeBias done


Dynamic libraries:
6c7800000-6d7200000 rw-p 00000000 00:00 0 
6d7200000-7c0000000 ---p 00000000 00:00 0 
7c0000000-7c0140000 rw-p 00000000 00:00 0 
7c0140000-800000000 ---p 00000000 00:00 0 
5572bd389000-5572bd38a000 r-xp 00000000 08:05 795297                     /usr/lib/jvm/java-11-openjdk-amd64/bin/java
5572bd58a000-5572bd58b000 r--p 00001000 08:05 795297                     /usr/lib/jvm/java-11-openjdk-amd64/bin/java
5572bd58b000-5572bd58c000 rw-p 00002000 08:05 795297                     /usr/lib/jvm/java-11-openjdk-amd64/bin/java
5572bd62e000-5572bd64f000 rw-p 00000000 00:00 0                          [heap]
7f5070000000-7f5070021000 rw-p 00000000 00:00 0 
7f5070021000-7f5074000000 ---p 00000000 00:00 0 
7f5078000000-7f5078021000 rw-p 00000000 00:00 0 
7f5078021000-7f507c000000 ---p 00000000 00:00 0 
7f507c000000-7f507c021000 rw-p 00000000 00:00 0 
7f507c021000-7f5080000000 ---p 00000000 00:00 0 
7f5080000000-7f5080021000 rw-p 00000000 00:00 0 
7f5080021000-7f5084000000 ---p 00000000 00:00 0 
7f5084000000-7f508402d000 rw-p 00000000 00:00 0 
7f508402d000-7f5088000000 ---p 00000000 00:00 0 
7f5088000000-7f5088124000 rw-p 00000000 00:00 0 
7f5088124000-7f508c000000 ---p 00000000 00:00 0 
7f508c000000-7f508c021000 rw-p 00000000 00:00 0 
7f508c021000-7f5090000000 ---p 00000000 00:00 0 
7f5090000000-7f50900e3000 rw-p 00000000 00:00 0 
7f50900e3000-7f5094000000 ---p 00000000 00:00 0 
7f5094000000-7f5094187000 rw-p 00000000 00:00 0 
7f5094187000-7f5098000000 ---p 00000000 00:00 0 
7f5098000000-7f5098021000 rw-p 00000000 00:00 0 
7f5098021000-7f509c000000 ---p 00000000 00:00 0 
7f509c000000-7f509c021000 rw-p 00000000 00:00 0 
7f509c021000-7f50a0000000 ---p 00000000 00:00 0 
7f50a0000000-7f50a0021000 rw-p 00000000 00:00 0 
7f50a0021000-7f50a4000000 ---p 00000000 00:00 0 
7f50a4000000-7f50a4021000 rw-p 00000000 00:00 0 
7f50a4021000-7f50a8000000 ---p 00000000 00:00 0 
7f50a8000000-7f50a8021000 rw-p 00000000 00:00 0 
7f50a8021000-7f50ac000000 ---p 00000000 00:00 0 
7f50ac000000-7f50ac021000 rw-p 00000000 00:00 0 
7f50ac021000-7f50b0000000 ---p 00000000 00:00 0 
7f50b15e6000-7f50b15ea000 ---p 00000000 00:00 0 
7f50b15ea000-7f50b18a7000 rw-p 00000000 00:00 0 
7f50b18a7000-7f50b18e7000 ---p 00000000 00:00 0 
7f50b18e7000-7f50b18e8000 r-xp 00000000 08:05 795525                     /usr/lib/jvm/java-11-openjdk-amd64/lib/libextnet.so
7f50b18e8000-7f50b1ae7000 ---p 00001000 08:05 795525                     /usr/lib/jvm/java-11-openjdk-amd64/lib/libextnet.so
7f50b1ae7000-7f50b1ae8000 r--p 00000000 08:05 795525                     /usr/lib/jvm/java-11-openjdk-amd64/lib/libextnet.so
7f50b1ae8000-7f50b1ae9000 rw-p 00001000 08:05 795525                     /usr/lib/jvm/java-11-openjdk-amd64/lib/libextnet.so
7f50b1ae9000-7f50b1af6000 r-xp 00000000 08:05 800812                     /usr/lib/jvm/java-11-openjdk-amd64/lib/librxtxSerial.so
7f50b1af6000-7f50b1cf5000 ---p 0000d000 08:05 800812                     /usr/lib/jvm/java-11-openjdk-amd64/lib/librxtxSerial.so
7f50b1cf5000-7f50b1cf6000 rw-p 0000c000 08:05 800812                     /usr/lib/jvm/java-11-openjdk-amd64/lib/librxtxSerial.so
7f50b1cf6000-7f50b1cf7000 ---p 00000000 00:00 0 
7f50b1cf7000-7f50b1df8000 rw-p 00000000 00:00 0 
7f50b1df8000-7f50b1dfc000 ---p 00000000 00:00 0 
7f50b1dfc000-7f50b1ef9000 rw-p 00000000 00:00 0 
7f50b1ef9000-7f50b1efd000 ---p 00000000 00:00 0 
7f50b1efd000-7f50b1ffa000 rw-p 00000000 00:00 0 
7f50b1ffa000-7f50b2011000 r-xp 00000000 08:05 795544                     /usr/lib/jvm/java-11-openjdk-amd64/lib/libnet.so
7f50b2011000-7f50b2210000 ---p 00017000 08:05 795544                     /usr/lib/jvm/java-11-openjdk-amd64/lib/libnet.so
7f50b2210000-7f50b2211000 r--p 00016000 08:05 795544                     /usr/lib/jvm/java-11-openjdk-amd64/lib/libnet.so
7f50b2211000-7f50b2212000 rw-p 00017000 08:05 795544                     /usr/lib/jvm/java-11-openjdk-amd64/lib/libnet.so
7f50b2212000-7f50b2223000 r-xp 00000000 08:05 795545                     /usr/lib/jvm/java-11-openjdk-amd64/lib/libnio.so
7f50b2223000-7f50b2422000 ---p 00011000 08:05 795545                     /usr/lib/jvm/java-11-openjdk-amd64/lib/libnio.so
7f50b2422000-7f50b2423000 r--p 00010000 08:05 795545                     /usr/lib/jvm/java-11-openjdk-amd64/lib/libnio.so
7f50b2423000-7f50b2424000 rw-p 00011000 08:05 795545                     /usr/lib/jvm/java-11-openjdk-amd64/lib/libnio.so
7f50b2424000-7f50b2428000 ---p 00000000 00:00 0 
7f50b2428000-7f50b2525000 rw-p 00000000 00:00 0 
7f50b2525000-7f50b2529000 ---p 00000000 00:00 0 
7f50b2529000-7f50b2626000 rw-p 00000000 00:00 0 
7f50b2626000-7f50b262a000 ---p 00000000 00:00 0 
7f50b262a000-7f50b2727000 rw-p 00000000 00:00 0 
7f50b2727000-7f50b272b000 ---p 00000000 00:00 0 
7f50b272b000-7f50b2828000 rw-p 00000000 00:00 0 
7f50b2828000-7f50b282c000 ---p 00000000 00:00 0 
7f50b282c000-7f50b2929000 rw-p 00000000 00:00 0 
7f50b2929000-7f50b292d000 ---p 00000000 00:00 0 
7f50b292d000-7f50b2a2a000 rw-p 00000000 00:00 0 
7f50b2a2a000-7f50b33fa000 r--p 00000000 08:05 660933                     /usr/lib/locale/locale-archive
7f50b33fa000-7f50b33fe000 ---p 00000000 00:00 0 
7f50b33fe000-7f50b34fb000 rw-p 00000000 00:00 0 
7f50b34fb000-7f50b34ff000 ---p 00000000 00:00 0 
7f50b34ff000-7f50b35fc000 rw-p 00000000 00:00 0 
7f50b35fc000-7f50b35fd000 ---p 00000000 00:00 0 
7f50b35fd000-7f50b3efe000 rw-p 00000000 00:00 0 
7f50b3efe000-7f50b3eff000 ---p 00000000 00:00 0 
7f50b3eff000-7f50b4000000 rw-p 00000000 00:00 0 
7f50b4000000-7f50b4021000 rw-p 00000000 00:00 0 
7f50b4021000-7f50b8000000 ---p 00000000 00:00 0 
7f50b8000000-7f50b8021000 rw-p 00000000 00:00 0 
7f50b8021000-7f50bc000000 ---p 00000000 00:00 0 
7f50bc000000-7f50bc021000 rw-p 00000000 00:00 0 
7f50bc021000-7f50c0000000 ---p 00000000 00:00 0 
7f50c0000000-7f50c0021000 rw-p 00000000 00:00 0 
7f50c0021000-7f50c4000000 ---p 00000000 00:00 0 
7f50c4000000-7f50c4021000 rw-p 00000000 00:00 0 
7f50c4021000-7f50c8000000 ---p 00000000 00:00 0 
7f50c80de000-7f50c80df000 ---p 00000000 00:00 0 
7f50c80df000-7f50c85c8000 rw-p 00000000 00:00 0 
7f50c85c8000-7f50cc000000 ---p 00000000 00:00 0 
7f50cc000000-7f50cc021000 rw-p 00000000 00:00 0 
7f50cc021000-7f50d0000000 ---p 00000000 00:00 0 
7f50d00de000-7f50d00df000 ---p 00000000 00:00 0 
7f50d00df000-7f50d05c8000 rw-p 00000000 00:00 0 
7f50d05c8000-7f50d4000000 ---p 00000000 00:00 0 
7f50d4000000-7f50d4021000 rw-p 00000000 00:00 0 
7f50d4021000-7f50d8000000 ---p 00000000 00:00 0 
7f50d8000000-7f50d8021000 rw-p 00000000 00:00 0 
7f50d8021000-7f50dc000000 ---p 00000000 00:00 0 
7f50dc000000-7f50dc021000 rw-p 00000000 00:00 0 
7f50dc021000-7f50e0000000 ---p 00000000 00:00 0 
7f50e0003000-7f50e00d4000 rw-p 00000000 00:00 0 
7f50e00d4000-7f50e00d5000 ---p 00000000 00:00 0 
7f50e00d5000-7f50e01d6000 rw-p 00000000 00:00 0 
7f50e01d6000-7f50e01d7000 ---p 00000000 00:00 0 
7f50e01d7000-7f50e2456000 rw-p 00000000 00:00 0 
7f50e2456000-7f50e2b9d000 ---p 00000000 00:00 0 
7f50e2b9d000-7f50e2c1a000 rw-p 00000000 00:00 0 
7f50e2c1a000-7f50e3361000 ---p 00000000 00:00 0 
7f50e3361000-7f50e33de000 rw-p 00000000 00:00 0 
7f50e33de000-7f50e3b25000 ---p 00000000 00:00 0 
7f50e3b25000-7f50e3d95000 rwxp 00000000 00:00 0 
7f50e3d95000-7f50e40b5000 ---p 00000000 00:00 0 
7f50e40b5000-7f50e4325000 rwxp 00000000 00:00 0 
7f50e4325000-7f50eb5ed000 ---p 00000000 00:00 0 
7f50eb5ed000-7f50eb85d000 rwxp 00000000 00:00 0 
7f50eb85d000-7f50f2b25000 ---p 00000000 00:00 0 
7f50f2b25000-7f50fc000000 r--s 00000000 08:05 795554                     /usr/lib/jvm/java-11-openjdk-amd64/lib/modules
7f50fc000000-7f50fdea4000 rw-p 00000000 00:00 0 
7f50fdea4000-7f5100000000 ---p 00000000 00:00 0 
7f510005a000-7f510035d000 rw-p 00000000 00:00 0 
7f510035d000-7f510035e000 ---p 00000000 00:00 0 
7f510035e000-7f510045f000 rw-p 00000000 00:00 0 
7f510045f000-7f5100460000 ---p 00000000 00:00 0 
7f5100460000-7f5100a5e000 rw-p 00000000 00:00 0 
7f5100a5e000-7f5100a5f000 ---p 00000000 00:00 0 
7f5100a5f000-7f5100b60000 rw-p 00000000 00:00 0 
7f5100b60000-7f5100b61000 ---p 00000000 00:00 0 
7f5100b61000-7f5100c62000 rw-p 00000000 00:00 0 
7f5100c62000-7f5100c63000 ---p 00000000 00:00 0 
7f5100c63000-7f5100d64000 rw-p 00000000 00:00 0 
7f5100d64000-7f5100d65000 ---p 00000000 00:00 0 
7f5100d65000-7f5100e6b000 rw-p 00000000 00:00 0 
7f5100e6b000-7f5100f51000 ---p 00000000 00:00 0 
7f5100f51000-7f5100f56000 rw-p 00000000 00:00 0 
7f5100f56000-7f510103c000 ---p 00000000 00:00 0 
7f510103c000-7f5101041000 r-xp 00000000 08:05 795536                     /usr/lib/jvm/java-11-openjdk-amd64/lib/libjimage.so
7f5101041000-7f5101240000 ---p 00005000 08:05 795536                     /usr/lib/jvm/java-11-openjdk-amd64/lib/libjimage.so
7f5101240000-7f5101241000 r--p 00004000 08:05 795536                     /usr/lib/jvm/java-11-openjdk-amd64/lib/libjimage.so
7f5101241000-7f5101242000 rw-p 00005000 08:05 795536                     /usr/lib/jvm/java-11-openjdk-amd64/lib/libjimage.so
7f5101242000-7f5101249000 r-xp 00000000 08:05 795553                     /usr/lib/jvm/java-11-openjdk-amd64/lib/libzip.so
7f5101249000-7f5101448000 ---p 00007000 08:05 795553                     /usr/lib/jvm/java-11-openjdk-amd64/lib/libzip.so
7f5101448000-7f5101449000 r--p 00006000 08:05 795553                     /usr/lib/jvm/java-11-openjdk-amd64/lib/libzip.so
7f5101449000-7f510144a000 rw-p 00007000 08:05 795553                     /usr/lib/jvm/java-11-openjdk-amd64/lib/libzip.so
7f510144a000-7f5101455000 r-xp 00000000 08:05 2360332                    /lib/x86_64-linux-gnu/libnss_files-2.27.so
7f5101455000-7f5101654000 ---p 0000b000 08:05 2360332                    /lib/x86_64-linux-gnu/libnss_files-2.27.so
7f5101654000-7f5101655000 r--p 0000a000 08:05 2360332                    /lib/x86_64-linux-gnu/libnss_files-2.27.so
7f5101655000-7f5101656000 rw-p 0000b000 08:05 2360332                    /lib/x86_64-linux-gnu/libnss_files-2.27.so
7f5101656000-7f510165c000 rw-p 00000000 00:00 0 
7f510165c000-7f5101673000 r-xp 00000000 08:05 2360326                    /lib/x86_64-linux-gnu/libnsl-2.27.so
7f5101673000-7f5101872000 ---p 00017000 08:05 2360326                    /lib/x86_64-linux-gnu/libnsl-2.27.so
7f5101872000-7f5101873000 r--p 00016000 08:05 2360326                    /lib/x86_64-linux-gnu/libnsl-2.27.so
7f5101873000-7f5101874000 rw-p 00017000 08:05 2360326                    /lib/x86_64-linux-gnu/libnsl-2.27.so
7f5101874000-7f5101876000 rw-p 00000000 00:00 0 
7f5101876000-7f5101881000 r-xp 00000000 08:05 2360343                    /lib/x86_64-linux-gnu/libnss_nis-2.27.so
7f5101881000-7f5101a80000 ---p 0000b000 08:05 2360343                    /lib/x86_64-linux-gnu/libnss_nis-2.27.so
7f5101a80000-7f5101a81000 r--p 0000a000 08:05 2360343                    /lib/x86_64-linux-gnu/libnss_nis-2.27.so
7f5101a81000-7f5101a82000 rw-p 0000b000 08:05 2360343                    /lib/x86_64-linux-gnu/libnss_nis-2.27.so
7f5101a82000-7f5101a8a000 r-xp 00000000 08:05 2360328                    /lib/x86_64-linux-gnu/libnss_compat-2.27.so
7f5101a8a000-7f5101c8a000 ---p 00008000 08:05 2360328                    /lib/x86_64-linux-gnu/libnss_compat-2.27.so
7f5101c8a000-7f5101c8b000 r--p 00008000 08:05 2360328                    /lib/x86_64-linux-gnu/libnss_compat-2.27.so
7f5101c8b000-7f5101c8c000 rw-p 00009000 08:05 2360328                    /lib/x86_64-linux-gnu/libnss_compat-2.27.so
7f5101c8c000-7f5101c96000 r-xp 00000000 08:05 795527                     /usr/lib/jvm/java-11-openjdk-amd64/lib/libinstrument.so
7f5101c96000-7f5101e95000 ---p 0000a000 08:05 795527                     /usr/lib/jvm/java-11-openjdk-amd64/lib/libinstrument.so
7f5101e95000-7f5101e96000 r--p 00009000 08:05 795527                     /usr/lib/jvm/java-11-openjdk-amd64/lib/libinstrument.so
7f5101e96000-7f5101e97000 rw-p 0000a000 08:05 795527                     /usr/lib/jvm/java-11-openjdk-amd64/lib/libinstrument.so
7f5101e97000-7f5101ec3000 r-xp 00000000 08:05 795532                     /usr/lib/jvm/java-11-openjdk-amd64/lib/libjava.so
7f5101ec3000-7f51020c2000 ---p 0002c000 08:05 795532                     /usr/lib/jvm/java-11-openjdk-amd64/lib/libjava.so
7f51020c2000-7f51020c3000 r--p 0002b000 08:05 795532                     /usr/lib/jvm/java-11-openjdk-amd64/lib/libjava.so
7f51020c3000-7f51020c5000 rw-p 0002c000 08:05 795532                     /usr/lib/jvm/java-11-openjdk-amd64/lib/libjava.so
7f51020c5000-7f51020d2000 r-xp 00000000 08:05 795552                     /usr/lib/jvm/java-11-openjdk-amd64/lib/libverify.so
7f51020d2000-7f51022d1000 ---p 0000d000 08:05 795552                     /usr/lib/jvm/java-11-openjdk-amd64/lib/libverify.so
7f51022d1000-7f51022d3000 r--p 0000c000 08:05 795552                     /usr/lib/jvm/java-11-openjdk-amd64/lib/libverify.so
7f51022d3000-7f51022d4000 rw-p 0000e000 08:05 795552                     /usr/lib/jvm/java-11-openjdk-amd64/lib/libverify.so
7f51022d4000-7f51022db000 r-xp 00000000 08:05 2360383                    /lib/x86_64-linux-gnu/librt-2.27.so
7f51022db000-7f51024da000 ---p 00007000 08:05 2360383                    /lib/x86_64-linux-gnu/librt-2.27.so
7f51024da000-7f51024db000 r--p 00006000 08:05 2360383                    /lib/x86_64-linux-gnu/librt-2.27.so
7f51024db000-7f51024dc000 rw-p 00007000 08:05 2360383                    /lib/x86_64-linux-gnu/librt-2.27.so
7f51024dc000-7f51024f3000 r-xp 00000000 08:05 2355744                    /lib/x86_64-linux-gnu/libgcc_s.so.1
7f51024f3000-7f51026f2000 ---p 00017000 08:05 2355744                    /lib/x86_64-linux-gnu/libgcc_s.so.1
7f51026f2000-7f51026f3000 r--p 00016000 08:05 2355744                    /lib/x86_64-linux-gnu/libgcc_s.so.1
7f51026f3000-7f51026f4000 rw-p 00017000 08:05 2355744                    /lib/x86_64-linux-gnu/libgcc_s.so.1
7f51026f4000-7f5102891000 r-xp 00000000 08:05 2360305                    /lib/x86_64-linux-gnu/libm-2.27.so
7f5102891000-7f5102a90000 ---p 0019d000 08:05 2360305                    /lib/x86_64-linux-gnu/libm-2.27.so
7f5102a90000-7f5102a91000 r--p 0019c000 08:05 2360305                    /lib/x86_64-linux-gnu/libm-2.27.so
7f5102a91000-7f5102a92000 rw-p 0019d000 08:05 2360305                    /lib/x86_64-linux-gnu/libm-2.27.so
7f5102a92000-7f5102c0b000 r-xp 00000000 08:05 656775                     /usr/lib/x86_64-linux-gnu/libstdc++.so.6.0.25
7f5102c0b000-7f5102e0b000 ---p 00179000 08:05 656775                     /usr/lib/x86_64-linux-gnu/libstdc++.so.6.0.25
7f5102e0b000-7f5102e15000 r--p 00179000 08:05 656775                     /usr/lib/x86_64-linux-gnu/libstdc++.so.6.0.25
7f5102e15000-7f5102e17000 rw-p 00183000 08:05 656775                     /usr/lib/x86_64-linux-gnu/libstdc++.so.6.0.25
7f5102e17000-7f5102e1b000 rw-p 00000000 00:00 0 
7f5102e1b000-7f5103db8000 r-xp 00000000 08:05 795557                     /usr/lib/jvm/java-11-openjdk-amd64/lib/server/libjvm.so
7f5103db8000-7f5103fb8000 ---p 00f9d000 08:05 795557                     /usr/lib/jvm/java-11-openjdk-amd64/lib/server/libjvm.so
7f5103fb8000-7f510407c000 r--p 00f9d000 08:05 795557                     /usr/lib/jvm/java-11-openjdk-amd64/lib/server/libjvm.so
7f510407c000-7f51040b4000 rw-p 01061000 08:05 795557                     /usr/lib/jvm/java-11-openjdk-amd64/lib/server/libjvm.so
7f51040b4000-7f51040fd000 rw-p 00000000 00:00 0 
7f51040fd000-7f5104117000 r-xp 00000000 08:05 2360375                    /lib/x86_64-linux-gnu/libpthread-2.27.so
7f5104117000-7f5104316000 ---p 0001a000 08:05 2360375                    /lib/x86_64-linux-gnu/libpthread-2.27.so
7f5104316000-7f5104317000 r--p 00019000 08:05 2360375                    /lib/x86_64-linux-gnu/libpthread-2.27.so
7f5104317000-7f5104318000 rw-p 0001a000 08:05 2360375                    /lib/x86_64-linux-gnu/libpthread-2.27.so
7f5104318000-7f510431c000 rw-p 00000000 00:00 0 
7f510431c000-7f510431f000 r-xp 00000000 08:05 2360265                    /lib/x86_64-linux-gnu/libdl-2.27.so
7f510431f000-7f510451e000 ---p 00003000 08:05 2360265                    /lib/x86_64-linux-gnu/libdl-2.27.so
7f510451e000-7f510451f000 r--p 00002000 08:05 2360265                    /lib/x86_64-linux-gnu/libdl-2.27.so
7f510451f000-7f5104520000 rw-p 00003000 08:05 2360265                    /lib/x86_64-linux-gnu/libdl-2.27.so
7f5104520000-7f510453c000 r-xp 00000000 08:05 2360414                    /lib/x86_64-linux-gnu/libz.so.1.2.11
7f510453c000-7f510473b000 ---p 0001c000 08:05 2360414                    /lib/x86_64-linux-gnu/libz.so.1.2.11
7f510473b000-7f510473c000 r--p 0001b000 08:05 2360414                    /lib/x86_64-linux-gnu/libz.so.1.2.11
7f510473c000-7f510473d000 rw-p 0001c000 08:05 2360414                    /lib/x86_64-linux-gnu/libz.so.1.2.11
7f510473d000-7f5104924000 r-xp 00000000 08:05 2360242                    /lib/x86_64-linux-gnu/libc-2.27.so
7f5104924000-7f5104b24000 ---p 001e7000 08:05 2360242                    /lib/x86_64-linux-gnu/libc-2.27.so
7f5104b24000-7f5104b28000 r--p 001e7000 08:05 2360242                    /lib/x86_64-linux-gnu/libc-2.27.so
7f5104b28000-7f5104b2a000 rw-p 001eb000 08:05 2360242                    /lib/x86_64-linux-gnu/libc-2.27.so
7f5104b2a000-7f5104b2e000 rw-p 00000000 00:00 0 
7f5104b2e000-7f5104b3d000 r-xp 00000000 08:05 795517                     /usr/lib/jvm/java-11-openjdk-amd64/lib/jli/libjli.so
7f5104b3d000-7f5104d3c000 ---p 0000f000 08:05 795517                     /usr/lib/jvm/java-11-openjdk-amd64/lib/jli/libjli.so
7f5104d3c000-7f5104d3d000 r--p 0000e000 08:05 795517                     /usr/lib/jvm/java-11-openjdk-amd64/lib/jli/libjli.so
7f5104d3d000-7f5104d3e000 rw-p 0000f000 08:05 795517                     /usr/lib/jvm/java-11-openjdk-amd64/lib/jli/libjli.so
7f5104d3e000-7f5104d65000 r-xp 00000000 08:05 2360214                    /lib/x86_64-linux-gnu/ld-2.27.so
7f5104db9000-7f5104e3e000 rw-p 00000000 00:00 0 
7f5104e3e000-7f5104e42000 ---p 00000000 00:00 0 
7f5104e42000-7f5104f41000 rw-p 00000000 00:00 0 
7f5104f4c000-7f5104f52000 rw-p 00000000 00:00 0 
7f5104f52000-7f5104f59000 ---p 00000000 00:00 0 
7f5104f59000-7f5104f61000 rw-s 00000000 08:05 2753252                    /tmp/hsperfdata_appdev/10915
7f5104f61000-7f5104f62000 ---p 00000000 00:00 0 
7f5104f62000-7f5104f63000 r--p 00000000 00:00 0 
7f5104f63000-7f5104f65000 rw-p 00000000 00:00 0 
7f5104f65000-7f5104f66000 r--p 00027000 08:05 2360214                    /lib/x86_64-linux-gnu/ld-2.27.so
7f5104f66000-7f5104f67000 rw-p 00028000 08:05 2360214                    /lib/x86_64-linux-gnu/ld-2.27.so
7f5104f67000-7f5104f68000 rw-p 00000000 00:00 0 
7fff0510f000-7fff05130000 rw-p 00000000 00:00 0                          [stack]
7fff051d3000-7fff051d6000 r--p 00000000 00:00 0                          [vvar]
7fff051d6000-7fff051d8000 r-xp 00000000 00:00 0                          [vdso]
ffffffffff600000-ffffffffff601000 r-xp 00000000 00:00 0                  [vsyscall]


VM Arguments:
jvm_args: -javaagent:/snap/intellij-idea-ultimate/91/lib/idea_rt.jar=43155:/snap/intellij-idea-ultimate/91/bin -Dfile.encoding=UTF-8 
java_command: com.tomtrein.Main
java_class_path (initial): /home/appdev/IdeaProjects/ArduinoTest/target/scala-2.12/classes:/home/appdev/.sbt/boot/scala-2.12.7/lib/scala-library.jar:/home/appdev/IdeaProjects/ArduinoTest/lib/RXTXcomm.jar
Launcher Type: SUN_STANDARD

Logging:
Log output configuration:
#0: stdout all=warning uptime,level,tags
#1: stderr all=off uptime,level,tags

Environment Variables:
PATH=/usr/local/sbin:/usr/local/bin:/usr/sbin:/usr/bin:/sbin:/bin:/usr/games:/usr/local/games:/snap/bin
USERNAME=appdev
SHELL=/bin/bash
DISPLAY=:0

Signal Handlers:
SIGSEGV: [libjvm.so+0xd28b70], sa_mask[0]=11111111011111111101111111111110, sa_flags=SA_RESTART|SA_SIGINFO
SIGBUS: [libjvm.so+0xd28b70], sa_mask[0]=11111111011111111101111111111110, sa_flags=SA_RESTART|SA_SIGINFO
SIGFPE: [libjvm.so+0xd28b70], sa_mask[0]=11111111011111111101111111111110, sa_flags=SA_RESTART|SA_SIGINFO
SIGPIPE: [libjvm.so+0xb2a1f0], sa_mask[0]=11111111011111111101111111111110, sa_flags=SA_RESTART|SA_SIGINFO
SIGXFSZ: [libjvm.so+0xb2a1f0], sa_mask[0]=11111111011111111101111111111110, sa_flags=SA_RESTART|SA_SIGINFO
SIGILL: [libjvm.so+0xd28b70], sa_mask[0]=11111111011111111101111111111110, sa_flags=SA_RESTART|SA_SIGINFO
SIGUSR2: [libjvm.so+0xb2a030], sa_mask[0]=00100000000000000000000000000000, sa_flags=SA_RESTART|SA_SIGINFO
SIGHUP: [libjvm.so+0xb2a180], sa_mask[0]=11111111011111111101111111111110, sa_flags=SA_RESTART|SA_SIGINFO
SIGINT: [libjvm.so+0xb2a180], sa_mask[0]=11111111011111111101111111111110, sa_flags=SA_RESTART|SA_SIGINFO
SIGTERM: [libjvm.so+0xb2a180], sa_mask[0]=11111111011111111101111111111110, sa_flags=SA_RESTART|SA_SIGINFO
SIGQUIT: [libjvm.so+0xb2a180], sa_mask[0]=11111111011111111101111111111110, sa_flags=SA_RESTART|SA_SIGINFO


---------------  S Y S T E M  ---------------

OS:DISTRIB_ID=Ubuntu
DISTRIB_RELEASE=18.04
DISTRIB_CODENAME=bionic
DISTRIB_DESCRIPTION="Ubuntu 18.04.1 LTS"
uname:Linux 4.15.0-38-generic #41-Ubuntu SMP Wed Oct 10 10:59:38 UTC 2018 x86_64
libc:glibc 2.27 NPTL 2.27 
rlimit: STACK 8192k, CORE 0k, NPROC 62918, NOFILE 1048576, AS infinity, DATA infinity, FSIZE infinity
load average:0,54 0,45 0,46

/proc/meminfo:
MemTotal:       16281380 kB
MemFree:         6598252 kB
MemAvailable:   10359988 kB
Buffers:          516016 kB
Cached:          3497716 kB
SwapCached:            0 kB
Active:          6955144 kB
Inactive:        2066784 kB
Active(anon):    5018232 kB
Inactive(anon):   155656 kB
Active(file):    1936912 kB
Inactive(file):  1911128 kB
Unevictable:          32 kB
Mlocked:              32 kB
SwapTotal:      19530748 kB
SwapFree:       19530748 kB
Dirty:             11348 kB
Writeback:             0 kB
AnonPages:       5008316 kB
Mapped:           859960 kB
Shmem:            165704 kB
Slab:             344000 kB
SReclaimable:     256116 kB
SUnreclaim:        87884 kB
KernelStack:       20944 kB
PageTables:        94948 kB
NFS_Unstable:          0 kB
Bounce:                0 kB
WritebackTmp:          0 kB
CommitLimit:    27671436 kB
Committed_AS:   16790096 kB
VmallocTotal:   34359738367 kB
VmallocUsed:           0 kB
VmallocChunk:          0 kB
HardwareCorrupted:     0 kB
AnonHugePages:         0 kB
ShmemHugePages:        0 kB
ShmemPmdMapped:        0 kB
CmaTotal:              0 kB
CmaFree:               0 kB
HugePages_Total:       0
HugePages_Free:        0
HugePages_Rsvd:        0
HugePages_Surp:        0
Hugepagesize:       2048 kB
DirectMap4k:      412384 kB
DirectMap2M:     9928704 kB
DirectMap1G:     7340032 kB

container (cgroup) information:
container_type: cgroupv1
cpu_cpuset_cpus: 0-3
cpu_memory_nodes: 0
active_processor_count: 4
cpu_quota: -1
cpu_period: 100000
cpu_shares: -1
memory_limit_in_bytes: -1
memory_and_swap_limit_in_bytes: -2
memory_soft_limit_in_bytes: -1
memory_usage_in_bytes: 9238790144
memory_max_usage_in_bytes: 0


CPU:total 4 (initial active 4) (4 cores per cpu, 1 threads per core) family 6 model 94 stepping 3, cmov, cx8, fxsr, mmx, sse, sse2, sse3, ssse3, sse4.1, sse4.2, popcnt, avx, avx2, aes, clmul, erms, rtm, 3dnowpref, lzcnt, tsc, tscinvbit, bmi1, bmi2, adx, fma
CPU Model and flags from /proc/cpuinfo:
model name	: Intel(R) Core(TM) i5-6300HQ CPU @ 2.30GHz
flags		: fpu vme de pse tsc msr pae mce cx8 apic sep mtrr pge mca cmov pat pse36 clflush dts acpi mmx fxsr sse sse2 ss ht tm pbe syscall nx pdpe1gb rdtscp lm constant_tsc art arch_perfmon pebs bts rep_good nopl xtopology nonstop_tsc cpuid aperfmperf tsc_known_freq pni pclmulqdq dtes64 monitor ds_cpl vmx est tm2 ssse3 sdbg fma cx16 xtpr pdcm pcid sse4_1 sse4_2 x2apic movbe popcnt tsc_deadline_timer aes xsave avx f16c rdrand lahf_lm abm 3dnowprefetch cpuid_fault epb invpcid_single pti ssbd ibrs ibpb stibp tpr_shadow vnmi flexpriority ept vpid fsgsbase tsc_adjust bmi1 hle avx2 smep bmi2 erms invpcid rtm mpx rdseed adx smap clflushopt intel_pt xsaveopt xsavec xgetbv1 xsaves dtherm ida arat pln pts hwp hwp_notify hwp_act_window hwp_epp flush_l1d

Memory: 4k page, physical 16281380k(6598252k free), swap 19530748k(19530748k free)

vm_info: OpenJDK 64-Bit Server VM (10.0.2+13-Ubuntu-1ubuntu0.18.04.3) for linux-amd64 JRE (10.0.2+13-Ubuntu-1ubuntu0.18.04.3), built on Oct  7 2018 15:06:09 by "buildd" with gcc 7.3.0

END.
