#
# A fatal error has been detected by the Java Runtime Environment:
#
#  SIGSEGV (0xb) at pc=0x00007f33b29f8d9d, pid=12212, tid=12214
#
# JRE version: OpenJDK Runtime Environment (10.0.2+13) (build 10.0.2+13-Ubuntu-1ubuntu0.18.04.3)
# Java VM: OpenJDK 64-Bit Server VM (10.0.2+13-Ubuntu-1ubuntu0.18.04.3, mixed mode, tiered, compressed oops, g1 gc, linux-amd64)
# Problematic frame:
# C  [librxtxSerial.so+0x6d9d]  read_byte_array+0x3d
#
# Core dump will be written. Default location: Core dumps may be processed with "/usr/share/apport/apport %p %s %c %d %P" (or dumping to /home/appdev/IdeaProjects/ArduinoTest/core.12212)
#
# If you would like to submit a bug report, please visit:
#   http://bugreport.java.com/bugreport/crash.jsp
# The crash happened outside the Java Virtual Machine in native code.
# See problematic frame for where to report the bug.
#

---------------  S U M M A R Y ------------

Command Line: -javaagent:/snap/intellij-idea-ultimate/91/lib/idea_rt.jar=42743:/snap/intellij-idea-ultimate/91/bin -Dfile.encoding=UTF-8 com.tomtrein.Main

Host: Intel(R) Core(TM) i5-6300HQ CPU @ 2.30GHz, 4 cores, 15G, Ubuntu 18.04.1 LTS
Time: Sun Nov 18 11:25:42 2018 CET elapsed time: 3 seconds (0d 0h 0m 3s)

---------------  T H R E A D  ---------------

Current thread (0x00007f340c013000):  JavaThread "main" [_thread_in_native, id=12214, stack(0x00007f3415e29000,0x00007f3415f2a000)]

Stack: [0x00007f3415e29000,0x00007f3415f2a000],  sp=0x00007f3415f28050,  free space=1020k
Native frames: (J=compiled Java code, A=aot compiled Java code, j=interpreted, Vv=VM code, C=native code)
C  [librxtxSerial.so+0x6d9d]  read_byte_array+0x3d

Java frames: (J=compiled Java code, j=interpreted, Vv=VM code)
j  gnu.io.RXTXPort.readArray([BII)I+0
j  gnu.io.RXTXPort$SerialInputStream.read([BII)I+212
j  sun.nio.cs.StreamDecoder.readBytes()I+135 java.base@10.0.2
j  sun.nio.cs.StreamDecoder.implRead([CII)I+112 java.base@10.0.2
j  sun.nio.cs.StreamDecoder.read([CII)I+180 java.base@10.0.2
j  java.io.InputStreamReader.read([CII)I+7 java.base@10.0.2
j  java.io.BufferedReader.fill()V+145 java.base@10.0.2
j  java.io.BufferedReader.read1([CII)I+47 java.base@10.0.2
j  java.io.BufferedReader.read([CII)I+61 java.base@10.0.2
j  java.io.Reader.read(Ljava/nio/CharBuffer;)I+13 java.base@10.0.2
j  java.util.Scanner.readInput()V+70 java.base@10.0.2
j  java.util.Scanner.findWithinHorizon(Ljava/util/regex/Pattern;I)Ljava/lang/String;+74 java.base@10.0.2
j  java.util.Scanner.hasNextLine()Z+19 java.base@10.0.2
j  com.tomtrein.Main$.main([Ljava/lang/String;)V+46
j  com.tomtrein.Main.main([Ljava/lang/String;)V+4
v  ~StubRoutines::call_stub

siginfo: si_signo: 11 (SIGSEGV), si_code: 1 (SEGV_MAPERR), si_addr: 0xffffffffb27ee808

Register to memory mapping:

RAX=0xffffffffb27ee800 is an unknown value
RBX=0x00007f340c331bd0 is an unknown value
RCX=0x0000000000000001 is an unknown value
RDX=0x00007f3414298800: <offset 0x0000000000492800> in /usr/lib/jvm/java-11-openjdk-amd64/lib/server/libjvm.so at 0x00007f3413e06000
RSP=0x00007f3415f28050 is pointing into the stack for thread: 0x00007f340c013000
RBP=0x00007f340c013200 is an unknown value
RSI=0x00007f33b29fbb25: <offset 0x0000000000009b25> in /usr/lib/jvm/java-11-openjdk-amd64/lib/librxtxSerial.so at 0x00007f33b29f2000
RDI=0x00007f33b29fba9f: <offset 0x0000000000009a9f> in /usr/lib/jvm/java-11-openjdk-amd64/lib/librxtxSerial.so at 0x00007f33b29f2000
R8 =0x00007f33f0a35a50 is pointing into metadata
R9 =0x00000006d6e81898 is pointing into object: 0x00000006d6e41ea8

[error occurred during error reporting (printing register info), id 0xb]

Registers:
RAX=0xffffffffb27ee800, RBX=0x00007f340c331bd0, RCX=0x0000000000000001, RDX=0x00007f3414298800
RSP=0x00007f3415f28050, RBP=0x00007f340c013200, RSI=0x00007f33b29fbb25, RDI=0x00007f33b29fba9f
R8 =0x00007f33f0a35a50, R9 =0x00000006d6e81898, R10=0x0000000000000008, R11=0x00007f34150c6384
R12=0xffffffffffffffff, R13=0x0000000000000001, R14=0x0000000000000008, R15=0x00000000ffffffff
RIP=0x00007f33b29f8d9d, EFLAGS=0x0000000000010206, CSGSFS=0x002b000000000033, ERR=0x0000000000000005
  TRAPNO=0x000000000000000e

Top of Stack: (sp=0x00007f3415f28050)
0x00007f3415f28050:   00007f3415f28090 0000000000002000
0x00007f3415f28060:   000000010c000020 00007f340c331bd0
0x00007f3415f28070:   0000000815f28100 0000000000000000
0x00007f3415f28080:   00007f3415f28100 00007f34157bf2ed 

Instructions: (pc=0x00007f33b29f8d9d)
0x00007f33b29f8d7d:   4c 24 18 48 8d 15 17 2d 00 00 48 8d 0d 0e 2d 00
0x00007f33b29f8d8d:   00 44 89 44 24 14 e8 88 c7 ff ff 48 89 44 24 48
0x00007f33b29f8d9d:   8b 40 08 45 85 ff 48 8b 54 24 48 89 44 24 40 c7
0x00007f33b29f8dad:   42 08 00 00 00 00 0f 88 bd 01 00 00 31 c0 e8 70 


---------------  P R O C E S S  ---------------

Threads class SMR info:
_java_thread_list=0x00007f340c303990, length=12, elements={
0x00007f340c013000, 0x00007f340c1f8000, 0x00007f340c1fa000, 0x00007f340c20c800,
0x00007f340c20e800, 0x00007f340c210800, 0x00007f340c212800, 0x00007f340c214800,
0x00007f340c28d800, 0x00007f340c2fb000, 0x00007f340c2fc000, 0x00007f340c305000
}

Java Threads: ( => current thread )
=>0x00007f340c013000 JavaThread "main" [_thread_in_native, id=12214, stack(0x00007f3415e29000,0x00007f3415f2a000)]
  0x00007f340c1f8000 JavaThread "Reference Handler" daemon [_thread_blocked, id=12240, stack(0x00007f33f02dd000,0x00007f33f03de000)]
  0x00007f340c1fa000 JavaThread "Finalizer" daemon [_thread_blocked, id=12242, stack(0x00007f33f01dc000,0x00007f33f02dd000)]
  0x00007f340c20c800 JavaThread "Signal Dispatcher" daemon [_thread_blocked, id=12244, stack(0x00007f33f00db000,0x00007f33f01dc000)]
  0x00007f340c20e800 JavaThread "C2 CompilerThread0" daemon [_thread_blocked, id=12245, stack(0x00007f33e00df000,0x00007f33e01e0000)]
  0x00007f340c210800 JavaThread "C2 CompilerThread1" daemon [_thread_blocked, id=12246, stack(0x00007f33d80df000,0x00007f33d81e0000)]
  0x00007f340c212800 JavaThread "C1 CompilerThread2" daemon [_thread_blocked, id=12247, stack(0x00007f33b352f000,0x00007f33b3630000)]
  0x00007f340c214800 JavaThread "Sweeper thread" daemon [_thread_blocked, id=12248, stack(0x00007f33b342e000,0x00007f33b352f000)]
  0x00007f340c28d800 JavaThread "Common-Cleaner" daemon [_thread_blocked, id=12252, stack(0x00007f33b332d000,0x00007f33b342e000)]
  0x00007f340c2fb000 JavaThread "Monitor Ctrl-Break" daemon [_thread_in_native, id=12253, stack(0x00007f33b2e02000,0x00007f33b2f03000)]
  0x00007f340c2fc000 JavaThread "Service Thread" daemon [_thread_blocked, id=12254, stack(0x00007f33b2d01000,0x00007f33b2e02000)]
  0x00007f340c305000 JavaThread "Thread-0" [_thread_in_native, id=12256, stack(0x00007f33b26ef000,0x00007f33b27f0000)]

Other Threads:
  0x00007f340c1ee000 VMThread "VM Thread" [stack: 0x00007f33f03e0000,0x00007f33f04e0000] [id=12236]
  0x00007f340c2fd000 WatcherThread [stack: 0x00007f33b2c01000,0x00007f33b2d01000] [id=12255]
  0x00007f340c029800 GCTaskThread "GC Thread#0" [stack: 0x00007f3411d51000,0x00007f3411e51000] [id=12219]
  0x00007f340c02b000 GCTaskThread "GC Thread#1" [stack: 0x00007f3411c4f000,0x00007f3411d4f000] [id=12220]
  0x00007f340c02c800 GCTaskThread "GC Thread#2" [stack: 0x00007f3411b4d000,0x00007f3411c4d000] [id=12221]
  0x00007f340c02e800 GCTaskThread "GC Thread#3" [stack: 0x00007f3411a4b000,0x00007f3411b4b000] [id=12222]
  0x00007f340c07c800 ConcurrentGCThread "G1 Main Marker" [stack: 0x00007f34104c4000,0x00007f34105c4000] [id=12226]
  0x00007f340c07e000 ConcurrentGCThread "G1 Conc#0" [stack: 0x00007f34103c2000,0x00007f34104c2000] [id=12227]
  0x00007f340c15d000 ConcurrentGCThread "G1 Refine#0" [stack: 0x00007f33f1160000,0x00007f33f1260000] [id=12228]
  0x00007f340c15f000 ConcurrentGCThread "G1 Refine#1" [stack: 0x00007f33f105e000,0x00007f33f115e000] [id=12229]
  0x00007f340c160800 ConcurrentGCThread "G1 Refine#2" [stack: 0x00007f33f0f5c000,0x00007f33f105c000] [id=12230]
  0x00007f340c162000 ConcurrentGCThread "G1 Refine#3" [stack: 0x00007f33f0e5a000,0x00007f33f0f5a000] [id=12231]
  0x00007f340c164000 ConcurrentGCThread "G1 Young RemSet Sampling" [stack: 0x00007f33f0d58000,0x00007f33f0e58000] [id=12232]

Threads with active compile tasks:

VM state:not at safepoint (normal execution)

VM Mutex/Monitor currently owned by a thread: None

Heap address: 0x00000006c7800000, size: 3976 MB, Compressed Oops mode: Zero based, Oop shift amount: 3
Narrow klass base: 0x0000000000000000, Narrow klass shift: 3
Compressed class space size: 1073741824 Address: 0x00000007c0000000

Heap:
 garbage-first heap   total 256000K, used 4096K [0x00000006c7800000, 0x00000007c0000000)
  region size 1024K, 5 young (5120K), 0 survivors (0K)
 Metaspace       used 7289K, capacity 7381K, committed 7680K, reserved 1056768K
  class space    used 600K, capacity 651K, committed 768K, reserved 1048576K
Heap Regions: E=young(eden), S=young(survivor), O=old, HS=humongous(starts), HC=humongous(continues), CS=collection set, F=free, A=archive, TS=gc time stamp, AC=allocation context, TAMS=top-at-mark-start (previous, next)
|   0|0x00000006c7800000, 0x00000006c7800000, 0x00000006c7900000|  0%| F|  |TS  0|AC  0|TAMS 0x00000006c7800000, 0x00000006c7800000|
|   1|0x00000006c7900000, 0x00000006c7900000, 0x00000006c7a00000|  0%| F|  |TS  0|AC  0|TAMS 0x00000006c7900000, 0x00000006c7900000|
|   2|0x00000006c7a00000, 0x00000006c7a00000, 0x00000006c7b00000|  0%| F|  |TS  0|AC  0|TAMS 0x00000006c7a00000, 0x00000006c7a00000|
|   3|0x00000006c7b00000, 0x00000006c7b00000, 0x00000006c7c00000|  0%| F|  |TS  0|AC  0|TAMS 0x00000006c7b00000, 0x00000006c7b00000|
|   4|0x00000006c7c00000, 0x00000006c7c00000, 0x00000006c7d00000|  0%| F|  |TS  0|AC  0|TAMS 0x00000006c7c00000, 0x00000006c7c00000|
|   5|0x00000006c7d00000, 0x00000006c7d00000, 0x00000006c7e00000|  0%| F|  |TS  0|AC  0|TAMS 0x00000006c7d00000, 0x00000006c7d00000|
|   6|0x00000006c7e00000, 0x00000006c7e00000, 0x00000006c7f00000|  0%| F|  |TS  0|AC  0|TAMS 0x00000006c7e00000, 0x00000006c7e00000|
|   7|0x00000006c7f00000, 0x00000006c7f00000, 0x00000006c8000000|  0%| F|  |TS  0|AC  0|TAMS 0x00000006c7f00000, 0x00000006c7f00000|
|   8|0x00000006c8000000, 0x00000006c8000000, 0x00000006c8100000|  0%| F|  |TS  0|AC  0|TAMS 0x00000006c8000000, 0x00000006c8000000|
|   9|0x00000006c8100000, 0x00000006c8100000, 0x00000006c8200000|  0%| F|  |TS  0|AC  0|TAMS 0x00000006c8100000, 0x00000006c8100000|
|  10|0x00000006c8200000, 0x00000006c8200000, 0x00000006c8300000|  0%| F|  |TS  0|AC  0|TAMS 0x00000006c8200000, 0x00000006c8200000|
|  11|0x00000006c8300000, 0x00000006c8300000, 0x00000006c8400000|  0%| F|  |TS  0|AC  0|TAMS 0x00000006c8300000, 0x00000006c8300000|
|  12|0x00000006c8400000, 0x00000006c8400000, 0x00000006c8500000|  0%| F|  |TS  0|AC  0|TAMS 0x00000006c8400000, 0x00000006c8400000|
|  13|0x00000006c8500000, 0x00000006c8500000, 0x00000006c8600000|  0%| F|  |TS  0|AC  0|TAMS 0x00000006c8500000, 0x00000006c8500000|
|  14|0x00000006c8600000, 0x00000006c8600000, 0x00000006c8700000|  0%| F|  |TS  0|AC  0|TAMS 0x00000006c8600000, 0x00000006c8600000|
|  15|0x00000006c8700000, 0x00000006c8700000, 0x00000006c8800000|  0%| F|  |TS  0|AC  0|TAMS 0x00000006c8700000, 0x00000006c8700000|
|  16|0x00000006c8800000, 0x00000006c8800000, 0x00000006c8900000|  0%| F|  |TS  0|AC  0|TAMS 0x00000006c8800000, 0x00000006c8800000|
|  17|0x00000006c8900000, 0x00000006c8900000, 0x00000006c8a00000|  0%| F|  |TS  0|AC  0|TAMS 0x00000006c8900000, 0x00000006c8900000|
|  18|0x00000006c8a00000, 0x00000006c8a00000, 0x00000006c8b00000|  0%| F|  |TS  0|AC  0|TAMS 0x00000006c8a00000, 0x00000006c8a00000|
|  19|0x00000006c8b00000, 0x00000006c8b00000, 0x00000006c8c00000|  0%| F|  |TS  0|AC  0|TAMS 0x00000006c8b00000, 0x00000006c8b00000|
|  20|0x00000006c8c00000, 0x00000006c8c00000, 0x00000006c8d00000|  0%| F|  |TS  0|AC  0|TAMS 0x00000006c8c00000, 0x00000006c8c00000|
|  21|0x00000006c8d00000, 0x00000006c8d00000, 0x00000006c8e00000|  0%| F|  |TS  0|AC  0|TAMS 0x00000006c8d00000, 0x00000006c8d00000|
|  22|0x00000006c8e00000, 0x00000006c8e00000, 0x00000006c8f00000|  0%| F|  |TS  0|AC  0|TAMS 0x00000006c8e00000, 0x00000006c8e00000|
|  23|0x00000006c8f00000, 0x00000006c8f00000, 0x00000006c9000000|  0%| F|  |TS  0|AC  0|TAMS 0x00000006c8f00000, 0x00000006c8f00000|
|  24|0x00000006c9000000, 0x00000006c9000000, 0x00000006c9100000|  0%| F|  |TS  0|AC  0|TAMS 0x00000006c9000000, 0x00000006c9000000|
|  25|0x00000006c9100000, 0x00000006c9100000, 0x00000006c9200000|  0%| F|  |TS  0|AC  0|TAMS 0x00000006c9100000, 0x00000006c9100000|
|  26|0x00000006c9200000, 0x00000006c9200000, 0x00000006c9300000|  0%| F|  |TS  0|AC  0|TAMS 0x00000006c9200000, 0x00000006c9200000|
|  27|0x00000006c9300000, 0x00000006c9300000, 0x00000006c9400000|  0%| F|  |TS  0|AC  0|TAMS 0x00000006c9300000, 0x00000006c9300000|
|  28|0x00000006c9400000, 0x00000006c9400000, 0x00000006c9500000|  0%| F|  |TS  0|AC  0|TAMS 0x00000006c9400000, 0x00000006c9400000|
|  29|0x00000006c9500000, 0x00000006c9500000, 0x00000006c9600000|  0%| F|  |TS  0|AC  0|TAMS 0x00000006c9500000, 0x00000006c9500000|
|  30|0x00000006c9600000, 0x00000006c9600000, 0x00000006c9700000|  0%| F|  |TS  0|AC  0|TAMS 0x00000006c9600000, 0x00000006c9600000|
|  31|0x00000006c9700000, 0x00000006c9700000, 0x00000006c9800000|  0%| F|  |TS  0|AC  0|TAMS 0x00000006c9700000, 0x00000006c9700000|
|  32|0x00000006c9800000, 0x00000006c9800000, 0x00000006c9900000|  0%| F|  |TS  0|AC  0|TAMS 0x00000006c9800000, 0x00000006c9800000|
|  33|0x00000006c9900000, 0x00000006c9900000, 0x00000006c9a00000|  0%| F|  |TS  0|AC  0|TAMS 0x00000006c9900000, 0x00000006c9900000|
|  34|0x00000006c9a00000, 0x00000006c9a00000, 0x00000006c9b00000|  0%| F|  |TS  0|AC  0|TAMS 0x00000006c9a00000, 0x00000006c9a00000|
|  35|0x00000006c9b00000, 0x00000006c9b00000, 0x00000006c9c00000|  0%| F|  |TS  0|AC  0|TAMS 0x00000006c9b00000, 0x00000006c9b00000|
|  36|0x00000006c9c00000, 0x00000006c9c00000, 0x00000006c9d00000|  0%| F|  |TS  0|AC  0|TAMS 0x00000006c9c00000, 0x00000006c9c00000|
|  37|0x00000006c9d00000, 0x00000006c9d00000, 0x00000006c9e00000|  0%| F|  |TS  0|AC  0|TAMS 0x00000006c9d00000, 0x00000006c9d00000|
|  38|0x00000006c9e00000, 0x00000006c9e00000, 0x00000006c9f00000|  0%| F|  |TS  0|AC  0|TAMS 0x00000006c9e00000, 0x00000006c9e00000|
|  39|0x00000006c9f00000, 0x00000006c9f00000, 0x00000006ca000000|  0%| F|  |TS  0|AC  0|TAMS 0x00000006c9f00000, 0x00000006c9f00000|
|  40|0x00000006ca000000, 0x00000006ca000000, 0x00000006ca100000|  0%| F|  |TS  0|AC  0|TAMS 0x00000006ca000000, 0x00000006ca000000|
|  41|0x00000006ca100000, 0x00000006ca100000, 0x00000006ca200000|  0%| F|  |TS  0|AC  0|TAMS 0x00000006ca100000, 0x00000006ca100000|
|  42|0x00000006ca200000, 0x00000006ca200000, 0x00000006ca300000|  0%| F|  |TS  0|AC  0|TAMS 0x00000006ca200000, 0x00000006ca200000|
|  43|0x00000006ca300000, 0x00000006ca300000, 0x00000006ca400000|  0%| F|  |TS  0|AC  0|TAMS 0x00000006ca300000, 0x00000006ca300000|
|  44|0x00000006ca400000, 0x00000006ca400000, 0x00000006ca500000|  0%| F|  |TS  0|AC  0|TAMS 0x00000006ca400000, 0x00000006ca400000|
|  45|0x00000006ca500000, 0x00000006ca500000, 0x00000006ca600000|  0%| F|  |TS  0|AC  0|TAMS 0x00000006ca500000, 0x00000006ca500000|
|  46|0x00000006ca600000, 0x00000006ca600000, 0x00000006ca700000|  0%| F|  |TS  0|AC  0|TAMS 0x00000006ca600000, 0x00000006ca600000|
|  47|0x00000006ca700000, 0x00000006ca700000, 0x00000006ca800000|  0%| F|  |TS  0|AC  0|TAMS 0x00000006ca700000, 0x00000006ca700000|
|  48|0x00000006ca800000, 0x00000006ca800000, 0x00000006ca900000|  0%| F|  |TS  0|AC  0|TAMS 0x00000006ca800000, 0x00000006ca800000|
|  49|0x00000006ca900000, 0x00000006ca900000, 0x00000006caa00000|  0%| F|  |TS  0|AC  0|TAMS 0x00000006ca900000, 0x00000006ca900000|
|  50|0x00000006caa00000, 0x00000006caa00000, 0x00000006cab00000|  0%| F|  |TS  0|AC  0|TAMS 0x00000006caa00000, 0x00000006caa00000|
|  51|0x00000006cab00000, 0x00000006cab00000, 0x00000006cac00000|  0%| F|  |TS  0|AC  0|TAMS 0x00000006cab00000, 0x00000006cab00000|
|  52|0x00000006cac00000, 0x00000006cac00000, 0x00000006cad00000|  0%| F|  |TS  0|AC  0|TAMS 0x00000006cac00000, 0x00000006cac00000|
|  53|0x00000006cad00000, 0x00000006cad00000, 0x00000006cae00000|  0%| F|  |TS  0|AC  0|TAMS 0x00000006cad00000, 0x00000006cad00000|
|  54|0x00000006cae00000, 0x00000006cae00000, 0x00000006caf00000|  0%| F|  |TS  0|AC  0|TAMS 0x00000006cae00000, 0x00000006cae00000|
|  55|0x00000006caf00000, 0x00000006caf00000, 0x00000006cb000000|  0%| F|  |TS  0|AC  0|TAMS 0x00000006caf00000, 0x00000006caf00000|
|  56|0x00000006cb000000, 0x00000006cb000000, 0x00000006cb100000|  0%| F|  |TS  0|AC  0|TAMS 0x00000006cb000000, 0x00000006cb000000|
|  57|0x00000006cb100000, 0x00000006cb100000, 0x00000006cb200000|  0%| F|  |TS  0|AC  0|TAMS 0x00000006cb100000, 0x00000006cb100000|
|  58|0x00000006cb200000, 0x00000006cb200000, 0x00000006cb300000|  0%| F|  |TS  0|AC  0|TAMS 0x00000006cb200000, 0x00000006cb200000|
|  59|0x00000006cb300000, 0x00000006cb300000, 0x00000006cb400000|  0%| F|  |TS  0|AC  0|TAMS 0x00000006cb300000, 0x00000006cb300000|
|  60|0x00000006cb400000, 0x00000006cb400000, 0x00000006cb500000|  0%| F|  |TS  0|AC  0|TAMS 0x00000006cb400000, 0x00000006cb400000|
|  61|0x00000006cb500000, 0x00000006cb500000, 0x00000006cb600000|  0%| F|  |TS  0|AC  0|TAMS 0x00000006cb500000, 0x00000006cb500000|
|  62|0x00000006cb600000, 0x00000006cb600000, 0x00000006cb700000|  0%| F|  |TS  0|AC  0|TAMS 0x00000006cb600000, 0x00000006cb600000|
|  63|0x00000006cb700000, 0x00000006cb700000, 0x00000006cb800000|  0%| F|  |TS  0|AC  0|TAMS 0x00000006cb700000, 0x00000006cb700000|
|  64|0x00000006cb800000, 0x00000006cb800000, 0x00000006cb900000|  0%| F|  |TS  0|AC  0|TAMS 0x00000006cb800000, 0x00000006cb800000|
|  65|0x00000006cb900000, 0x00000006cb900000, 0x00000006cba00000|  0%| F|  |TS  0|AC  0|TAMS 0x00000006cb900000, 0x00000006cb900000|
|  66|0x00000006cba00000, 0x00000006cba00000, 0x00000006cbb00000|  0%| F|  |TS  0|AC  0|TAMS 0x00000006cba00000, 0x00000006cba00000|
|  67|0x00000006cbb00000, 0x00000006cbb00000, 0x00000006cbc00000|  0%| F|  |TS  0|AC  0|TAMS 0x00000006cbb00000, 0x00000006cbb00000|
|  68|0x00000006cbc00000, 0x00000006cbc00000, 0x00000006cbd00000|  0%| F|  |TS  0|AC  0|TAMS 0x00000006cbc00000, 0x00000006cbc00000|
|  69|0x00000006cbd00000, 0x00000006cbd00000, 0x00000006cbe00000|  0%| F|  |TS  0|AC  0|TAMS 0x00000006cbd00000, 0x00000006cbd00000|
|  70|0x00000006cbe00000, 0x00000006cbe00000, 0x00000006cbf00000|  0%| F|  |TS  0|AC  0|TAMS 0x00000006cbe00000, 0x00000006cbe00000|
|  71|0x00000006cbf00000, 0x00000006cbf00000, 0x00000006cc000000|  0%| F|  |TS  0|AC  0|TAMS 0x00000006cbf00000, 0x00000006cbf00000|
|  72|0x00000006cc000000, 0x00000006cc000000, 0x00000006cc100000|  0%| F|  |TS  0|AC  0|TAMS 0x00000006cc000000, 0x00000006cc000000|
|  73|0x00000006cc100000, 0x00000006cc100000, 0x00000006cc200000|  0%| F|  |TS  0|AC  0|TAMS 0x00000006cc100000, 0x00000006cc100000|
|  74|0x00000006cc200000, 0x00000006cc200000, 0x00000006cc300000|  0%| F|  |TS  0|AC  0|TAMS 0x00000006cc200000, 0x00000006cc200000|
|  75|0x00000006cc300000, 0x00000006cc300000, 0x00000006cc400000|  0%| F|  |TS  0|AC  0|TAMS 0x00000006cc300000, 0x00000006cc300000|
|  76|0x00000006cc400000, 0x00000006cc400000, 0x00000006cc500000|  0%| F|  |TS  0|AC  0|TAMS 0x00000006cc400000, 0x00000006cc400000|
|  77|0x00000006cc500000, 0x00000006cc500000, 0x00000006cc600000|  0%| F|  |TS  0|AC  0|TAMS 0x00000006cc500000, 0x00000006cc500000|
|  78|0x00000006cc600000, 0x00000006cc600000, 0x00000006cc700000|  0%| F|  |TS  0|AC  0|TAMS 0x00000006cc600000, 0x00000006cc600000|
|  79|0x00000006cc700000, 0x00000006cc700000, 0x00000006cc800000|  0%| F|  |TS  0|AC  0|TAMS 0x00000006cc700000, 0x00000006cc700000|
|  80|0x00000006cc800000, 0x00000006cc800000, 0x00000006cc900000|  0%| F|  |TS  0|AC  0|TAMS 0x00000006cc800000, 0x00000006cc800000|
|  81|0x00000006cc900000, 0x00000006cc900000, 0x00000006cca00000|  0%| F|  |TS  0|AC  0|TAMS 0x00000006cc900000, 0x00000006cc900000|
|  82|0x00000006cca00000, 0x00000006cca00000, 0x00000006ccb00000|  0%| F|  |TS  0|AC  0|TAMS 0x00000006cca00000, 0x00000006cca00000|
|  83|0x00000006ccb00000, 0x00000006ccb00000, 0x00000006ccc00000|  0%| F|  |TS  0|AC  0|TAMS 0x00000006ccb00000, 0x00000006ccb00000|
|  84|0x00000006ccc00000, 0x00000006ccc00000, 0x00000006ccd00000|  0%| F|  |TS  0|AC  0|TAMS 0x00000006ccc00000, 0x00000006ccc00000|
|  85|0x00000006ccd00000, 0x00000006ccd00000, 0x00000006cce00000|  0%| F|  |TS  0|AC  0|TAMS 0x00000006ccd00000, 0x00000006ccd00000|
|  86|0x00000006cce00000, 0x00000006cce00000, 0x00000006ccf00000|  0%| F|  |TS  0|AC  0|TAMS 0x00000006cce00000, 0x00000006cce00000|
|  87|0x00000006ccf00000, 0x00000006ccf00000, 0x00000006cd000000|  0%| F|  |TS  0|AC  0|TAMS 0x00000006ccf00000, 0x00000006ccf00000|
|  88|0x00000006cd000000, 0x00000006cd000000, 0x00000006cd100000|  0%| F|  |TS  0|AC  0|TAMS 0x00000006cd000000, 0x00000006cd000000|
|  89|0x00000006cd100000, 0x00000006cd100000, 0x00000006cd200000|  0%| F|  |TS  0|AC  0|TAMS 0x00000006cd100000, 0x00000006cd100000|
|  90|0x00000006cd200000, 0x00000006cd200000, 0x00000006cd300000|  0%| F|  |TS  0|AC  0|TAMS 0x00000006cd200000, 0x00000006cd200000|
|  91|0x00000006cd300000, 0x00000006cd300000, 0x00000006cd400000|  0%| F|  |TS  0|AC  0|TAMS 0x00000006cd300000, 0x00000006cd300000|
|  92|0x00000006cd400000, 0x00000006cd400000, 0x00000006cd500000|  0%| F|  |TS  0|AC  0|TAMS 0x00000006cd400000, 0x00000006cd400000|
|  93|0x00000006cd500000, 0x00000006cd500000, 0x00000006cd600000|  0%| F|  |TS  0|AC  0|TAMS 0x00000006cd500000, 0x00000006cd500000|
|  94|0x00000006cd600000, 0x00000006cd600000, 0x00000006cd700000|  0%| F|  |TS  0|AC  0|TAMS 0x00000006cd600000, 0x00000006cd600000|
|  95|0x00000006cd700000, 0x00000006cd700000, 0x00000006cd800000|  0%| F|  |TS  0|AC  0|TAMS 0x00000006cd700000, 0x00000006cd700000|
|  96|0x00000006cd800000, 0x00000006cd800000, 0x00000006cd900000|  0%| F|  |TS  0|AC  0|TAMS 0x00000006cd800000, 0x00000006cd800000|
|  97|0x00000006cd900000, 0x00000006cd900000, 0x00000006cda00000|  0%| F|  |TS  0|AC  0|TAMS 0x00000006cd900000, 0x00000006cd900000|
|  98|0x00000006cda00000, 0x00000006cda00000, 0x00000006cdb00000|  0%| F|  |TS  0|AC  0|TAMS 0x00000006cda00000, 0x00000006cda00000|
|  99|0x00000006cdb00000, 0x00000006cdb00000, 0x00000006cdc00000|  0%| F|  |TS  0|AC  0|TAMS 0x00000006cdb00000, 0x00000006cdb00000|
| 100|0x00000006cdc00000, 0x00000006cdc00000, 0x00000006cdd00000|  0%| F|  |TS  0|AC  0|TAMS 0x00000006cdc00000, 0x00000006cdc00000|
| 101|0x00000006cdd00000, 0x00000006cdd00000, 0x00000006cde00000|  0%| F|  |TS  0|AC  0|TAMS 0x00000006cdd00000, 0x00000006cdd00000|
| 102|0x00000006cde00000, 0x00000006cde00000, 0x00000006cdf00000|  0%| F|  |TS  0|AC  0|TAMS 0x00000006cde00000, 0x00000006cde00000|
| 103|0x00000006cdf00000, 0x00000006cdf00000, 0x00000006ce000000|  0%| F|  |TS  0|AC  0|TAMS 0x00000006cdf00000, 0x00000006cdf00000|
| 104|0x00000006ce000000, 0x00000006ce000000, 0x00000006ce100000|  0%| F|  |TS  0|AC  0|TAMS 0x00000006ce000000, 0x00000006ce000000|
| 105|0x00000006ce100000, 0x00000006ce100000, 0x00000006ce200000|  0%| F|  |TS  0|AC  0|TAMS 0x00000006ce100000, 0x00000006ce100000|
| 106|0x00000006ce200000, 0x00000006ce200000, 0x00000006ce300000|  0%| F|  |TS  0|AC  0|TAMS 0x00000006ce200000, 0x00000006ce200000|
| 107|0x00000006ce300000, 0x00000006ce300000, 0x00000006ce400000|  0%| F|  |TS  0|AC  0|TAMS 0x00000006ce300000, 0x00000006ce300000|
| 108|0x00000006ce400000, 0x00000006ce400000, 0x00000006ce500000|  0%| F|  |TS  0|AC  0|TAMS 0x00000006ce400000, 0x00000006ce400000|
| 109|0x00000006ce500000, 0x00000006ce500000, 0x00000006ce600000|  0%| F|  |TS  0|AC  0|TAMS 0x00000006ce500000, 0x00000006ce500000|
| 110|0x00000006ce600000, 0x00000006ce600000, 0x00000006ce700000|  0%| F|  |TS  0|AC  0|TAMS 0x00000006ce600000, 0x00000006ce600000|
| 111|0x00000006ce700000, 0x00000006ce700000, 0x00000006ce800000|  0%| F|  |TS  0|AC  0|TAMS 0x00000006ce700000, 0x00000006ce700000|
| 112|0x00000006ce800000, 0x00000006ce800000, 0x00000006ce900000|  0%| F|  |TS  0|AC  0|TAMS 0x00000006ce800000, 0x00000006ce800000|
| 113|0x00000006ce900000, 0x00000006ce900000, 0x00000006cea00000|  0%| F|  |TS  0|AC  0|TAMS 0x00000006ce900000, 0x00000006ce900000|
| 114|0x00000006cea00000, 0x00000006cea00000, 0x00000006ceb00000|  0%| F|  |TS  0|AC  0|TAMS 0x00000006cea00000, 0x00000006cea00000|
| 115|0x00000006ceb00000, 0x00000006ceb00000, 0x00000006cec00000|  0%| F|  |TS  0|AC  0|TAMS 0x00000006ceb00000, 0x00000006ceb00000|
| 116|0x00000006cec00000, 0x00000006cec00000, 0x00000006ced00000|  0%| F|  |TS  0|AC  0|TAMS 0x00000006cec00000, 0x00000006cec00000|
| 117|0x00000006ced00000, 0x00000006ced00000, 0x00000006cee00000|  0%| F|  |TS  0|AC  0|TAMS 0x00000006ced00000, 0x00000006ced00000|
| 118|0x00000006cee00000, 0x00000006cee00000, 0x00000006cef00000|  0%| F|  |TS  0|AC  0|TAMS 0x00000006cee00000, 0x00000006cee00000|
| 119|0x00000006cef00000, 0x00000006cef00000, 0x00000006cf000000|  0%| F|  |TS  0|AC  0|TAMS 0x00000006cef00000, 0x00000006cef00000|
| 120|0x00000006cf000000, 0x00000006cf000000, 0x00000006cf100000|  0%| F|  |TS  0|AC  0|TAMS 0x00000006cf000000, 0x00000006cf000000|
| 121|0x00000006cf100000, 0x00000006cf100000, 0x00000006cf200000|  0%| F|  |TS  0|AC  0|TAMS 0x00000006cf100000, 0x00000006cf100000|
| 122|0x00000006cf200000, 0x00000006cf200000, 0x00000006cf300000|  0%| F|  |TS  0|AC  0|TAMS 0x00000006cf200000, 0x00000006cf200000|
| 123|0x00000006cf300000, 0x00000006cf300000, 0x00000006cf400000|  0%| F|  |TS  0|AC  0|TAMS 0x00000006cf300000, 0x00000006cf300000|
| 124|0x00000006cf400000, 0x00000006cf400000, 0x00000006cf500000|  0%| F|  |TS  0|AC  0|TAMS 0x00000006cf400000, 0x00000006cf400000|
| 125|0x00000006cf500000, 0x00000006cf500000, 0x00000006cf600000|  0%| F|  |TS  0|AC  0|TAMS 0x00000006cf500000, 0x00000006cf500000|
| 126|0x00000006cf600000, 0x00000006cf600000, 0x00000006cf700000|  0%| F|  |TS  0|AC  0|TAMS 0x00000006cf600000, 0x00000006cf600000|
| 127|0x00000006cf700000, 0x00000006cf700000, 0x00000006cf800000|  0%| F|  |TS  0|AC  0|TAMS 0x00000006cf700000, 0x00000006cf700000|
| 128|0x00000006cf800000, 0x00000006cf800000, 0x00000006cf900000|  0%| F|  |TS  0|AC  0|TAMS 0x00000006cf800000, 0x00000006cf800000|
| 129|0x00000006cf900000, 0x00000006cf900000, 0x00000006cfa00000|  0%| F|  |TS  0|AC  0|TAMS 0x00000006cf900000, 0x00000006cf900000|
| 130|0x00000006cfa00000, 0x00000006cfa00000, 0x00000006cfb00000|  0%| F|  |TS  0|AC  0|TAMS 0x00000006cfa00000, 0x00000006cfa00000|
| 131|0x00000006cfb00000, 0x00000006cfb00000, 0x00000006cfc00000|  0%| F|  |TS  0|AC  0|TAMS 0x00000006cfb00000, 0x00000006cfb00000|
| 132|0x00000006cfc00000, 0x00000006cfc00000, 0x00000006cfd00000|  0%| F|  |TS  0|AC  0|TAMS 0x00000006cfc00000, 0x00000006cfc00000|
| 133|0x00000006cfd00000, 0x00000006cfd00000, 0x00000006cfe00000|  0%| F|  |TS  0|AC  0|TAMS 0x00000006cfd00000, 0x00000006cfd00000|
| 134|0x00000006cfe00000, 0x00000006cfe00000, 0x00000006cff00000|  0%| F|  |TS  0|AC  0|TAMS 0x00000006cfe00000, 0x00000006cfe00000|
| 135|0x00000006cff00000, 0x00000006cff00000, 0x00000006d0000000|  0%| F|  |TS  0|AC  0|TAMS 0x00000006cff00000, 0x00000006cff00000|
| 136|0x00000006d0000000, 0x00000006d0000000, 0x00000006d0100000|  0%| F|  |TS  0|AC  0|TAMS 0x00000006d0000000, 0x00000006d0000000|
| 137|0x00000006d0100000, 0x00000006d0100000, 0x00000006d0200000|  0%| F|  |TS  0|AC  0|TAMS 0x00000006d0100000, 0x00000006d0100000|
| 138|0x00000006d0200000, 0x00000006d0200000, 0x00000006d0300000|  0%| F|  |TS  0|AC  0|TAMS 0x00000006d0200000, 0x00000006d0200000|
| 139|0x00000006d0300000, 0x00000006d0300000, 0x00000006d0400000|  0%| F|  |TS  0|AC  0|TAMS 0x00000006d0300000, 0x00000006d0300000|
| 140|0x00000006d0400000, 0x00000006d0400000, 0x00000006d0500000|  0%| F|  |TS  0|AC  0|TAMS 0x00000006d0400000, 0x00000006d0400000|
| 141|0x00000006d0500000, 0x00000006d0500000, 0x00000006d0600000|  0%| F|  |TS  0|AC  0|TAMS 0x00000006d0500000, 0x00000006d0500000|
| 142|0x00000006d0600000, 0x00000006d0600000, 0x00000006d0700000|  0%| F|  |TS  0|AC  0|TAMS 0x00000006d0600000, 0x00000006d0600000|
| 143|0x00000006d0700000, 0x00000006d0700000, 0x00000006d0800000|  0%| F|  |TS  0|AC  0|TAMS 0x00000006d0700000, 0x00000006d0700000|
| 144|0x00000006d0800000, 0x00000006d0800000, 0x00000006d0900000|  0%| F|  |TS  0|AC  0|TAMS 0x00000006d0800000, 0x00000006d0800000|
| 145|0x00000006d0900000, 0x00000006d0900000, 0x00000006d0a00000|  0%| F|  |TS  0|AC  0|TAMS 0x00000006d0900000, 0x00000006d0900000|
| 146|0x00000006d0a00000, 0x00000006d0a00000, 0x00000006d0b00000|  0%| F|  |TS  0|AC  0|TAMS 0x00000006d0a00000, 0x00000006d0a00000|
| 147|0x00000006d0b00000, 0x00000006d0b00000, 0x00000006d0c00000|  0%| F|  |TS  0|AC  0|TAMS 0x00000006d0b00000, 0x00000006d0b00000|
| 148|0x00000006d0c00000, 0x00000006d0c00000, 0x00000006d0d00000|  0%| F|  |TS  0|AC  0|TAMS 0x00000006d0c00000, 0x00000006d0c00000|
| 149|0x00000006d0d00000, 0x00000006d0d00000, 0x00000006d0e00000|  0%| F|  |TS  0|AC  0|TAMS 0x00000006d0d00000, 0x00000006d0d00000|
| 150|0x00000006d0e00000, 0x00000006d0e00000, 0x00000006d0f00000|  0%| F|  |TS  0|AC  0|TAMS 0x00000006d0e00000, 0x00000006d0e00000|
| 151|0x00000006d0f00000, 0x00000006d0f00000, 0x00000006d1000000|  0%| F|  |TS  0|AC  0|TAMS 0x00000006d0f00000, 0x00000006d0f00000|
| 152|0x00000006d1000000, 0x00000006d1000000, 0x00000006d1100000|  0%| F|  |TS  0|AC  0|TAMS 0x00000006d1000000, 0x00000006d1000000|
| 153|0x00000006d1100000, 0x00000006d1100000, 0x00000006d1200000|  0%| F|  |TS  0|AC  0|TAMS 0x00000006d1100000, 0x00000006d1100000|
| 154|0x00000006d1200000, 0x00000006d1200000, 0x00000006d1300000|  0%| F|  |TS  0|AC  0|TAMS 0x00000006d1200000, 0x00000006d1200000|
| 155|0x00000006d1300000, 0x00000006d1300000, 0x00000006d1400000|  0%| F|  |TS  0|AC  0|TAMS 0x00000006d1300000, 0x00000006d1300000|
| 156|0x00000006d1400000, 0x00000006d1400000, 0x00000006d1500000|  0%| F|  |TS  0|AC  0|TAMS 0x00000006d1400000, 0x00000006d1400000|
| 157|0x00000006d1500000, 0x00000006d1500000, 0x00000006d1600000|  0%| F|  |TS  0|AC  0|TAMS 0x00000006d1500000, 0x00000006d1500000|
| 158|0x00000006d1600000, 0x00000006d1600000, 0x00000006d1700000|  0%| F|  |TS  0|AC  0|TAMS 0x00000006d1600000, 0x00000006d1600000|
| 159|0x00000006d1700000, 0x00000006d1700000, 0x00000006d1800000|  0%| F|  |TS  0|AC  0|TAMS 0x00000006d1700000, 0x00000006d1700000|
| 160|0x00000006d1800000, 0x00000006d1800000, 0x00000006d1900000|  0%| F|  |TS  0|AC  0|TAMS 0x00000006d1800000, 0x00000006d1800000|
| 161|0x00000006d1900000, 0x00000006d1900000, 0x00000006d1a00000|  0%| F|  |TS  0|AC  0|TAMS 0x00000006d1900000, 0x00000006d1900000|
| 162|0x00000006d1a00000, 0x00000006d1a00000, 0x00000006d1b00000|  0%| F|  |TS  0|AC  0|TAMS 0x00000006d1a00000, 0x00000006d1a00000|
| 163|0x00000006d1b00000, 0x00000006d1b00000, 0x00000006d1c00000|  0%| F|  |TS  0|AC  0|TAMS 0x00000006d1b00000, 0x00000006d1b00000|
| 164|0x00000006d1c00000, 0x00000006d1c00000, 0x00000006d1d00000|  0%| F|  |TS  0|AC  0|TAMS 0x00000006d1c00000, 0x00000006d1c00000|
| 165|0x00000006d1d00000, 0x00000006d1d00000, 0x00000006d1e00000|  0%| F|  |TS  0|AC  0|TAMS 0x00000006d1d00000, 0x00000006d1d00000|
| 166|0x00000006d1e00000, 0x00000006d1e00000, 0x00000006d1f00000|  0%| F|  |TS  0|AC  0|TAMS 0x00000006d1e00000, 0x00000006d1e00000|
| 167|0x00000006d1f00000, 0x00000006d1f00000, 0x00000006d2000000|  0%| F|  |TS  0|AC  0|TAMS 0x00000006d1f00000, 0x00000006d1f00000|
| 168|0x00000006d2000000, 0x00000006d2000000, 0x00000006d2100000|  0%| F|  |TS  0|AC  0|TAMS 0x00000006d2000000, 0x00000006d2000000|
| 169|0x00000006d2100000, 0x00000006d2100000, 0x00000006d2200000|  0%| F|  |TS  0|AC  0|TAMS 0x00000006d2100000, 0x00000006d2100000|
| 170|0x00000006d2200000, 0x00000006d2200000, 0x00000006d2300000|  0%| F|  |TS  0|AC  0|TAMS 0x00000006d2200000, 0x00000006d2200000|
| 171|0x00000006d2300000, 0x00000006d2300000, 0x00000006d2400000|  0%| F|  |TS  0|AC  0|TAMS 0x00000006d2300000, 0x00000006d2300000|
| 172|0x00000006d2400000, 0x00000006d2400000, 0x00000006d2500000|  0%| F|  |TS  0|AC  0|TAMS 0x00000006d2400000, 0x00000006d2400000|
| 173|0x00000006d2500000, 0x00000006d2500000, 0x00000006d2600000|  0%| F|  |TS  0|AC  0|TAMS 0x00000006d2500000, 0x00000006d2500000|
| 174|0x00000006d2600000, 0x00000006d2600000, 0x00000006d2700000|  0%| F|  |TS  0|AC  0|TAMS 0x00000006d2600000, 0x00000006d2600000|
| 175|0x00000006d2700000, 0x00000006d2700000, 0x00000006d2800000|  0%| F|  |TS  0|AC  0|TAMS 0x00000006d2700000, 0x00000006d2700000|
| 176|0x00000006d2800000, 0x00000006d2800000, 0x00000006d2900000|  0%| F|  |TS  0|AC  0|TAMS 0x00000006d2800000, 0x00000006d2800000|
| 177|0x00000006d2900000, 0x00000006d2900000, 0x00000006d2a00000|  0%| F|  |TS  0|AC  0|TAMS 0x00000006d2900000, 0x00000006d2900000|
| 178|0x00000006d2a00000, 0x00000006d2a00000, 0x00000006d2b00000|  0%| F|  |TS  0|AC  0|TAMS 0x00000006d2a00000, 0x00000006d2a00000|
| 179|0x00000006d2b00000, 0x00000006d2b00000, 0x00000006d2c00000|  0%| F|  |TS  0|AC  0|TAMS 0x00000006d2b00000, 0x00000006d2b00000|
| 180|0x00000006d2c00000, 0x00000006d2c00000, 0x00000006d2d00000|  0%| F|  |TS  0|AC  0|TAMS 0x00000006d2c00000, 0x00000006d2c00000|
| 181|0x00000006d2d00000, 0x00000006d2d00000, 0x00000006d2e00000|  0%| F|  |TS  0|AC  0|TAMS 0x00000006d2d00000, 0x00000006d2d00000|
| 182|0x00000006d2e00000, 0x00000006d2e00000, 0x00000006d2f00000|  0%| F|  |TS  0|AC  0|TAMS 0x00000006d2e00000, 0x00000006d2e00000|
| 183|0x00000006d2f00000, 0x00000006d2f00000, 0x00000006d3000000|  0%| F|  |TS  0|AC  0|TAMS 0x00000006d2f00000, 0x00000006d2f00000|
| 184|0x00000006d3000000, 0x00000006d3000000, 0x00000006d3100000|  0%| F|  |TS  0|AC  0|TAMS 0x00000006d3000000, 0x00000006d3000000|
| 185|0x00000006d3100000, 0x00000006d3100000, 0x00000006d3200000|  0%| F|  |TS  0|AC  0|TAMS 0x00000006d3100000, 0x00000006d3100000|
| 186|0x00000006d3200000, 0x00000006d3200000, 0x00000006d3300000|  0%| F|  |TS  0|AC  0|TAMS 0x00000006d3200000, 0x00000006d3200000|
| 187|0x00000006d3300000, 0x00000006d3300000, 0x00000006d3400000|  0%| F|  |TS  0|AC  0|TAMS 0x00000006d3300000, 0x00000006d3300000|
| 188|0x00000006d3400000, 0x00000006d3400000, 0x00000006d3500000|  0%| F|  |TS  0|AC  0|TAMS 0x00000006d3400000, 0x00000006d3400000|
| 189|0x00000006d3500000, 0x00000006d3500000, 0x00000006d3600000|  0%| F|  |TS  0|AC  0|TAMS 0x00000006d3500000, 0x00000006d3500000|
| 190|0x00000006d3600000, 0x00000006d3600000, 0x00000006d3700000|  0%| F|  |TS  0|AC  0|TAMS 0x00000006d3600000, 0x00000006d3600000|
| 191|0x00000006d3700000, 0x00000006d3700000, 0x00000006d3800000|  0%| F|  |TS  0|AC  0|TAMS 0x00000006d3700000, 0x00000006d3700000|
| 192|0x00000006d3800000, 0x00000006d3800000, 0x00000006d3900000|  0%| F|  |TS  0|AC  0|TAMS 0x00000006d3800000, 0x00000006d3800000|
| 193|0x00000006d3900000, 0x00000006d3900000, 0x00000006d3a00000|  0%| F|  |TS  0|AC  0|TAMS 0x00000006d3900000, 0x00000006d3900000|
| 194|0x00000006d3a00000, 0x00000006d3a00000, 0x00000006d3b00000|  0%| F|  |TS  0|AC  0|TAMS 0x00000006d3a00000, 0x00000006d3a00000|
| 195|0x00000006d3b00000, 0x00000006d3b00000, 0x00000006d3c00000|  0%| F|  |TS  0|AC  0|TAMS 0x00000006d3b00000, 0x00000006d3b00000|
| 196|0x00000006d3c00000, 0x00000006d3c00000, 0x00000006d3d00000|  0%| F|  |TS  0|AC  0|TAMS 0x00000006d3c00000, 0x00000006d3c00000|
| 197|0x00000006d3d00000, 0x00000006d3d00000, 0x00000006d3e00000|  0%| F|  |TS  0|AC  0|TAMS 0x00000006d3d00000, 0x00000006d3d00000|
| 198|0x00000006d3e00000, 0x00000006d3e00000, 0x00000006d3f00000|  0%| F|  |TS  0|AC  0|TAMS 0x00000006d3e00000, 0x00000006d3e00000|
| 199|0x00000006d3f00000, 0x00000006d3f00000, 0x00000006d4000000|  0%| F|  |TS  0|AC  0|TAMS 0x00000006d3f00000, 0x00000006d3f00000|
| 200|0x00000006d4000000, 0x00000006d4000000, 0x00000006d4100000|  0%| F|  |TS  0|AC  0|TAMS 0x00000006d4000000, 0x00000006d4000000|
| 201|0x00000006d4100000, 0x00000006d4100000, 0x00000006d4200000|  0%| F|  |TS  0|AC  0|TAMS 0x00000006d4100000, 0x00000006d4100000|
| 202|0x00000006d4200000, 0x00000006d4200000, 0x00000006d4300000|  0%| F|  |TS  0|AC  0|TAMS 0x00000006d4200000, 0x00000006d4200000|
| 203|0x00000006d4300000, 0x00000006d4300000, 0x00000006d4400000|  0%| F|  |TS  0|AC  0|TAMS 0x00000006d4300000, 0x00000006d4300000|
| 204|0x00000006d4400000, 0x00000006d4400000, 0x00000006d4500000|  0%| F|  |TS  0|AC  0|TAMS 0x00000006d4400000, 0x00000006d4400000|
| 205|0x00000006d4500000, 0x00000006d4500000, 0x00000006d4600000|  0%| F|  |TS  0|AC  0|TAMS 0x00000006d4500000, 0x00000006d4500000|
| 206|0x00000006d4600000, 0x00000006d4600000, 0x00000006d4700000|  0%| F|  |TS  0|AC  0|TAMS 0x00000006d4600000, 0x00000006d4600000|
| 207|0x00000006d4700000, 0x00000006d4700000, 0x00000006d4800000|  0%| F|  |TS  0|AC  0|TAMS 0x00000006d4700000, 0x00000006d4700000|
| 208|0x00000006d4800000, 0x00000006d4800000, 0x00000006d4900000|  0%| F|  |TS  0|AC  0|TAMS 0x00000006d4800000, 0x00000006d4800000|
| 209|0x00000006d4900000, 0x00000006d4900000, 0x00000006d4a00000|  0%| F|  |TS  0|AC  0|TAMS 0x00000006d4900000, 0x00000006d4900000|
| 210|0x00000006d4a00000, 0x00000006d4a00000, 0x00000006d4b00000|  0%| F|  |TS  0|AC  0|TAMS 0x00000006d4a00000, 0x00000006d4a00000|
| 211|0x00000006d4b00000, 0x00000006d4b00000, 0x00000006d4c00000|  0%| F|  |TS  0|AC  0|TAMS 0x00000006d4b00000, 0x00000006d4b00000|
| 212|0x00000006d4c00000, 0x00000006d4c00000, 0x00000006d4d00000|  0%| F|  |TS  0|AC  0|TAMS 0x00000006d4c00000, 0x00000006d4c00000|
| 213|0x00000006d4d00000, 0x00000006d4d00000, 0x00000006d4e00000|  0%| F|  |TS  0|AC  0|TAMS 0x00000006d4d00000, 0x00000006d4d00000|
| 214|0x00000006d4e00000, 0x00000006d4e00000, 0x00000006d4f00000|  0%| F|  |TS  0|AC  0|TAMS 0x00000006d4e00000, 0x00000006d4e00000|
| 215|0x00000006d4f00000, 0x00000006d4f00000, 0x00000006d5000000|  0%| F|  |TS  0|AC  0|TAMS 0x00000006d4f00000, 0x00000006d4f00000|
| 216|0x00000006d5000000, 0x00000006d5000000, 0x00000006d5100000|  0%| F|  |TS  0|AC  0|TAMS 0x00000006d5000000, 0x00000006d5000000|
| 217|0x00000006d5100000, 0x00000006d5100000, 0x00000006d5200000|  0%| F|  |TS  0|AC  0|TAMS 0x00000006d5100000, 0x00000006d5100000|
| 218|0x00000006d5200000, 0x00000006d5200000, 0x00000006d5300000|  0%| F|  |TS  0|AC  0|TAMS 0x00000006d5200000, 0x00000006d5200000|
| 219|0x00000006d5300000, 0x00000006d5300000, 0x00000006d5400000|  0%| F|  |TS  0|AC  0|TAMS 0x00000006d5300000, 0x00000006d5300000|
| 220|0x00000006d5400000, 0x00000006d5400000, 0x00000006d5500000|  0%| F|  |TS  0|AC  0|TAMS 0x00000006d5400000, 0x00000006d5400000|
| 221|0x00000006d5500000, 0x00000006d5500000, 0x00000006d5600000|  0%| F|  |TS  0|AC  0|TAMS 0x00000006d5500000, 0x00000006d5500000|
| 222|0x00000006d5600000, 0x00000006d5600000, 0x00000006d5700000|  0%| F|  |TS  0|AC  0|TAMS 0x00000006d5600000, 0x00000006d5600000|
| 223|0x00000006d5700000, 0x00000006d5700000, 0x00000006d5800000|  0%| F|  |TS  0|AC  0|TAMS 0x00000006d5700000, 0x00000006d5700000|
| 224|0x00000006d5800000, 0x00000006d5800000, 0x00000006d5900000|  0%| F|  |TS  0|AC  0|TAMS 0x00000006d5800000, 0x00000006d5800000|
| 225|0x00000006d5900000, 0x00000006d5900000, 0x00000006d5a00000|  0%| F|  |TS  0|AC  0|TAMS 0x00000006d5900000, 0x00000006d5900000|
| 226|0x00000006d5a00000, 0x00000006d5a00000, 0x00000006d5b00000|  0%| F|  |TS  0|AC  0|TAMS 0x00000006d5a00000, 0x00000006d5a00000|
| 227|0x00000006d5b00000, 0x00000006d5b00000, 0x00000006d5c00000|  0%| F|  |TS  0|AC  0|TAMS 0x00000006d5b00000, 0x00000006d5b00000|
| 228|0x00000006d5c00000, 0x00000006d5c00000, 0x00000006d5d00000|  0%| F|  |TS  0|AC  0|TAMS 0x00000006d5c00000, 0x00000006d5c00000|
| 229|0x00000006d5d00000, 0x00000006d5d00000, 0x00000006d5e00000|  0%| F|  |TS  0|AC  0|TAMS 0x00000006d5d00000, 0x00000006d5d00000|
| 230|0x00000006d5e00000, 0x00000006d5e00000, 0x00000006d5f00000|  0%| F|  |TS  0|AC  0|TAMS 0x00000006d5e00000, 0x00000006d5e00000|
| 231|0x00000006d5f00000, 0x00000006d5f00000, 0x00000006d6000000|  0%| F|  |TS  0|AC  0|TAMS 0x00000006d5f00000, 0x00000006d5f00000|
| 232|0x00000006d6000000, 0x00000006d6000000, 0x00000006d6100000|  0%| F|  |TS  0|AC  0|TAMS 0x00000006d6000000, 0x00000006d6000000|
| 233|0x00000006d6100000, 0x00000006d6100000, 0x00000006d6200000|  0%| F|  |TS  0|AC  0|TAMS 0x00000006d6100000, 0x00000006d6100000|
| 234|0x00000006d6200000, 0x00000006d6200000, 0x00000006d6300000|  0%| F|  |TS  0|AC  0|TAMS 0x00000006d6200000, 0x00000006d6200000|
| 235|0x00000006d6300000, 0x00000006d6300000, 0x00000006d6400000|  0%| F|  |TS  0|AC  0|TAMS 0x00000006d6300000, 0x00000006d6300000|
| 236|0x00000006d6400000, 0x00000006d6400000, 0x00000006d6500000|  0%| F|  |TS  0|AC  0|TAMS 0x00000006d6400000, 0x00000006d6400000|
| 237|0x00000006d6500000, 0x00000006d6500000, 0x00000006d6600000|  0%| F|  |TS  0|AC  0|TAMS 0x00000006d6500000, 0x00000006d6500000|
| 238|0x00000006d6600000, 0x00000006d6600000, 0x00000006d6700000|  0%| F|  |TS  0|AC  0|TAMS 0x00000006d6600000, 0x00000006d6600000|
| 239|0x00000006d6700000, 0x00000006d6700000, 0x00000006d6800000|  0%| F|  |TS  0|AC  0|TAMS 0x00000006d6700000, 0x00000006d6700000|
| 240|0x00000006d6800000, 0x00000006d6800000, 0x00000006d6900000|  0%| F|  |TS  0|AC  0|TAMS 0x00000006d6800000, 0x00000006d6800000|
| 241|0x00000006d6900000, 0x00000006d6900000, 0x00000006d6a00000|  0%| F|  |TS  0|AC  0|TAMS 0x00000006d6900000, 0x00000006d6900000|
| 242|0x00000006d6a00000, 0x00000006d6a00000, 0x00000006d6b00000|  0%| F|  |TS  0|AC  0|TAMS 0x00000006d6a00000, 0x00000006d6a00000|
| 243|0x00000006d6b00000, 0x00000006d6b00000, 0x00000006d6c00000|  0%| F|  |TS  0|AC  0|TAMS 0x00000006d6b00000, 0x00000006d6b00000|
| 244|0x00000006d6c00000, 0x00000006d6c00000, 0x00000006d6d00000|  0%| F|  |TS  0|AC  0|TAMS 0x00000006d6c00000, 0x00000006d6c00000|
| 245|0x00000006d6d00000, 0x00000006d6d48b48, 0x00000006d6e00000| 28%| E|  |TS  0|AC  0|TAMS 0x00000006d6d00000, 0x00000006d6d00000|
| 246|0x00000006d6e00000, 0x00000006d6f00000, 0x00000006d6f00000|100%| E|CS|TS  0|AC  0|TAMS 0x00000006d6e00000, 0x00000006d6e00000|
| 247|0x00000006d6f00000, 0x00000006d7000000, 0x00000006d7000000|100%| E|CS|TS  0|AC  0|TAMS 0x00000006d6f00000, 0x00000006d6f00000|
| 248|0x00000006d7000000, 0x00000006d7100000, 0x00000006d7100000|100%| E|CS|TS  0|AC  0|TAMS 0x00000006d7000000, 0x00000006d7000000|
| 249|0x00000006d7100000, 0x00000006d7200000, 0x00000006d7200000|100%| E|CS|TS  0|AC  0|TAMS 0x00000006d7100000, 0x00000006d7100000|

Card table byte_map: [0x00007f34106bd000,0x00007f3410e81000] byte_map_base: 0x00007f340d081000

Marking Bits (Prev, Next): (CMBitMap*) 0x00007f340c07b910, (CMBitMap*) 0x00007f340c07b948
 Prev Bits: [0x00007f33e01e0000, 0x00007f33e4000000)
 Next Bits: [0x00007f33d81e0000, 0x00007f33dc000000)

Polling page: 0x00007f3415f4c000

CodeHeap 'non-profiled nmethods': size=120032Kb used=85Kb max_used=85Kb free=119946Kb
 bounds [0x00007f33fb5ed000, 0x00007f33fb85d000, 0x00007f3402b25000]
CodeHeap 'profiled nmethods': size=120032Kb used=334Kb max_used=334Kb free=119697Kb
 bounds [0x00007f33f40b5000, 0x00007f33f4325000, 0x00007f33fb5ed000]
CodeHeap 'non-nmethods': size=5696Kb used=1043Kb max_used=1049Kb free=4652Kb
 bounds [0x00007f33f3b25000, 0x00007f33f3d95000, 0x00007f33f40b5000]
 total_blobs=706 nmethods=278 adapters=255
 compilation: enabled

Compilation events (10 events):
Event: 0,197 Thread 0x00007f340c212800  271       3       java.lang.AbstractStringBuilder::append (77 bytes)
Event: 0,197 Thread 0x00007f340c212800 nmethod 271 0x00007f33f4107690 code [0x00007f33f41078c0, 0x00007f33f4107fa8]
Event: 0,197 Thread 0x00007f340c212800  270       3       java.lang.StringBuilder::append (8 bytes)
Event: 0,198 Thread 0x00007f340c212800 nmethod 270 0x00007f33f4108210 code [0x00007f33f41083c0, 0x00007f33f4108568]
Event: 0,198 Thread 0x00007f340c212800  263       3       java.lang.invoke.MethodType::parameterCount (6 bytes)
Event: 0,198 Thread 0x00007f340c212800 nmethod 263 0x00007f33f4108610 code [0x00007f33f41087c0, 0x00007f33f4108930]
Event: 0,198 Thread 0x00007f340c212800  274       1       java.lang.invoke.MethodTypeForm::erasedType (5 bytes)
Event: 0,198 Thread 0x00007f340c212800 nmethod 274 0x00007f33fb601f10 code [0x00007f33fb6020c0, 0x00007f33fb6021d0]
Event: 0,198 Thread 0x00007f340c212800  269       1       java.lang.invoke.MethodHandle::type (5 bytes)
Event: 0,198 Thread 0x00007f340c212800 nmethod 269 0x00007f33fb602210 code [0x00007f33fb6023c0, 0x00007f33fb6024d0]

GC Heap History (0 events):
No events

Deoptimization events (3 events):
Event: 0,105 Thread 0x00007f340c013000 Uncommon trap: reason=unstable_if action=reinterpret pc=0x00007f33fb5f43dc method=java.lang.String.hashCode()I @ 14 c2
Event: 0,191 Thread 0x00007f340c013000 Uncommon trap: reason=unstable_if action=reinterpret pc=0x00007f33fb5fc210 method=java.lang.String.isLatin1()Z @ 10 c2
Event: 0,192 Thread 0x00007f340c013000 Uncommon trap: reason=unstable_if action=reinterpret pc=0x00007f33fb5fcd78 method=java.lang.String.isLatin1()Z @ 10 c2

Classes redefined (0 events):
No events

Internal exceptions (5 events):
Event: 0,155 Thread 0x00007f340c013000 Exception <a 'java/io/FileNotFoundException'{0x00000006d6e52b78}> (0x00000006d6e52b78) thrown at [/build/openjdk-lts-HXybSI/openjdk-lts-10.0.2+13/src/hotspot/share/prims/jni.cpp, line 611]
Event: 0,159 Thread 0x00007f340c013000 Exception <a 'java/io/FileNotFoundException'{0x00000006d6e67d58}> (0x00000006d6e67d58) thrown at [/build/openjdk-lts-HXybSI/openjdk-lts-10.0.2+13/src/hotspot/share/prims/jni.cpp, line 611]
Event: 0,177 Thread 0x00007f340c013000 Exception <a 'java/lang/NoSuchMethodError'{0x00000006d6ee4270}: java.lang.Object.lambda$negate$3(I)Z> (0x00000006d6ee4270) thrown at [/build/openjdk-lts-HXybSI/openjdk-lts-10.0.2+13/src/hotspot/share/interpreter/linkResolver.cpp, line 741]
Event: 0,177 Thread 0x00007f340c013000 Exception <a 'java/lang/NoSuchMethodError'{0x00000006d6ee7590}: java.lang.Object.lambda$and$0(Ljava/util/regex/Pattern$CharPredicate;I)Z> (0x00000006d6ee7590) thrown at [/build/openjdk-lts-HXybSI/openjdk-lts-10.0.2+13/src/hotspot/share/interpreter/linkRes
Event: 0,194 Thread 0x00007f340c013000 Exception <a 'java/lang/NoSuchMethodError'{0x00000006d6d3d258}: java.lang.Object.lambda$union$2(Ljava/util/regex/Pattern$CharPredicate;I)Z> (0x00000006d6d3d258) thrown at [/build/openjdk-lts-HXybSI/openjdk-lts-10.0.2+13/src/hotspot/share/interpreter/linkR

Events (10 events):
Event: 0,193 loading class java/util/regex/Pattern$GroupTail
Event: 0,193 loading class java/util/regex/Pattern$GroupTail done
Event: 0,194 loading class java/util/regex/Pattern$BranchConn
Event: 0,194 loading class java/util/regex/Pattern$BranchConn done
Event: 0,194 loading class java/util/regex/Pattern$Branch
Event: 0,194 loading class java/util/regex/Pattern$Branch done
Event: 0,194 loading class java/util/regex/Pattern$Dollar
Event: 0,194 loading class java/util/regex/Pattern$Dollar done
Event: 3,718 loading class java/util/regex/Matcher$ImmutableMatchResult
Event: 3,718 loading class java/util/regex/Matcher$ImmutableMatchResult done


Dynamic libraries:
6c7800000-6d7200000 rw-p 00000000 00:00 0 
6d7200000-7c0000000 ---p 00000000 00:00 0 
7c0000000-7c00c0000 rw-p 00000000 00:00 0 
7c00c0000-800000000 ---p 00000000 00:00 0 
5578a0a21000-5578a0a22000 r-xp 00000000 08:05 795297                     /usr/lib/jvm/java-11-openjdk-amd64/bin/java
5578a0c22000-5578a0c23000 r--p 00001000 08:05 795297                     /usr/lib/jvm/java-11-openjdk-amd64/bin/java
5578a0c23000-5578a0c24000 rw-p 00002000 08:05 795297                     /usr/lib/jvm/java-11-openjdk-amd64/bin/java
5578a16a5000-5578a16c6000 rw-p 00000000 00:00 0                          [heap]
7f3380000000-7f3380021000 rw-p 00000000 00:00 0 
7f3380021000-7f3384000000 ---p 00000000 00:00 0 
7f3388000000-7f3388021000 rw-p 00000000 00:00 0 
7f3388021000-7f338c000000 ---p 00000000 00:00 0 
7f338c000000-7f338c021000 rw-p 00000000 00:00 0 
7f338c021000-7f3390000000 ---p 00000000 00:00 0 
7f3390000000-7f3390021000 rw-p 00000000 00:00 0 
7f3390021000-7f3394000000 ---p 00000000 00:00 0 
7f3394000000-7f3394025000 rw-p 00000000 00:00 0 
7f3394025000-7f3398000000 ---p 00000000 00:00 0 
7f3398000000-7f339807c000 rw-p 00000000 00:00 0 
7f339807c000-7f339c000000 ---p 00000000 00:00 0 
7f339c000000-7f339c021000 rw-p 00000000 00:00 0 
7f339c021000-7f33a0000000 ---p 00000000 00:00 0 
7f33a0000000-7f33a011f000 rw-p 00000000 00:00 0 
7f33a011f000-7f33a4000000 ---p 00000000 00:00 0 
7f33a4000000-7f33a4167000 rw-p 00000000 00:00 0 
7f33a4167000-7f33a8000000 ---p 00000000 00:00 0 
7f33a8000000-7f33a8021000 rw-p 00000000 00:00 0 
7f33a8021000-7f33ac000000 ---p 00000000 00:00 0 
7f33ac000000-7f33ac021000 rw-p 00000000 00:00 0 
7f33ac021000-7f33b0000000 ---p 00000000 00:00 0 
7f33b26ef000-7f33b26f3000 ---p 00000000 00:00 0 
7f33b26f3000-7f33b27f0000 rw-p 00000000 00:00 0 
7f33b27f0000-7f33b27f1000 r-xp 00000000 08:05 795525                     /usr/lib/jvm/java-11-openjdk-amd64/lib/libextnet.so
7f33b27f1000-7f33b29f0000 ---p 00001000 08:05 795525                     /usr/lib/jvm/java-11-openjdk-amd64/lib/libextnet.so
7f33b29f0000-7f33b29f1000 r--p 00000000 08:05 795525                     /usr/lib/jvm/java-11-openjdk-amd64/lib/libextnet.so
7f33b29f1000-7f33b29f2000 rw-p 00001000 08:05 795525                     /usr/lib/jvm/java-11-openjdk-amd64/lib/libextnet.so
7f33b29f2000-7f33b29ff000 r-xp 00000000 08:05 800812                     /usr/lib/jvm/java-11-openjdk-amd64/lib/librxtxSerial.so
7f33b29ff000-7f33b2bfe000 ---p 0000d000 08:05 800812                     /usr/lib/jvm/java-11-openjdk-amd64/lib/librxtxSerial.so
7f33b2bfe000-7f33b2bff000 rw-p 0000c000 08:05 800812                     /usr/lib/jvm/java-11-openjdk-amd64/lib/librxtxSerial.so
7f33b2bff000-7f33b2c00000 ---p 00000000 00:00 0 
7f33b2c00000-7f33b2d01000 rw-p 00000000 00:00 0 
7f33b2d01000-7f33b2d05000 ---p 00000000 00:00 0 
7f33b2d05000-7f33b2e02000 rw-p 00000000 00:00 0 
7f33b2e02000-7f33b2e06000 ---p 00000000 00:00 0 
7f33b2e06000-7f33b2f03000 rw-p 00000000 00:00 0 
7f33b2f03000-7f33b2f1a000 r-xp 00000000 08:05 795544                     /usr/lib/jvm/java-11-openjdk-amd64/lib/libnet.so
7f33b2f1a000-7f33b3119000 ---p 00017000 08:05 795544                     /usr/lib/jvm/java-11-openjdk-amd64/lib/libnet.so
7f33b3119000-7f33b311a000 r--p 00016000 08:05 795544                     /usr/lib/jvm/java-11-openjdk-amd64/lib/libnet.so
7f33b311a000-7f33b311b000 rw-p 00017000 08:05 795544                     /usr/lib/jvm/java-11-openjdk-amd64/lib/libnet.so
7f33b311b000-7f33b312c000 r-xp 00000000 08:05 795545                     /usr/lib/jvm/java-11-openjdk-amd64/lib/libnio.so
7f33b312c000-7f33b332b000 ---p 00011000 08:05 795545                     /usr/lib/jvm/java-11-openjdk-amd64/lib/libnio.so
7f33b332b000-7f33b332c000 r--p 00010000 08:05 795545                     /usr/lib/jvm/java-11-openjdk-amd64/lib/libnio.so
7f33b332c000-7f33b332d000 rw-p 00011000 08:05 795545                     /usr/lib/jvm/java-11-openjdk-amd64/lib/libnio.so
7f33b332d000-7f33b3331000 ---p 00000000 00:00 0 
7f33b3331000-7f33b342e000 rw-p 00000000 00:00 0 
7f33b342e000-7f33b3432000 ---p 00000000 00:00 0 
7f33b3432000-7f33b352f000 rw-p 00000000 00:00 0 
7f33b352f000-7f33b3533000 ---p 00000000 00:00 0 
7f33b3533000-7f33b3630000 rw-p 00000000 00:00 0 
7f33b3630000-7f33b4000000 r--p 00000000 08:05 660933                     /usr/lib/locale/locale-archive
7f33b4000000-7f33b4021000 rw-p 00000000 00:00 0 
7f33b4021000-7f33b8000000 ---p 00000000 00:00 0 
7f33b8000000-7f33b8021000 rw-p 00000000 00:00 0 
7f33b8021000-7f33bc000000 ---p 00000000 00:00 0 
7f33bc000000-7f33bc021000 rw-p 00000000 00:00 0 
7f33bc021000-7f33c0000000 ---p 00000000 00:00 0 
7f33c0000000-7f33c0021000 rw-p 00000000 00:00 0 
7f33c0021000-7f33c4000000 ---p 00000000 00:00 0 
7f33c4000000-7f33c4021000 rw-p 00000000 00:00 0 
7f33c4021000-7f33c8000000 ---p 00000000 00:00 0 
7f33c8000000-7f33c8021000 rw-p 00000000 00:00 0 
7f33c8021000-7f33cc000000 ---p 00000000 00:00 0 
7f33cc000000-7f33cc021000 rw-p 00000000 00:00 0 
7f33cc021000-7f33d0000000 ---p 00000000 00:00 0 
7f33d0000000-7f33d0021000 rw-p 00000000 00:00 0 
7f33d0021000-7f33d4000000 ---p 00000000 00:00 0 
7f33d4000000-7f33d4021000 rw-p 00000000 00:00 0 
7f33d4021000-7f33d8000000 ---p 00000000 00:00 0 
7f33d80df000-7f33d80e3000 ---p 00000000 00:00 0 
7f33d80e3000-7f33d85c8000 rw-p 00000000 00:00 0 
7f33d85c8000-7f33dc000000 ---p 00000000 00:00 0 
7f33dc000000-7f33dc021000 rw-p 00000000 00:00 0 
7f33dc021000-7f33e0000000 ---p 00000000 00:00 0 
7f33e00df000-7f33e00e3000 ---p 00000000 00:00 0 
7f33e00e3000-7f33e05c8000 rw-p 00000000 00:00 0 
7f33e05c8000-7f33e4000000 ---p 00000000 00:00 0 
7f33e4000000-7f33e4021000 rw-p 00000000 00:00 0 
7f33e4021000-7f33e8000000 ---p 00000000 00:00 0 
7f33e8000000-7f33e8021000 rw-p 00000000 00:00 0 
7f33e8021000-7f33ec000000 ---p 00000000 00:00 0 
7f33ec000000-7f33ec021000 rw-p 00000000 00:00 0 
7f33ec021000-7f33f0000000 ---p 00000000 00:00 0 
7f33f00db000-7f33f00df000 ---p 00000000 00:00 0 
7f33f00df000-7f33f01dc000 rw-p 00000000 00:00 0 
7f33f01dc000-7f33f01e0000 ---p 00000000 00:00 0 
7f33f01e0000-7f33f02dd000 rw-p 00000000 00:00 0 
7f33f02dd000-7f33f02e1000 ---p 00000000 00:00 0 
7f33f02e1000-7f33f03de000 rw-p 00000000 00:00 0 
7f33f03de000-7f33f03df000 ---p 00000000 00:00 0 
7f33f03df000-7f33f0c16000 rw-p 00000000 00:00 0 
7f33f0c16000-7f33f0d56000 ---p 00000000 00:00 0 
7f33f0d56000-7f33f0d57000 ---p 00000000 00:00 0 
7f33f0d57000-7f33f0e58000 rw-p 00000000 00:00 0 
7f33f0e58000-7f33f0e59000 ---p 00000000 00:00 0 
7f33f0e59000-7f33f0f5a000 rw-p 00000000 00:00 0 
7f33f0f5a000-7f33f0f5b000 ---p 00000000 00:00 0 
7f33f0f5b000-7f33f105c000 rw-p 00000000 00:00 0 
7f33f105c000-7f33f105d000 ---p 00000000 00:00 0 
7f33f105d000-7f33f115e000 rw-p 00000000 00:00 0 
7f33f115e000-7f33f115f000 ---p 00000000 00:00 0 
7f33f115f000-7f33f33de000 rw-p 00000000 00:00 0 
7f33f33de000-7f33f3b25000 ---p 00000000 00:00 0 
7f33f3b25000-7f33f3d95000 rwxp 00000000 00:00 0 
7f33f3d95000-7f33f40b5000 ---p 00000000 00:00 0 
7f33f40b5000-7f33f4325000 rwxp 00000000 00:00 0 
7f33f4325000-7f33fb5ed000 ---p 00000000 00:00 0 
7f33fb5ed000-7f33fb85d000 rwxp 00000000 00:00 0 
7f33fb85d000-7f3402b25000 ---p 00000000 00:00 0 
7f3402b25000-7f340c000000 r--s 00000000 08:05 795554                     /usr/lib/jvm/java-11-openjdk-amd64/lib/modules
7f340c000000-7f340c33b000 rw-p 00000000 00:00 0 
7f340c33b000-7f3410000000 ---p 00000000 00:00 0 
7f3410062000-7f34103c0000 rw-p 00000000 00:00 0 
7f34103c0000-7f34103c1000 ---p 00000000 00:00 0 
7f34103c1000-7f34104c2000 rw-p 00000000 00:00 0 
7f34104c2000-7f34104c3000 ---p 00000000 00:00 0 
7f34104c3000-7f341073a000 rw-p 00000000 00:00 0 
7f341073a000-7f3410e81000 ---p 00000000 00:00 0 
7f3410e81000-7f3410efe000 rw-p 00000000 00:00 0 
7f3410efe000-7f3411645000 ---p 00000000 00:00 0 
7f3411645000-7f3411a49000 rw-p 00000000 00:00 0 
7f3411a49000-7f3411a4a000 ---p 00000000 00:00 0 
7f3411a4a000-7f3411b4b000 rw-p 00000000 00:00 0 
7f3411b4b000-7f3411b4c000 ---p 00000000 00:00 0 
7f3411b4c000-7f3411c4d000 rw-p 00000000 00:00 0 
7f3411c4d000-7f3411c4e000 ---p 00000000 00:00 0 
7f3411c4e000-7f3411d4f000 rw-p 00000000 00:00 0 
7f3411d4f000-7f3411d50000 ---p 00000000 00:00 0 
7f3411d50000-7f3411e56000 rw-p 00000000 00:00 0 
7f3411e56000-7f3411f3c000 ---p 00000000 00:00 0 
7f3411f3c000-7f3411f41000 rw-p 00000000 00:00 0 
7f3411f41000-7f3412027000 ---p 00000000 00:00 0 
7f3412027000-7f341202c000 r-xp 00000000 08:05 795536                     /usr/lib/jvm/java-11-openjdk-amd64/lib/libjimage.so
7f341202c000-7f341222b000 ---p 00005000 08:05 795536                     /usr/lib/jvm/java-11-openjdk-amd64/lib/libjimage.so
7f341222b000-7f341222c000 r--p 00004000 08:05 795536                     /usr/lib/jvm/java-11-openjdk-amd64/lib/libjimage.so
7f341222c000-7f341222d000 rw-p 00005000 08:05 795536                     /usr/lib/jvm/java-11-openjdk-amd64/lib/libjimage.so
7f341222d000-7f3412234000 r-xp 00000000 08:05 795553                     /usr/lib/jvm/java-11-openjdk-amd64/lib/libzip.so
7f3412234000-7f3412433000 ---p 00007000 08:05 795553                     /usr/lib/jvm/java-11-openjdk-amd64/lib/libzip.so
7f3412433000-7f3412434000 r--p 00006000 08:05 795553                     /usr/lib/jvm/java-11-openjdk-amd64/lib/libzip.so
7f3412434000-7f3412435000 rw-p 00007000 08:05 795553                     /usr/lib/jvm/java-11-openjdk-amd64/lib/libzip.so
7f3412435000-7f3412440000 r-xp 00000000 08:05 2360332                    /lib/x86_64-linux-gnu/libnss_files-2.27.so
7f3412440000-7f341263f000 ---p 0000b000 08:05 2360332                    /lib/x86_64-linux-gnu/libnss_files-2.27.so
7f341263f000-7f3412640000 r--p 0000a000 08:05 2360332                    /lib/x86_64-linux-gnu/libnss_files-2.27.so
7f3412640000-7f3412641000 rw-p 0000b000 08:05 2360332                    /lib/x86_64-linux-gnu/libnss_files-2.27.so
7f3412641000-7f3412647000 rw-p 00000000 00:00 0 
7f3412647000-7f341265e000 r-xp 00000000 08:05 2360326                    /lib/x86_64-linux-gnu/libnsl-2.27.so
7f341265e000-7f341285d000 ---p 00017000 08:05 2360326                    /lib/x86_64-linux-gnu/libnsl-2.27.so
7f341285d000-7f341285e000 r--p 00016000 08:05 2360326                    /lib/x86_64-linux-gnu/libnsl-2.27.so
7f341285e000-7f341285f000 rw-p 00017000 08:05 2360326                    /lib/x86_64-linux-gnu/libnsl-2.27.so
7f341285f000-7f3412861000 rw-p 00000000 00:00 0 
7f3412861000-7f341286c000 r-xp 00000000 08:05 2360343                    /lib/x86_64-linux-gnu/libnss_nis-2.27.so
7f341286c000-7f3412a6b000 ---p 0000b000 08:05 2360343                    /lib/x86_64-linux-gnu/libnss_nis-2.27.so
7f3412a6b000-7f3412a6c000 r--p 0000a000 08:05 2360343                    /lib/x86_64-linux-gnu/libnss_nis-2.27.so
7f3412a6c000-7f3412a6d000 rw-p 0000b000 08:05 2360343                    /lib/x86_64-linux-gnu/libnss_nis-2.27.so
7f3412a6d000-7f3412a75000 r-xp 00000000 08:05 2360328                    /lib/x86_64-linux-gnu/libnss_compat-2.27.so
7f3412a75000-7f3412c75000 ---p 00008000 08:05 2360328                    /lib/x86_64-linux-gnu/libnss_compat-2.27.so
7f3412c75000-7f3412c76000 r--p 00008000 08:05 2360328                    /lib/x86_64-linux-gnu/libnss_compat-2.27.so
7f3412c76000-7f3412c77000 rw-p 00009000 08:05 2360328                    /lib/x86_64-linux-gnu/libnss_compat-2.27.so
7f3412c77000-7f3412c81000 r-xp 00000000 08:05 795527                     /usr/lib/jvm/java-11-openjdk-amd64/lib/libinstrument.so
7f3412c81000-7f3412e80000 ---p 0000a000 08:05 795527                     /usr/lib/jvm/java-11-openjdk-amd64/lib/libinstrument.so
7f3412e80000-7f3412e81000 r--p 00009000 08:05 795527                     /usr/lib/jvm/java-11-openjdk-amd64/lib/libinstrument.so
7f3412e81000-7f3412e82000 rw-p 0000a000 08:05 795527                     /usr/lib/jvm/java-11-openjdk-amd64/lib/libinstrument.so
7f3412e82000-7f3412eae000 r-xp 00000000 08:05 795532                     /usr/lib/jvm/java-11-openjdk-amd64/lib/libjava.so
7f3412eae000-7f34130ad000 ---p 0002c000 08:05 795532                     /usr/lib/jvm/java-11-openjdk-amd64/lib/libjava.so
7f34130ad000-7f34130ae000 r--p 0002b000 08:05 795532                     /usr/lib/jvm/java-11-openjdk-amd64/lib/libjava.so
7f34130ae000-7f34130b0000 rw-p 0002c000 08:05 795532                     /usr/lib/jvm/java-11-openjdk-amd64/lib/libjava.so
7f34130b0000-7f34130bd000 r-xp 00000000 08:05 795552                     /usr/lib/jvm/java-11-openjdk-amd64/lib/libverify.so
7f34130bd000-7f34132bc000 ---p 0000d000 08:05 795552                     /usr/lib/jvm/java-11-openjdk-amd64/lib/libverify.so
7f34132bc000-7f34132be000 r--p 0000c000 08:05 795552                     /usr/lib/jvm/java-11-openjdk-amd64/lib/libverify.so
7f34132be000-7f34132bf000 rw-p 0000e000 08:05 795552                     /usr/lib/jvm/java-11-openjdk-amd64/lib/libverify.so
7f34132bf000-7f34132c6000 r-xp 00000000 08:05 2360383                    /lib/x86_64-linux-gnu/librt-2.27.so
7f34132c6000-7f34134c5000 ---p 00007000 08:05 2360383                    /lib/x86_64-linux-gnu/librt-2.27.so
7f34134c5000-7f34134c6000 r--p 00006000 08:05 2360383                    /lib/x86_64-linux-gnu/librt-2.27.so
7f34134c6000-7f34134c7000 rw-p 00007000 08:05 2360383                    /lib/x86_64-linux-gnu/librt-2.27.so
7f34134c7000-7f34134de000 r-xp 00000000 08:05 2355744                    /lib/x86_64-linux-gnu/libgcc_s.so.1
7f34134de000-7f34136dd000 ---p 00017000 08:05 2355744                    /lib/x86_64-linux-gnu/libgcc_s.so.1
7f34136dd000-7f34136de000 r--p 00016000 08:05 2355744                    /lib/x86_64-linux-gnu/libgcc_s.so.1
7f34136de000-7f34136df000 rw-p 00017000 08:05 2355744                    /lib/x86_64-linux-gnu/libgcc_s.so.1
7f34136df000-7f341387c000 r-xp 00000000 08:05 2360305                    /lib/x86_64-linux-gnu/libm-2.27.so
7f341387c000-7f3413a7b000 ---p 0019d000 08:05 2360305                    /lib/x86_64-linux-gnu/libm-2.27.so
7f3413a7b000-7f3413a7c000 r--p 0019c000 08:05 2360305                    /lib/x86_64-linux-gnu/libm-2.27.so
7f3413a7c000-7f3413a7d000 rw-p 0019d000 08:05 2360305                    /lib/x86_64-linux-gnu/libm-2.27.so
7f3413a7d000-7f3413bf6000 r-xp 00000000 08:05 656775                     /usr/lib/x86_64-linux-gnu/libstdc++.so.6.0.25
7f3413bf6000-7f3413df6000 ---p 00179000 08:05 656775                     /usr/lib/x86_64-linux-gnu/libstdc++.so.6.0.25
7f3413df6000-7f3413e00000 r--p 00179000 08:05 656775                     /usr/lib/x86_64-linux-gnu/libstdc++.so.6.0.25
7f3413e00000-7f3413e02000 rw-p 00183000 08:05 656775                     /usr/lib/x86_64-linux-gnu/libstdc++.so.6.0.25
7f3413e02000-7f3413e06000 rw-p 00000000 00:00 0 
7f3413e06000-7f3414da3000 r-xp 00000000 08:05 795557                     /usr/lib/jvm/java-11-openjdk-amd64/lib/server/libjvm.so
7f3414da3000-7f3414fa3000 ---p 00f9d000 08:05 795557                     /usr/lib/jvm/java-11-openjdk-amd64/lib/server/libjvm.so
7f3414fa3000-7f3415067000 r--p 00f9d000 08:05 795557                     /usr/lib/jvm/java-11-openjdk-amd64/lib/server/libjvm.so
7f3415067000-7f341509f000 rw-p 01061000 08:05 795557                     /usr/lib/jvm/java-11-openjdk-amd64/lib/server/libjvm.so
7f341509f000-7f34150e8000 rw-p 00000000 00:00 0 
7f34150e8000-7f3415102000 r-xp 00000000 08:05 2360375                    /lib/x86_64-linux-gnu/libpthread-2.27.so
7f3415102000-7f3415301000 ---p 0001a000 08:05 2360375                    /lib/x86_64-linux-gnu/libpthread-2.27.so
7f3415301000-7f3415302000 r--p 00019000 08:05 2360375                    /lib/x86_64-linux-gnu/libpthread-2.27.so
7f3415302000-7f3415303000 rw-p 0001a000 08:05 2360375                    /lib/x86_64-linux-gnu/libpthread-2.27.so
7f3415303000-7f3415307000 rw-p 00000000 00:00 0 
7f3415307000-7f341530a000 r-xp 00000000 08:05 2360265                    /lib/x86_64-linux-gnu/libdl-2.27.so
7f341530a000-7f3415509000 ---p 00003000 08:05 2360265                    /lib/x86_64-linux-gnu/libdl-2.27.so
7f3415509000-7f341550a000 r--p 00002000 08:05 2360265                    /lib/x86_64-linux-gnu/libdl-2.27.so
7f341550a000-7f341550b000 rw-p 00003000 08:05 2360265                    /lib/x86_64-linux-gnu/libdl-2.27.so
7f341550b000-7f3415527000 r-xp 00000000 08:05 2360414                    /lib/x86_64-linux-gnu/libz.so.1.2.11
7f3415527000-7f3415726000 ---p 0001c000 08:05 2360414                    /lib/x86_64-linux-gnu/libz.so.1.2.11
7f3415726000-7f3415727000 r--p 0001b000 08:05 2360414                    /lib/x86_64-linux-gnu/libz.so.1.2.11
7f3415727000-7f3415728000 rw-p 0001c000 08:05 2360414                    /lib/x86_64-linux-gnu/libz.so.1.2.11
7f3415728000-7f341590f000 r-xp 00000000 08:05 2360242                    /lib/x86_64-linux-gnu/libc-2.27.so
7f341590f000-7f3415b0f000 ---p 001e7000 08:05 2360242                    /lib/x86_64-linux-gnu/libc-2.27.so
7f3415b0f000-7f3415b13000 r--p 001e7000 08:05 2360242                    /lib/x86_64-linux-gnu/libc-2.27.so
7f3415b13000-7f3415b15000 rw-p 001eb000 08:05 2360242                    /lib/x86_64-linux-gnu/libc-2.27.so
7f3415b15000-7f3415b19000 rw-p 00000000 00:00 0 
7f3415b19000-7f3415b28000 r-xp 00000000 08:05 795517                     /usr/lib/jvm/java-11-openjdk-amd64/lib/jli/libjli.so
7f3415b28000-7f3415d27000 ---p 0000f000 08:05 795517                     /usr/lib/jvm/java-11-openjdk-amd64/lib/jli/libjli.so
7f3415d27000-7f3415d28000 r--p 0000e000 08:05 795517                     /usr/lib/jvm/java-11-openjdk-amd64/lib/jli/libjli.so
7f3415d28000-7f3415d29000 rw-p 0000f000 08:05 795517                     /usr/lib/jvm/java-11-openjdk-amd64/lib/jli/libjli.so
7f3415d29000-7f3415d50000 r-xp 00000000 08:05 2360214                    /lib/x86_64-linux-gnu/ld-2.27.so
7f3415da4000-7f3415e29000 rw-p 00000000 00:00 0 
7f3415e29000-7f3415e2d000 ---p 00000000 00:00 0 
7f3415e2d000-7f3415f2c000 rw-p 00000000 00:00 0 
7f3415f37000-7f3415f3d000 rw-p 00000000 00:00 0 
7f3415f3d000-7f3415f44000 ---p 00000000 00:00 0 
7f3415f44000-7f3415f4c000 rw-s 00000000 08:05 2753259                    /tmp/hsperfdata_appdev/12212
7f3415f4c000-7f3415f4d000 ---p 00000000 00:00 0 
7f3415f4d000-7f3415f4e000 r--p 00000000 00:00 0 
7f3415f4e000-7f3415f50000 rw-p 00000000 00:00 0 
7f3415f50000-7f3415f51000 r--p 00027000 08:05 2360214                    /lib/x86_64-linux-gnu/ld-2.27.so
7f3415f51000-7f3415f52000 rw-p 00028000 08:05 2360214                    /lib/x86_64-linux-gnu/ld-2.27.so
7f3415f52000-7f3415f53000 rw-p 00000000 00:00 0 
7ffc3269c000-7ffc326bd000 rw-p 00000000 00:00 0                          [stack]
7ffc32734000-7ffc32737000 r--p 00000000 00:00 0                          [vvar]
7ffc32737000-7ffc32739000 r-xp 00000000 00:00 0                          [vdso]
ffffffffff600000-ffffffffff601000 r-xp 00000000 00:00 0                  [vsyscall]


VM Arguments:
jvm_args: -javaagent:/snap/intellij-idea-ultimate/91/lib/idea_rt.jar=42743:/snap/intellij-idea-ultimate/91/bin -Dfile.encoding=UTF-8 
java_command: com.tomtrein.Main
java_class_path (initial): /home/appdev/IdeaProjects/ArduinoTest/target/scala-2.12/classes:/home/appdev/.sbt/boot/scala-2.12.7/lib/scala-library.jar:/home/appdev/IdeaProjects/ArduinoTest/lib/RXTXcomm.jar
Launcher Type: SUN_STANDARD

Logging:
Log output configuration:
#0: stdout all=warning uptime,level,tags
#1: stderr all=off uptime,level,tags

Environment Variables:
PATH=/usr/local/sbin:/usr/local/bin:/usr/sbin:/usr/bin:/sbin:/bin:/usr/games:/usr/local/games:/snap/bin
USERNAME=appdev
SHELL=/bin/bash
DISPLAY=:0

Signal Handlers:
SIGSEGV: [libjvm.so+0xd28b70], sa_mask[0]=11111111011111111101111111111110, sa_flags=SA_RESTART|SA_SIGINFO
SIGBUS: [libjvm.so+0xd28b70], sa_mask[0]=11111111011111111101111111111110, sa_flags=SA_RESTART|SA_SIGINFO
SIGFPE: [libjvm.so+0xd28b70], sa_mask[0]=11111111011111111101111111111110, sa_flags=SA_RESTART|SA_SIGINFO
SIGPIPE: [libjvm.so+0xb2a1f0], sa_mask[0]=11111111011111111101111111111110, sa_flags=SA_RESTART|SA_SIGINFO
SIGXFSZ: [libjvm.so+0xb2a1f0], sa_mask[0]=11111111011111111101111111111110, sa_flags=SA_RESTART|SA_SIGINFO
SIGILL: [libjvm.so+0xd28b70], sa_mask[0]=11111111011111111101111111111110, sa_flags=SA_RESTART|SA_SIGINFO
SIGUSR2: [libjvm.so+0xb2a030], sa_mask[0]=00100000000000000000000000000000, sa_flags=SA_RESTART|SA_SIGINFO
SIGHUP: [libjvm.so+0xb2a180], sa_mask[0]=11111111011111111101111111111110, sa_flags=SA_RESTART|SA_SIGINFO
SIGINT: [libjvm.so+0xb2a180], sa_mask[0]=11111111011111111101111111111110, sa_flags=SA_RESTART|SA_SIGINFO
SIGTERM: [libjvm.so+0xb2a180], sa_mask[0]=11111111011111111101111111111110, sa_flags=SA_RESTART|SA_SIGINFO
SIGQUIT: [libjvm.so+0xb2a180], sa_mask[0]=11111111011111111101111111111110, sa_flags=SA_RESTART|SA_SIGINFO


---------------  S Y S T E M  ---------------

OS:DISTRIB_ID=Ubuntu
DISTRIB_RELEASE=18.04
DISTRIB_CODENAME=bionic
DISTRIB_DESCRIPTION="Ubuntu 18.04.1 LTS"
uname:Linux 4.15.0-38-generic #41-Ubuntu SMP Wed Oct 10 10:59:38 UTC 2018 x86_64
libc:glibc 2.27 NPTL 2.27 
rlimit: STACK 8192k, CORE 0k, NPROC 62918, NOFILE 1048576, AS infinity, DATA infinity, FSIZE infinity
load average:1,77 1,54 1,05

/proc/meminfo:
MemTotal:       16281380 kB
MemFree:         5915572 kB
MemAvailable:    9746080 kB
Buffers:          519240 kB
Cached:          3560128 kB
SwapCached:            0 kB
Active:          7697392 kB
Inactive:        1991520 kB
Active(anon):    5619580 kB
Inactive(anon):   158456 kB
Active(file):    2077812 kB
Inactive(file):  1833064 kB
Unevictable:          32 kB
Mlocked:              32 kB
SwapTotal:      19530748 kB
SwapFree:       19530748 kB
Dirty:             21424 kB
Writeback:             0 kB
AnonPages:       5609628 kB
Mapped:           775288 kB
Shmem:            168504 kB
Slab:             351852 kB
SReclaimable:     262052 kB
SUnreclaim:        89800 kB
KernelStack:       23168 kB
PageTables:        99208 kB
NFS_Unstable:          0 kB
Bounce:                0 kB
WritebackTmp:          0 kB
CommitLimit:    27671436 kB
Committed_AS:   17988884 kB
VmallocTotal:   34359738367 kB
VmallocUsed:           0 kB
VmallocChunk:          0 kB
HardwareCorrupted:     0 kB
AnonHugePages:         0 kB
ShmemHugePages:        0 kB
ShmemPmdMapped:        0 kB
CmaTotal:              0 kB
CmaFree:               0 kB
HugePages_Total:       0
HugePages_Free:        0
HugePages_Rsvd:        0
HugePages_Surp:        0
Hugepagesize:       2048 kB
DirectMap4k:      412384 kB
DirectMap2M:     9928704 kB
DirectMap1G:     7340032 kB

container (cgroup) information:
container_type: cgroupv1
cpu_cpuset_cpus: 0-3
cpu_memory_nodes: 0
active_processor_count: 4
cpu_quota: -1
cpu_period: 100000
cpu_shares: -1
memory_limit_in_bytes: -1
memory_and_swap_limit_in_bytes: -2
memory_soft_limit_in_bytes: -1
memory_usage_in_bytes: 9921638400
memory_max_usage_in_bytes: 0


CPU:total 4 (initial active 4) (4 cores per cpu, 1 threads per core) family 6 model 94 stepping 3, cmov, cx8, fxsr, mmx, sse, sse2, sse3, ssse3, sse4.1, sse4.2, popcnt, avx, avx2, aes, clmul, erms, rtm, 3dnowpref, lzcnt, tsc, tscinvbit, bmi1, bmi2, adx, fma
CPU Model and flags from /proc/cpuinfo:
model name	: Intel(R) Core(TM) i5-6300HQ CPU @ 2.30GHz
flags		: fpu vme de pse tsc msr pae mce cx8 apic sep mtrr pge mca cmov pat pse36 clflush dts acpi mmx fxsr sse sse2 ss ht tm pbe syscall nx pdpe1gb rdtscp lm constant_tsc art arch_perfmon pebs bts rep_good nopl xtopology nonstop_tsc cpuid aperfmperf tsc_known_freq pni pclmulqdq dtes64 monitor ds_cpl vmx est tm2 ssse3 sdbg fma cx16 xtpr pdcm pcid sse4_1 sse4_2 x2apic movbe popcnt tsc_deadline_timer aes xsave avx f16c rdrand lahf_lm abm 3dnowprefetch cpuid_fault epb invpcid_single pti ssbd ibrs ibpb stibp tpr_shadow vnmi flexpriority ept vpid fsgsbase tsc_adjust bmi1 hle avx2 smep bmi2 erms invpcid rtm mpx rdseed adx smap clflushopt intel_pt xsaveopt xsavec xgetbv1 xsaves dtherm ida arat pln pts hwp hwp_notify hwp_act_window hwp_epp flush_l1d

Memory: 4k page, physical 16281380k(5915572k free), swap 19530748k(19530748k free)

vm_info: OpenJDK 64-Bit Server VM (10.0.2+13-Ubuntu-1ubuntu0.18.04.3) for linux-amd64 JRE (10.0.2+13-Ubuntu-1ubuntu0.18.04.3), built on Oct  7 2018 15:06:09 by "buildd" with gcc 7.3.0

END.
