#
# A fatal error has been detected by the Java Runtime Environment:
#
#  SIGSEGV (0xb) at pc=0x00007f9a96efdd9d, pid=11916, tid=11920
#
# JRE version: OpenJDK Runtime Environment (10.0.2+13) (build 10.0.2+13-Ubuntu-1ubuntu0.18.04.3)
# Java VM: OpenJDK 64-Bit Server VM (10.0.2+13-Ubuntu-1ubuntu0.18.04.3, mixed mode, tiered, compressed oops, g1 gc, linux-amd64)
# Problematic frame:
# C  [librxtxSerial.so+0x6d9d]  read_byte_array+0x3d
#
# Core dump will be written. Default location: Core dumps may be processed with "/usr/share/apport/apport %p %s %c %d %P" (or dumping to /home/appdev/IdeaProjects/ArduinoTest/core.11916)
#
# If you would like to submit a bug report, please visit:
#   http://bugreport.java.com/bugreport/crash.jsp
# The crash happened outside the Java Virtual Machine in native code.
# See problematic frame for where to report the bug.
#

---------------  S U M M A R Y ------------

Command Line: -javaagent:/snap/intellij-idea-ultimate/91/lib/idea_rt.jar=39441:/snap/intellij-idea-ultimate/91/bin -Dfile.encoding=UTF-8 com.tomtrein.Main

Host: Intel(R) Core(TM) i5-6300HQ CPU @ 2.30GHz, 4 cores, 15G, Ubuntu 18.04.1 LTS
Time: Sun Nov 18 11:24:09 2018 CET elapsed time: 5 seconds (0d 0h 0m 5s)

---------------  T H R E A D  ---------------

Current thread (0x00007f9af0013000):  JavaThread "main" [_thread_in_native, id=11920, stack(0x00007f9afa271000,0x00007f9afa372000)]

Stack: [0x00007f9afa271000,0x00007f9afa372000],  sp=0x00007f9afa370050,  free space=1020k
Native frames: (J=compiled Java code, A=aot compiled Java code, j=interpreted, Vv=VM code, C=native code)
C  [librxtxSerial.so+0x6d9d]  read_byte_array+0x3d

Java frames: (J=compiled Java code, j=interpreted, Vv=VM code)
j  gnu.io.RXTXPort.readArray([BII)I+0
j  gnu.io.RXTXPort$SerialInputStream.read([BII)I+212
j  sun.nio.cs.StreamDecoder.readBytes()I+135 java.base@10.0.2
j  sun.nio.cs.StreamDecoder.implRead([CII)I+112 java.base@10.0.2
j  sun.nio.cs.StreamDecoder.read([CII)I+180 java.base@10.0.2
j  java.io.InputStreamReader.read([CII)I+7 java.base@10.0.2
j  java.io.BufferedReader.fill()V+145 java.base@10.0.2
j  java.io.BufferedReader.read1([CII)I+47 java.base@10.0.2
j  java.io.BufferedReader.read([CII)I+61 java.base@10.0.2
j  java.io.Reader.read(Ljava/nio/CharBuffer;)I+13 java.base@10.0.2
j  java.util.Scanner.readInput()V+70 java.base@10.0.2
j  java.util.Scanner.findWithinHorizon(Ljava/util/regex/Pattern;I)Ljava/lang/String;+74 java.base@10.0.2
j  java.util.Scanner.hasNextLine()Z+19 java.base@10.0.2
j  com.tomtrein.Main$.main([Ljava/lang/String;)V+46
j  com.tomtrein.Main.main([Ljava/lang/String;)V+4
v  ~StubRoutines::call_stub

siginfo: si_signo: 11 (SIGSEGV), si_code: 1 (SEGV_MAPERR), si_addr: 0xffffffff96ef5808

Register to memory mapping:

RAX=0xffffffff96ef5800 is an unknown value
RBX=0x00007f9af0227d90 is an unknown value
RCX=0x0000000000000001 is an unknown value
RDX=0x00007f9af86e0800: <offset 0x0000000000492800> in /usr/lib/jvm/java-11-openjdk-amd64/lib/server/libjvm.so at 0x00007f9af824e000
RSP=0x00007f9afa370050 is pointing into the stack for thread: 0x00007f9af0013000
RBP=0x00007f9af0013200 is an unknown value
RSI=0x00007f9a96f00b25: <offset 0x0000000000009b25> in /usr/lib/jvm/java-11-openjdk-amd64/lib/librxtxSerial.so at 0x00007f9a96ef7000
RDI=0x00007f9a96f00a9f: <offset 0x0000000000009a9f> in /usr/lib/jvm/java-11-openjdk-amd64/lib/librxtxSerial.so at 0x00007f9a96ef7000
R8 =0x00007f9ad4f16a50 is pointing into metadata
R9 =0x00000006d6e819a8 is pointing into object: 0x00000006d6e41ea8

[error occurred during error reporting (printing register info), id 0xb]

Registers:
RAX=0xffffffff96ef5800, RBX=0x00007f9af0227d90, RCX=0x0000000000000001, RDX=0x00007f9af86e0800
RSP=0x00007f9afa370050, RBP=0x00007f9af0013200, RSI=0x00007f9a96f00b25, RDI=0x00007f9a96f00a9f
R8 =0x00007f9ad4f16a50, R9 =0x00000006d6e819a8, R10=0x0000000000000010, R11=0x00007f9af950e384
R12=0xffffffffffffffff, R13=0x0000000000000001, R14=0x0000000000000008, R15=0x00000000ffffffff
RIP=0x00007f9a96efdd9d, EFLAGS=0x0000000000010206, CSGSFS=0x002b000000000033, ERR=0x0000000000000005
  TRAPNO=0x000000000000000e

Top of Stack: (sp=0x00007f9afa370050)
0x00007f9afa370050:   00007f9afa370090 0000000000002000
0x00007f9afa370060:   00000001f0000020 00007f9af0227d90
0x00007f9afa370070:   00000008fa370100 0000000000000000
0x00007f9afa370080:   00007f9afa370100 00007f9af9c072ed 

Instructions: (pc=0x00007f9a96efdd9d)
0x00007f9a96efdd7d:   4c 24 18 48 8d 15 17 2d 00 00 48 8d 0d 0e 2d 00
0x00007f9a96efdd8d:   00 44 89 44 24 14 e8 88 c7 ff ff 48 89 44 24 48
0x00007f9a96efdd9d:   8b 40 08 45 85 ff 48 8b 54 24 48 89 44 24 40 c7
0x00007f9a96efddad:   42 08 00 00 00 00 0f 88 bd 01 00 00 31 c0 e8 70 


---------------  P R O C E S S  ---------------

Threads class SMR info:
_java_thread_list=0x00007f9af032ec70, length=12, elements={
0x00007f9af0013000, 0x00007f9af01f8000, 0x00007f9af01fa000, 0x00007f9af020c800,
0x00007f9af020e800, 0x00007f9af0210800, 0x00007f9af0212800, 0x00007f9af0214800,
0x00007f9af02ad800, 0x00007f9af0318000, 0x00007f9af0319000, 0x00007f9af0346800
}

Java Threads: ( => current thread )
=>0x00007f9af0013000 JavaThread "main" [_thread_in_native, id=11920, stack(0x00007f9afa271000,0x00007f9afa372000)]
  0x00007f9af01f8000 JavaThread "Reference Handler" daemon [_thread_blocked, id=11945, stack(0x00007f9ad4743000,0x00007f9ad4844000)]
  0x00007f9af01fa000 JavaThread "Finalizer" daemon [_thread_blocked, id=11947, stack(0x00007f9ad4642000,0x00007f9ad4743000)]
  0x00007f9af020c800 JavaThread "Signal Dispatcher" daemon [_thread_blocked, id=11951, stack(0x00007f9ad4541000,0x00007f9ad4642000)]
  0x00007f9af020e800 JavaThread "C2 CompilerThread0" daemon [_thread_blocked, id=11952, stack(0x00007f9ad4440000,0x00007f9ad4541000)]
  0x00007f9af0210800 JavaThread "C2 CompilerThread1" daemon [_thread_blocked, id=11953, stack(0x00007f9ad433f000,0x00007f9ad4440000)]
  0x00007f9af0212800 JavaThread "C1 CompilerThread2" daemon [_thread_blocked, id=11954, stack(0x00007f9ad423e000,0x00007f9ad433f000)]
  0x00007f9af0214800 JavaThread "Sweeper thread" daemon [_thread_blocked, id=11955, stack(0x00007f9ad413d000,0x00007f9ad423e000)]
  0x00007f9af02ad800 JavaThread "Common-Cleaner" daemon [_thread_blocked, id=11959, stack(0x00007f9ad403c000,0x00007f9ad413d000)]
  0x00007f9af0318000 JavaThread "Monitor Ctrl-Break" daemon [_thread_in_native, id=11960, stack(0x00007f9ac40df000,0x00007f9ac41e0000)]
  0x00007f9af0319000 JavaThread "Service Thread" daemon [_thread_blocked, id=11961, stack(0x00007f9abc0df000,0x00007f9abc1e0000)]
  0x00007f9af0346800 JavaThread "Thread-0" [_thread_in_native, id=11963, stack(0x00007f9a96df6000,0x00007f9a96ef7000)]

Other Threads:
  0x00007f9af01ee000 VMThread "VM Thread" [stack: 0x00007f9ad4846000,0x00007f9ad4946000] [id=11943]
  0x00007f9af031b800 WatcherThread [stack: 0x00007f9a97106000,0x00007f9a97206000] [id=11962]
  0x00007f9af0029800 GCTaskThread "GC Thread#0" [stack: 0x00007f9af6199000,0x00007f9af6299000] [id=11922]
  0x00007f9af002b000 GCTaskThread "GC Thread#1" [stack: 0x00007f9af6097000,0x00007f9af6197000] [id=11923]
  0x00007f9af002c800 GCTaskThread "GC Thread#2" [stack: 0x00007f9af5f95000,0x00007f9af6095000] [id=11926]
  0x00007f9af002e800 GCTaskThread "GC Thread#3" [stack: 0x00007f9af5e93000,0x00007f9af5f93000] [id=11928]
  0x00007f9af007c800 ConcurrentGCThread "G1 Main Marker" [stack: 0x00007f9af4148000,0x00007f9af4248000] [id=11933]
  0x00007f9af007e000 ConcurrentGCThread "G1 Conc#0" [stack: 0x00007f9af4046000,0x00007f9af4146000] [id=11934]
  0x00007f9af015d000 ConcurrentGCThread "G1 Refine#0" [stack: 0x00007f9ad5621000,0x00007f9ad5721000] [id=11935]
  0x00007f9af015f000 ConcurrentGCThread "G1 Refine#1" [stack: 0x00007f9ad551f000,0x00007f9ad561f000] [id=11936]
  0x00007f9af0160800 ConcurrentGCThread "G1 Refine#2" [stack: 0x00007f9ad541d000,0x00007f9ad551d000] [id=11938]
  0x00007f9af0162000 ConcurrentGCThread "G1 Refine#3" [stack: 0x00007f9ad531b000,0x00007f9ad541b000] [id=11939]
  0x00007f9af0164000 ConcurrentGCThread "G1 Young RemSet Sampling" [stack: 0x00007f9ad5219000,0x00007f9ad5319000] [id=11941]

Threads with active compile tasks:

VM state:not at safepoint (normal execution)

VM Mutex/Monitor currently owned by a thread: None

Heap address: 0x00000006c7800000, size: 3976 MB, Compressed Oops mode: Zero based, Oop shift amount: 3
Narrow klass base: 0x0000000000000000, Narrow klass shift: 3
Compressed class space size: 1073741824 Address: 0x00000007c0000000

Heap:
 garbage-first heap   total 256000K, used 4096K [0x00000006c7800000, 0x00000007c0000000)
  region size 1024K, 5 young (5120K), 0 survivors (0K)
 Metaspace       used 7292K, capacity 7381K, committed 7680K, reserved 1056768K
  class space    used 600K, capacity 651K, committed 768K, reserved 1048576K
Heap Regions: E=young(eden), S=young(survivor), O=old, HS=humongous(starts), HC=humongous(continues), CS=collection set, F=free, A=archive, TS=gc time stamp, AC=allocation context, TAMS=top-at-mark-start (previous, next)
|   0|0x00000006c7800000, 0x00000006c7800000, 0x00000006c7900000|  0%| F|  |TS  0|AC  0|TAMS 0x00000006c7800000, 0x00000006c7800000|
|   1|0x00000006c7900000, 0x00000006c7900000, 0x00000006c7a00000|  0%| F|  |TS  0|AC  0|TAMS 0x00000006c7900000, 0x00000006c7900000|
|   2|0x00000006c7a00000, 0x00000006c7a00000, 0x00000006c7b00000|  0%| F|  |TS  0|AC  0|TAMS 0x00000006c7a00000, 0x00000006c7a00000|
|   3|0x00000006c7b00000, 0x00000006c7b00000, 0x00000006c7c00000|  0%| F|  |TS  0|AC  0|TAMS 0x00000006c7b00000, 0x00000006c7b00000|
|   4|0x00000006c7c00000, 0x00000006c7c00000, 0x00000006c7d00000|  0%| F|  |TS  0|AC  0|TAMS 0x00000006c7c00000, 0x00000006c7c00000|
|   5|0x00000006c7d00000, 0x00000006c7d00000, 0x00000006c7e00000|  0%| F|  |TS  0|AC  0|TAMS 0x00000006c7d00000, 0x00000006c7d00000|
|   6|0x00000006c7e00000, 0x00000006c7e00000, 0x00000006c7f00000|  0%| F|  |TS  0|AC  0|TAMS 0x00000006c7e00000, 0x00000006c7e00000|
|   7|0x00000006c7f00000, 0x00000006c7f00000, 0x00000006c8000000|  0%| F|  |TS  0|AC  0|TAMS 0x00000006c7f00000, 0x00000006c7f00000|
|   8|0x00000006c8000000, 0x00000006c8000000, 0x00000006c8100000|  0%| F|  |TS  0|AC  0|TAMS 0x00000006c8000000, 0x00000006c8000000|
|   9|0x00000006c8100000, 0x00000006c8100000, 0x00000006c8200000|  0%| F|  |TS  0|AC  0|TAMS 0x00000006c8100000, 0x00000006c8100000|
|  10|0x00000006c8200000, 0x00000006c8200000, 0x00000006c8300000|  0%| F|  |TS  0|AC  0|TAMS 0x00000006c8200000, 0x00000006c8200000|
|  11|0x00000006c8300000, 0x00000006c8300000, 0x00000006c8400000|  0%| F|  |TS  0|AC  0|TAMS 0x00000006c8300000, 0x00000006c8300000|
|  12|0x00000006c8400000, 0x00000006c8400000, 0x00000006c8500000|  0%| F|  |TS  0|AC  0|TAMS 0x00000006c8400000, 0x00000006c8400000|
|  13|0x00000006c8500000, 0x00000006c8500000, 0x00000006c8600000|  0%| F|  |TS  0|AC  0|TAMS 0x00000006c8500000, 0x00000006c8500000|
|  14|0x00000006c8600000, 0x00000006c8600000, 0x00000006c8700000|  0%| F|  |TS  0|AC  0|TAMS 0x00000006c8600000, 0x00000006c8600000|
|  15|0x00000006c8700000, 0x00000006c8700000, 0x00000006c8800000|  0%| F|  |TS  0|AC  0|TAMS 0x00000006c8700000, 0x00000006c8700000|
|  16|0x00000006c8800000, 0x00000006c8800000, 0x00000006c8900000|  0%| F|  |TS  0|AC  0|TAMS 0x00000006c8800000, 0x00000006c8800000|
|  17|0x00000006c8900000, 0x00000006c8900000, 0x00000006c8a00000|  0%| F|  |TS  0|AC  0|TAMS 0x00000006c8900000, 0x00000006c8900000|
|  18|0x00000006c8a00000, 0x00000006c8a00000, 0x00000006c8b00000|  0%| F|  |TS  0|AC  0|TAMS 0x00000006c8a00000, 0x00000006c8a00000|
|  19|0x00000006c8b00000, 0x00000006c8b00000, 0x00000006c8c00000|  0%| F|  |TS  0|AC  0|TAMS 0x00000006c8b00000, 0x00000006c8b00000|
|  20|0x00000006c8c00000, 0x00000006c8c00000, 0x00000006c8d00000|  0%| F|  |TS  0|AC  0|TAMS 0x00000006c8c00000, 0x00000006c8c00000|
|  21|0x00000006c8d00000, 0x00000006c8d00000, 0x00000006c8e00000|  0%| F|  |TS  0|AC  0|TAMS 0x00000006c8d00000, 0x00000006c8d00000|
|  22|0x00000006c8e00000, 0x00000006c8e00000, 0x00000006c8f00000|  0%| F|  |TS  0|AC  0|TAMS 0x00000006c8e00000, 0x00000006c8e00000|
|  23|0x00000006c8f00000, 0x00000006c8f00000, 0x00000006c9000000|  0%| F|  |TS  0|AC  0|TAMS 0x00000006c8f00000, 0x00000006c8f00000|
|  24|0x00000006c9000000, 0x00000006c9000000, 0x00000006c9100000|  0%| F|  |TS  0|AC  0|TAMS 0x00000006c9000000, 0x00000006c9000000|
|  25|0x00000006c9100000, 0x00000006c9100000, 0x00000006c9200000|  0%| F|  |TS  0|AC  0|TAMS 0x00000006c9100000, 0x00000006c9100000|
|  26|0x00000006c9200000, 0x00000006c9200000, 0x00000006c9300000|  0%| F|  |TS  0|AC  0|TAMS 0x00000006c9200000, 0x00000006c9200000|
|  27|0x00000006c9300000, 0x00000006c9300000, 0x00000006c9400000|  0%| F|  |TS  0|AC  0|TAMS 0x00000006c9300000, 0x00000006c9300000|
|  28|0x00000006c9400000, 0x00000006c9400000, 0x00000006c9500000|  0%| F|  |TS  0|AC  0|TAMS 0x00000006c9400000, 0x00000006c9400000|
|  29|0x00000006c9500000, 0x00000006c9500000, 0x00000006c9600000|  0%| F|  |TS  0|AC  0|TAMS 0x00000006c9500000, 0x00000006c9500000|
|  30|0x00000006c9600000, 0x00000006c9600000, 0x00000006c9700000|  0%| F|  |TS  0|AC  0|TAMS 0x00000006c9600000, 0x00000006c9600000|
|  31|0x00000006c9700000, 0x00000006c9700000, 0x00000006c9800000|  0%| F|  |TS  0|AC  0|TAMS 0x00000006c9700000, 0x00000006c9700000|
|  32|0x00000006c9800000, 0x00000006c9800000, 0x00000006c9900000|  0%| F|  |TS  0|AC  0|TAMS 0x00000006c9800000, 0x00000006c9800000|
|  33|0x00000006c9900000, 0x00000006c9900000, 0x00000006c9a00000|  0%| F|  |TS  0|AC  0|TAMS 0x00000006c9900000, 0x00000006c9900000|
|  34|0x00000006c9a00000, 0x00000006c9a00000, 0x00000006c9b00000|  0%| F|  |TS  0|AC  0|TAMS 0x00000006c9a00000, 0x00000006c9a00000|
|  35|0x00000006c9b00000, 0x00000006c9b00000, 0x00000006c9c00000|  0%| F|  |TS  0|AC  0|TAMS 0x00000006c9b00000, 0x00000006c9b00000|
|  36|0x00000006c9c00000, 0x00000006c9c00000, 0x00000006c9d00000|  0%| F|  |TS  0|AC  0|TAMS 0x00000006c9c00000, 0x00000006c9c00000|
|  37|0x00000006c9d00000, 0x00000006c9d00000, 0x00000006c9e00000|  0%| F|  |TS  0|AC  0|TAMS 0x00000006c9d00000, 0x00000006c9d00000|
|  38|0x00000006c9e00000, 0x00000006c9e00000, 0x00000006c9f00000|  0%| F|  |TS  0|AC  0|TAMS 0x00000006c9e00000, 0x00000006c9e00000|
|  39|0x00000006c9f00000, 0x00000006c9f00000, 0x00000006ca000000|  0%| F|  |TS  0|AC  0|TAMS 0x00000006c9f00000, 0x00000006c9f00000|
|  40|0x00000006ca000000, 0x00000006ca000000, 0x00000006ca100000|  0%| F|  |TS  0|AC  0|TAMS 0x00000006ca000000, 0x00000006ca000000|
|  41|0x00000006ca100000, 0x00000006ca100000, 0x00000006ca200000|  0%| F|  |TS  0|AC  0|TAMS 0x00000006ca100000, 0x00000006ca100000|
|  42|0x00000006ca200000, 0x00000006ca200000, 0x00000006ca300000|  0%| F|  |TS  0|AC  0|TAMS 0x00000006ca200000, 0x00000006ca200000|
|  43|0x00000006ca300000, 0x00000006ca300000, 0x00000006ca400000|  0%| F|  |TS  0|AC  0|TAMS 0x00000006ca300000, 0x00000006ca300000|
|  44|0x00000006ca400000, 0x00000006ca400000, 0x00000006ca500000|  0%| F|  |TS  0|AC  0|TAMS 0x00000006ca400000, 0x00000006ca400000|
|  45|0x00000006ca500000, 0x00000006ca500000, 0x00000006ca600000|  0%| F|  |TS  0|AC  0|TAMS 0x00000006ca500000, 0x00000006ca500000|
|  46|0x00000006ca600000, 0x00000006ca600000, 0x00000006ca700000|  0%| F|  |TS  0|AC  0|TAMS 0x00000006ca600000, 0x00000006ca600000|
|  47|0x00000006ca700000, 0x00000006ca700000, 0x00000006ca800000|  0%| F|  |TS  0|AC  0|TAMS 0x00000006ca700000, 0x00000006ca700000|
|  48|0x00000006ca800000, 0x00000006ca800000, 0x00000006ca900000|  0%| F|  |TS  0|AC  0|TAMS 0x00000006ca800000, 0x00000006ca800000|
|  49|0x00000006ca900000, 0x00000006ca900000, 0x00000006caa00000|  0%| F|  |TS  0|AC  0|TAMS 0x00000006ca900000, 0x00000006ca900000|
|  50|0x00000006caa00000, 0x00000006caa00000, 0x00000006cab00000|  0%| F|  |TS  0|AC  0|TAMS 0x00000006caa00000, 0x00000006caa00000|
|  51|0x00000006cab00000, 0x00000006cab00000, 0x00000006cac00000|  0%| F|  |TS  0|AC  0|TAMS 0x00000006cab00000, 0x00000006cab00000|
|  52|0x00000006cac00000, 0x00000006cac00000, 0x00000006cad00000|  0%| F|  |TS  0|AC  0|TAMS 0x00000006cac00000, 0x00000006cac00000|
|  53|0x00000006cad00000, 0x00000006cad00000, 0x00000006cae00000|  0%| F|  |TS  0|AC  0|TAMS 0x00000006cad00000, 0x00000006cad00000|
|  54|0x00000006cae00000, 0x00000006cae00000, 0x00000006caf00000|  0%| F|  |TS  0|AC  0|TAMS 0x00000006cae00000, 0x00000006cae00000|
|  55|0x00000006caf00000, 0x00000006caf00000, 0x00000006cb000000|  0%| F|  |TS  0|AC  0|TAMS 0x00000006caf00000, 0x00000006caf00000|
|  56|0x00000006cb000000, 0x00000006cb000000, 0x00000006cb100000|  0%| F|  |TS  0|AC  0|TAMS 0x00000006cb000000, 0x00000006cb000000|
|  57|0x00000006cb100000, 0x00000006cb100000, 0x00000006cb200000|  0%| F|  |TS  0|AC  0|TAMS 0x00000006cb100000, 0x00000006cb100000|
|  58|0x00000006cb200000, 0x00000006cb200000, 0x00000006cb300000|  0%| F|  |TS  0|AC  0|TAMS 0x00000006cb200000, 0x00000006cb200000|
|  59|0x00000006cb300000, 0x00000006cb300000, 0x00000006cb400000|  0%| F|  |TS  0|AC  0|TAMS 0x00000006cb300000, 0x00000006cb300000|
|  60|0x00000006cb400000, 0x00000006cb400000, 0x00000006cb500000|  0%| F|  |TS  0|AC  0|TAMS 0x00000006cb400000, 0x00000006cb400000|
|  61|0x00000006cb500000, 0x00000006cb500000, 0x00000006cb600000|  0%| F|  |TS  0|AC  0|TAMS 0x00000006cb500000, 0x00000006cb500000|
|  62|0x00000006cb600000, 0x00000006cb600000, 0x00000006cb700000|  0%| F|  |TS  0|AC  0|TAMS 0x00000006cb600000, 0x00000006cb600000|
|  63|0x00000006cb700000, 0x00000006cb700000, 0x00000006cb800000|  0%| F|  |TS  0|AC  0|TAMS 0x00000006cb700000, 0x00000006cb700000|
|  64|0x00000006cb800000, 0x00000006cb800000, 0x00000006cb900000|  0%| F|  |TS  0|AC  0|TAMS 0x00000006cb800000, 0x00000006cb800000|
|  65|0x00000006cb900000, 0x00000006cb900000, 0x00000006cba00000|  0%| F|  |TS  0|AC  0|TAMS 0x00000006cb900000, 0x00000006cb900000|
|  66|0x00000006cba00000, 0x00000006cba00000, 0x00000006cbb00000|  0%| F|  |TS  0|AC  0|TAMS 0x00000006cba00000, 0x00000006cba00000|
|  67|0x00000006cbb00000, 0x00000006cbb00000, 0x00000006cbc00000|  0%| F|  |TS  0|AC  0|TAMS 0x00000006cbb00000, 0x00000006cbb00000|
|  68|0x00000006cbc00000, 0x00000006cbc00000, 0x00000006cbd00000|  0%| F|  |TS  0|AC  0|TAMS 0x00000006cbc00000, 0x00000006cbc00000|
|  69|0x00000006cbd00000, 0x00000006cbd00000, 0x00000006cbe00000|  0%| F|  |TS  0|AC  0|TAMS 0x00000006cbd00000, 0x00000006cbd00000|
|  70|0x00000006cbe00000, 0x00000006cbe00000, 0x00000006cbf00000|  0%| F|  |TS  0|AC  0|TAMS 0x00000006cbe00000, 0x00000006cbe00000|
|  71|0x00000006cbf00000, 0x00000006cbf00000, 0x00000006cc000000|  0%| F|  |TS  0|AC  0|TAMS 0x00000006cbf00000, 0x00000006cbf00000|
|  72|0x00000006cc000000, 0x00000006cc000000, 0x00000006cc100000|  0%| F|  |TS  0|AC  0|TAMS 0x00000006cc000000, 0x00000006cc000000|
|  73|0x00000006cc100000, 0x00000006cc100000, 0x00000006cc200000|  0%| F|  |TS  0|AC  0|TAMS 0x00000006cc100000, 0x00000006cc100000|
|  74|0x00000006cc200000, 0x00000006cc200000, 0x00000006cc300000|  0%| F|  |TS  0|AC  0|TAMS 0x00000006cc200000, 0x00000006cc200000|
|  75|0x00000006cc300000, 0x00000006cc300000, 0x00000006cc400000|  0%| F|  |TS  0|AC  0|TAMS 0x00000006cc300000, 0x00000006cc300000|
|  76|0x00000006cc400000, 0x00000006cc400000, 0x00000006cc500000|  0%| F|  |TS  0|AC  0|TAMS 0x00000006cc400000, 0x00000006cc400000|
|  77|0x00000006cc500000, 0x00000006cc500000, 0x00000006cc600000|  0%| F|  |TS  0|AC  0|TAMS 0x00000006cc500000, 0x00000006cc500000|
|  78|0x00000006cc600000, 0x00000006cc600000, 0x00000006cc700000|  0%| F|  |TS  0|AC  0|TAMS 0x00000006cc600000, 0x00000006cc600000|
|  79|0x00000006cc700000, 0x00000006cc700000, 0x00000006cc800000|  0%| F|  |TS  0|AC  0|TAMS 0x00000006cc700000, 0x00000006cc700000|
|  80|0x00000006cc800000, 0x00000006cc800000, 0x00000006cc900000|  0%| F|  |TS  0|AC  0|TAMS 0x00000006cc800000, 0x00000006cc800000|
|  81|0x00000006cc900000, 0x00000006cc900000, 0x00000006cca00000|  0%| F|  |TS  0|AC  0|TAMS 0x00000006cc900000, 0x00000006cc900000|
|  82|0x00000006cca00000, 0x00000006cca00000, 0x00000006ccb00000|  0%| F|  |TS  0|AC  0|TAMS 0x00000006cca00000, 0x00000006cca00000|
|  83|0x00000006ccb00000, 0x00000006ccb00000, 0x00000006ccc00000|  0%| F|  |TS  0|AC  0|TAMS 0x00000006ccb00000, 0x00000006ccb00000|
|  84|0x00000006ccc00000, 0x00000006ccc00000, 0x00000006ccd00000|  0%| F|  |TS  0|AC  0|TAMS 0x00000006ccc00000, 0x00000006ccc00000|
|  85|0x00000006ccd00000, 0x00000006ccd00000, 0x00000006cce00000|  0%| F|  |TS  0|AC  0|TAMS 0x00000006ccd00000, 0x00000006ccd00000|
|  86|0x00000006cce00000, 0x00000006cce00000, 0x00000006ccf00000|  0%| F|  |TS  0|AC  0|TAMS 0x00000006cce00000, 0x00000006cce00000|
|  87|0x00000006ccf00000, 0x00000006ccf00000, 0x00000006cd000000|  0%| F|  |TS  0|AC  0|TAMS 0x00000006ccf00000, 0x00000006ccf00000|
|  88|0x00000006cd000000, 0x00000006cd000000, 0x00000006cd100000|  0%| F|  |TS  0|AC  0|TAMS 0x00000006cd000000, 0x00000006cd000000|
|  89|0x00000006cd100000, 0x00000006cd100000, 0x00000006cd200000|  0%| F|  |TS  0|AC  0|TAMS 0x00000006cd100000, 0x00000006cd100000|
|  90|0x00000006cd200000, 0x00000006cd200000, 0x00000006cd300000|  0%| F|  |TS  0|AC  0|TAMS 0x00000006cd200000, 0x00000006cd200000|
|  91|0x00000006cd300000, 0x00000006cd300000, 0x00000006cd400000|  0%| F|  |TS  0|AC  0|TAMS 0x00000006cd300000, 0x00000006cd300000|
|  92|0x00000006cd400000, 0x00000006cd400000, 0x00000006cd500000|  0%| F|  |TS  0|AC  0|TAMS 0x00000006cd400000, 0x00000006cd400000|
|  93|0x00000006cd500000, 0x00000006cd500000, 0x00000006cd600000|  0%| F|  |TS  0|AC  0|TAMS 0x00000006cd500000, 0x00000006cd500000|
|  94|0x00000006cd600000, 0x00000006cd600000, 0x00000006cd700000|  0%| F|  |TS  0|AC  0|TAMS 0x00000006cd600000, 0x00000006cd600000|
|  95|0x00000006cd700000, 0x00000006cd700000, 0x00000006cd800000|  0%| F|  |TS  0|AC  0|TAMS 0x00000006cd700000, 0x00000006cd700000|
|  96|0x00000006cd800000, 0x00000006cd800000, 0x00000006cd900000|  0%| F|  |TS  0|AC  0|TAMS 0x00000006cd800000, 0x00000006cd800000|
|  97|0x00000006cd900000, 0x00000006cd900000, 0x00000006cda00000|  0%| F|  |TS  0|AC  0|TAMS 0x00000006cd900000, 0x00000006cd900000|
|  98|0x00000006cda00000, 0x00000006cda00000, 0x00000006cdb00000|  0%| F|  |TS  0|AC  0|TAMS 0x00000006cda00000, 0x00000006cda00000|
|  99|0x00000006cdb00000, 0x00000006cdb00000, 0x00000006cdc00000|  0%| F|  |TS  0|AC  0|TAMS 0x00000006cdb00000, 0x00000006cdb00000|
| 100|0x00000006cdc00000, 0x00000006cdc00000, 0x00000006cdd00000|  0%| F|  |TS  0|AC  0|TAMS 0x00000006cdc00000, 0x00000006cdc00000|
| 101|0x00000006cdd00000, 0x00000006cdd00000, 0x00000006cde00000|  0%| F|  |TS  0|AC  0|TAMS 0x00000006cdd00000, 0x00000006cdd00000|
| 102|0x00000006cde00000, 0x00000006cde00000, 0x00000006cdf00000|  0%| F|  |TS  0|AC  0|TAMS 0x00000006cde00000, 0x00000006cde00000|
| 103|0x00000006cdf00000, 0x00000006cdf00000, 0x00000006ce000000|  0%| F|  |TS  0|AC  0|TAMS 0x00000006cdf00000, 0x00000006cdf00000|
| 104|0x00000006ce000000, 0x00000006ce000000, 0x00000006ce100000|  0%| F|  |TS  0|AC  0|TAMS 0x00000006ce000000, 0x00000006ce000000|
| 105|0x00000006ce100000, 0x00000006ce100000, 0x00000006ce200000|  0%| F|  |TS  0|AC  0|TAMS 0x00000006ce100000, 0x00000006ce100000|
| 106|0x00000006ce200000, 0x00000006ce200000, 0x00000006ce300000|  0%| F|  |TS  0|AC  0|TAMS 0x00000006ce200000, 0x00000006ce200000|
| 107|0x00000006ce300000, 0x00000006ce300000, 0x00000006ce400000|  0%| F|  |TS  0|AC  0|TAMS 0x00000006ce300000, 0x00000006ce300000|
| 108|0x00000006ce400000, 0x00000006ce400000, 0x00000006ce500000|  0%| F|  |TS  0|AC  0|TAMS 0x00000006ce400000, 0x00000006ce400000|
| 109|0x00000006ce500000, 0x00000006ce500000, 0x00000006ce600000|  0%| F|  |TS  0|AC  0|TAMS 0x00000006ce500000, 0x00000006ce500000|
| 110|0x00000006ce600000, 0x00000006ce600000, 0x00000006ce700000|  0%| F|  |TS  0|AC  0|TAMS 0x00000006ce600000, 0x00000006ce600000|
| 111|0x00000006ce700000, 0x00000006ce700000, 0x00000006ce800000|  0%| F|  |TS  0|AC  0|TAMS 0x00000006ce700000, 0x00000006ce700000|
| 112|0x00000006ce800000, 0x00000006ce800000, 0x00000006ce900000|  0%| F|  |TS  0|AC  0|TAMS 0x00000006ce800000, 0x00000006ce800000|
| 113|0x00000006ce900000, 0x00000006ce900000, 0x00000006cea00000|  0%| F|  |TS  0|AC  0|TAMS 0x00000006ce900000, 0x00000006ce900000|
| 114|0x00000006cea00000, 0x00000006cea00000, 0x00000006ceb00000|  0%| F|  |TS  0|AC  0|TAMS 0x00000006cea00000, 0x00000006cea00000|
| 115|0x00000006ceb00000, 0x00000006ceb00000, 0x00000006cec00000|  0%| F|  |TS  0|AC  0|TAMS 0x00000006ceb00000, 0x00000006ceb00000|
| 116|0x00000006cec00000, 0x00000006cec00000, 0x00000006ced00000|  0%| F|  |TS  0|AC  0|TAMS 0x00000006cec00000, 0x00000006cec00000|
| 117|0x00000006ced00000, 0x00000006ced00000, 0x00000006cee00000|  0%| F|  |TS  0|AC  0|TAMS 0x00000006ced00000, 0x00000006ced00000|
| 118|0x00000006cee00000, 0x00000006cee00000, 0x00000006cef00000|  0%| F|  |TS  0|AC  0|TAMS 0x00000006cee00000, 0x00000006cee00000|
| 119|0x00000006cef00000, 0x00000006cef00000, 0x00000006cf000000|  0%| F|  |TS  0|AC  0|TAMS 0x00000006cef00000, 0x00000006cef00000|
| 120|0x00000006cf000000, 0x00000006cf000000, 0x00000006cf100000|  0%| F|  |TS  0|AC  0|TAMS 0x00000006cf000000, 0x00000006cf000000|
| 121|0x00000006cf100000, 0x00000006cf100000, 0x00000006cf200000|  0%| F|  |TS  0|AC  0|TAMS 0x00000006cf100000, 0x00000006cf100000|
| 122|0x00000006cf200000, 0x00000006cf200000, 0x00000006cf300000|  0%| F|  |TS  0|AC  0|TAMS 0x00000006cf200000, 0x00000006cf200000|
| 123|0x00000006cf300000, 0x00000006cf300000, 0x00000006cf400000|  0%| F|  |TS  0|AC  0|TAMS 0x00000006cf300000, 0x00000006cf300000|
| 124|0x00000006cf400000, 0x00000006cf400000, 0x00000006cf500000|  0%| F|  |TS  0|AC  0|TAMS 0x00000006cf400000, 0x00000006cf400000|
| 125|0x00000006cf500000, 0x00000006cf500000, 0x00000006cf600000|  0%| F|  |TS  0|AC  0|TAMS 0x00000006cf500000, 0x00000006cf500000|
| 126|0x00000006cf600000, 0x00000006cf600000, 0x00000006cf700000|  0%| F|  |TS  0|AC  0|TAMS 0x00000006cf600000, 0x00000006cf600000|
| 127|0x00000006cf700000, 0x00000006cf700000, 0x00000006cf800000|  0%| F|  |TS  0|AC  0|TAMS 0x00000006cf700000, 0x00000006cf700000|
| 128|0x00000006cf800000, 0x00000006cf800000, 0x00000006cf900000|  0%| F|  |TS  0|AC  0|TAMS 0x00000006cf800000, 0x00000006cf800000|
| 129|0x00000006cf900000, 0x00000006cf900000, 0x00000006cfa00000|  0%| F|  |TS  0|AC  0|TAMS 0x00000006cf900000, 0x00000006cf900000|
| 130|0x00000006cfa00000, 0x00000006cfa00000, 0x00000006cfb00000|  0%| F|  |TS  0|AC  0|TAMS 0x00000006cfa00000, 0x00000006cfa00000|
| 131|0x00000006cfb00000, 0x00000006cfb00000, 0x00000006cfc00000|  0%| F|  |TS  0|AC  0|TAMS 0x00000006cfb00000, 0x00000006cfb00000|
| 132|0x00000006cfc00000, 0x00000006cfc00000, 0x00000006cfd00000|  0%| F|  |TS  0|AC  0|TAMS 0x00000006cfc00000, 0x00000006cfc00000|
| 133|0x00000006cfd00000, 0x00000006cfd00000, 0x00000006cfe00000|  0%| F|  |TS  0|AC  0|TAMS 0x00000006cfd00000, 0x00000006cfd00000|
| 134|0x00000006cfe00000, 0x00000006cfe00000, 0x00000006cff00000|  0%| F|  |TS  0|AC  0|TAMS 0x00000006cfe00000, 0x00000006cfe00000|
| 135|0x00000006cff00000, 0x00000006cff00000, 0x00000006d0000000|  0%| F|  |TS  0|AC  0|TAMS 0x00000006cff00000, 0x00000006cff00000|
| 136|0x00000006d0000000, 0x00000006d0000000, 0x00000006d0100000|  0%| F|  |TS  0|AC  0|TAMS 0x00000006d0000000, 0x00000006d0000000|
| 137|0x00000006d0100000, 0x00000006d0100000, 0x00000006d0200000|  0%| F|  |TS  0|AC  0|TAMS 0x00000006d0100000, 0x00000006d0100000|
| 138|0x00000006d0200000, 0x00000006d0200000, 0x00000006d0300000|  0%| F|  |TS  0|AC  0|TAMS 0x00000006d0200000, 0x00000006d0200000|
| 139|0x00000006d0300000, 0x00000006d0300000, 0x00000006d0400000|  0%| F|  |TS  0|AC  0|TAMS 0x00000006d0300000, 0x00000006d0300000|
| 140|0x00000006d0400000, 0x00000006d0400000, 0x00000006d0500000|  0%| F|  |TS  0|AC  0|TAMS 0x00000006d0400000, 0x00000006d0400000|
| 141|0x00000006d0500000, 0x00000006d0500000, 0x00000006d0600000|  0%| F|  |TS  0|AC  0|TAMS 0x00000006d0500000, 0x00000006d0500000|
| 142|0x00000006d0600000, 0x00000006d0600000, 0x00000006d0700000|  0%| F|  |TS  0|AC  0|TAMS 0x00000006d0600000, 0x00000006d0600000|
| 143|0x00000006d0700000, 0x00000006d0700000, 0x00000006d0800000|  0%| F|  |TS  0|AC  0|TAMS 0x00000006d0700000, 0x00000006d0700000|
| 144|0x00000006d0800000, 0x00000006d0800000, 0x00000006d0900000|  0%| F|  |TS  0|AC  0|TAMS 0x00000006d0800000, 0x00000006d0800000|
| 145|0x00000006d0900000, 0x00000006d0900000, 0x00000006d0a00000|  0%| F|  |TS  0|AC  0|TAMS 0x00000006d0900000, 0x00000006d0900000|
| 146|0x00000006d0a00000, 0x00000006d0a00000, 0x00000006d0b00000|  0%| F|  |TS  0|AC  0|TAMS 0x00000006d0a00000, 0x00000006d0a00000|
| 147|0x00000006d0b00000, 0x00000006d0b00000, 0x00000006d0c00000|  0%| F|  |TS  0|AC  0|TAMS 0x00000006d0b00000, 0x00000006d0b00000|
| 148|0x00000006d0c00000, 0x00000006d0c00000, 0x00000006d0d00000|  0%| F|  |TS  0|AC  0|TAMS 0x00000006d0c00000, 0x00000006d0c00000|
| 149|0x00000006d0d00000, 0x00000006d0d00000, 0x00000006d0e00000|  0%| F|  |TS  0|AC  0|TAMS 0x00000006d0d00000, 0x00000006d0d00000|
| 150|0x00000006d0e00000, 0x00000006d0e00000, 0x00000006d0f00000|  0%| F|  |TS  0|AC  0|TAMS 0x00000006d0e00000, 0x00000006d0e00000|
| 151|0x00000006d0f00000, 0x00000006d0f00000, 0x00000006d1000000|  0%| F|  |TS  0|AC  0|TAMS 0x00000006d0f00000, 0x00000006d0f00000|
| 152|0x00000006d1000000, 0x00000006d1000000, 0x00000006d1100000|  0%| F|  |TS  0|AC  0|TAMS 0x00000006d1000000, 0x00000006d1000000|
| 153|0x00000006d1100000, 0x00000006d1100000, 0x00000006d1200000|  0%| F|  |TS  0|AC  0|TAMS 0x00000006d1100000, 0x00000006d1100000|
| 154|0x00000006d1200000, 0x00000006d1200000, 0x00000006d1300000|  0%| F|  |TS  0|AC  0|TAMS 0x00000006d1200000, 0x00000006d1200000|
| 155|0x00000006d1300000, 0x00000006d1300000, 0x00000006d1400000|  0%| F|  |TS  0|AC  0|TAMS 0x00000006d1300000, 0x00000006d1300000|
| 156|0x00000006d1400000, 0x00000006d1400000, 0x00000006d1500000|  0%| F|  |TS  0|AC  0|TAMS 0x00000006d1400000, 0x00000006d1400000|
| 157|0x00000006d1500000, 0x00000006d1500000, 0x00000006d1600000|  0%| F|  |TS  0|AC  0|TAMS 0x00000006d1500000, 0x00000006d1500000|
| 158|0x00000006d1600000, 0x00000006d1600000, 0x00000006d1700000|  0%| F|  |TS  0|AC  0|TAMS 0x00000006d1600000, 0x00000006d1600000|
| 159|0x00000006d1700000, 0x00000006d1700000, 0x00000006d1800000|  0%| F|  |TS  0|AC  0|TAMS 0x00000006d1700000, 0x00000006d1700000|
| 160|0x00000006d1800000, 0x00000006d1800000, 0x00000006d1900000|  0%| F|  |TS  0|AC  0|TAMS 0x00000006d1800000, 0x00000006d1800000|
| 161|0x00000006d1900000, 0x00000006d1900000, 0x00000006d1a00000|  0%| F|  |TS  0|AC  0|TAMS 0x00000006d1900000, 0x00000006d1900000|
| 162|0x00000006d1a00000, 0x00000006d1a00000, 0x00000006d1b00000|  0%| F|  |TS  0|AC  0|TAMS 0x00000006d1a00000, 0x00000006d1a00000|
| 163|0x00000006d1b00000, 0x00000006d1b00000, 0x00000006d1c00000|  0%| F|  |TS  0|AC  0|TAMS 0x00000006d1b00000, 0x00000006d1b00000|
| 164|0x00000006d1c00000, 0x00000006d1c00000, 0x00000006d1d00000|  0%| F|  |TS  0|AC  0|TAMS 0x00000006d1c00000, 0x00000006d1c00000|
| 165|0x00000006d1d00000, 0x00000006d1d00000, 0x00000006d1e00000|  0%| F|  |TS  0|AC  0|TAMS 0x00000006d1d00000, 0x00000006d1d00000|
| 166|0x00000006d1e00000, 0x00000006d1e00000, 0x00000006d1f00000|  0%| F|  |TS  0|AC  0|TAMS 0x00000006d1e00000, 0x00000006d1e00000|
| 167|0x00000006d1f00000, 0x00000006d1f00000, 0x00000006d2000000|  0%| F|  |TS  0|AC  0|TAMS 0x00000006d1f00000, 0x00000006d1f00000|
| 168|0x00000006d2000000, 0x00000006d2000000, 0x00000006d2100000|  0%| F|  |TS  0|AC  0|TAMS 0x00000006d2000000, 0x00000006d2000000|
| 169|0x00000006d2100000, 0x00000006d2100000, 0x00000006d2200000|  0%| F|  |TS  0|AC  0|TAMS 0x00000006d2100000, 0x00000006d2100000|
| 170|0x00000006d2200000, 0x00000006d2200000, 0x00000006d2300000|  0%| F|  |TS  0|AC  0|TAMS 0x00000006d2200000, 0x00000006d2200000|
| 171|0x00000006d2300000, 0x00000006d2300000, 0x00000006d2400000|  0%| F|  |TS  0|AC  0|TAMS 0x00000006d2300000, 0x00000006d2300000|
| 172|0x00000006d2400000, 0x00000006d2400000, 0x00000006d2500000|  0%| F|  |TS  0|AC  0|TAMS 0x00000006d2400000, 0x00000006d2400000|
| 173|0x00000006d2500000, 0x00000006d2500000, 0x00000006d2600000|  0%| F|  |TS  0|AC  0|TAMS 0x00000006d2500000, 0x00000006d2500000|
| 174|0x00000006d2600000, 0x00000006d2600000, 0x00000006d2700000|  0%| F|  |TS  0|AC  0|TAMS 0x00000006d2600000, 0x00000006d2600000|
| 175|0x00000006d2700000, 0x00000006d2700000, 0x00000006d2800000|  0%| F|  |TS  0|AC  0|TAMS 0x00000006d2700000, 0x00000006d2700000|
| 176|0x00000006d2800000, 0x00000006d2800000, 0x00000006d2900000|  0%| F|  |TS  0|AC  0|TAMS 0x00000006d2800000, 0x00000006d2800000|
| 177|0x00000006d2900000, 0x00000006d2900000, 0x00000006d2a00000|  0%| F|  |TS  0|AC  0|TAMS 0x00000006d2900000, 0x00000006d2900000|
| 178|0x00000006d2a00000, 0x00000006d2a00000, 0x00000006d2b00000|  0%| F|  |TS  0|AC  0|TAMS 0x00000006d2a00000, 0x00000006d2a00000|
| 179|0x00000006d2b00000, 0x00000006d2b00000, 0x00000006d2c00000|  0%| F|  |TS  0|AC  0|TAMS 0x00000006d2b00000, 0x00000006d2b00000|
| 180|0x00000006d2c00000, 0x00000006d2c00000, 0x00000006d2d00000|  0%| F|  |TS  0|AC  0|TAMS 0x00000006d2c00000, 0x00000006d2c00000|
| 181|0x00000006d2d00000, 0x00000006d2d00000, 0x00000006d2e00000|  0%| F|  |TS  0|AC  0|TAMS 0x00000006d2d00000, 0x00000006d2d00000|
| 182|0x00000006d2e00000, 0x00000006d2e00000, 0x00000006d2f00000|  0%| F|  |TS  0|AC  0|TAMS 0x00000006d2e00000, 0x00000006d2e00000|
| 183|0x00000006d2f00000, 0x00000006d2f00000, 0x00000006d3000000|  0%| F|  |TS  0|AC  0|TAMS 0x00000006d2f00000, 0x00000006d2f00000|
| 184|0x00000006d3000000, 0x00000006d3000000, 0x00000006d3100000|  0%| F|  |TS  0|AC  0|TAMS 0x00000006d3000000, 0x00000006d3000000|
| 185|0x00000006d3100000, 0x00000006d3100000, 0x00000006d3200000|  0%| F|  |TS  0|AC  0|TAMS 0x00000006d3100000, 0x00000006d3100000|
| 186|0x00000006d3200000, 0x00000006d3200000, 0x00000006d3300000|  0%| F|  |TS  0|AC  0|TAMS 0x00000006d3200000, 0x00000006d3200000|
| 187|0x00000006d3300000, 0x00000006d3300000, 0x00000006d3400000|  0%| F|  |TS  0|AC  0|TAMS 0x00000006d3300000, 0x00000006d3300000|
| 188|0x00000006d3400000, 0x00000006d3400000, 0x00000006d3500000|  0%| F|  |TS  0|AC  0|TAMS 0x00000006d3400000, 0x00000006d3400000|
| 189|0x00000006d3500000, 0x00000006d3500000, 0x00000006d3600000|  0%| F|  |TS  0|AC  0|TAMS 0x00000006d3500000, 0x00000006d3500000|
| 190|0x00000006d3600000, 0x00000006d3600000, 0x00000006d3700000|  0%| F|  |TS  0|AC  0|TAMS 0x00000006d3600000, 0x00000006d3600000|
| 191|0x00000006d3700000, 0x00000006d3700000, 0x00000006d3800000|  0%| F|  |TS  0|AC  0|TAMS 0x00000006d3700000, 0x00000006d3700000|
| 192|0x00000006d3800000, 0x00000006d3800000, 0x00000006d3900000|  0%| F|  |TS  0|AC  0|TAMS 0x00000006d3800000, 0x00000006d3800000|
| 193|0x00000006d3900000, 0x00000006d3900000, 0x00000006d3a00000|  0%| F|  |TS  0|AC  0|TAMS 0x00000006d3900000, 0x00000006d3900000|
| 194|0x00000006d3a00000, 0x00000006d3a00000, 0x00000006d3b00000|  0%| F|  |TS  0|AC  0|TAMS 0x00000006d3a00000, 0x00000006d3a00000|
| 195|0x00000006d3b00000, 0x00000006d3b00000, 0x00000006d3c00000|  0%| F|  |TS  0|AC  0|TAMS 0x00000006d3b00000, 0x00000006d3b00000|
| 196|0x00000006d3c00000, 0x00000006d3c00000, 0x00000006d3d00000|  0%| F|  |TS  0|AC  0|TAMS 0x00000006d3c00000, 0x00000006d3c00000|
| 197|0x00000006d3d00000, 0x00000006d3d00000, 0x00000006d3e00000|  0%| F|  |TS  0|AC  0|TAMS 0x00000006d3d00000, 0x00000006d3d00000|
| 198|0x00000006d3e00000, 0x00000006d3e00000, 0x00000006d3f00000|  0%| F|  |TS  0|AC  0|TAMS 0x00000006d3e00000, 0x00000006d3e00000|
| 199|0x00000006d3f00000, 0x00000006d3f00000, 0x00000006d4000000|  0%| F|  |TS  0|AC  0|TAMS 0x00000006d3f00000, 0x00000006d3f00000|
| 200|0x00000006d4000000, 0x00000006d4000000, 0x00000006d4100000|  0%| F|  |TS  0|AC  0|TAMS 0x00000006d4000000, 0x00000006d4000000|
| 201|0x00000006d4100000, 0x00000006d4100000, 0x00000006d4200000|  0%| F|  |TS  0|AC  0|TAMS 0x00000006d4100000, 0x00000006d4100000|
| 202|0x00000006d4200000, 0x00000006d4200000, 0x00000006d4300000|  0%| F|  |TS  0|AC  0|TAMS 0x00000006d4200000, 0x00000006d4200000|
| 203|0x00000006d4300000, 0x00000006d4300000, 0x00000006d4400000|  0%| F|  |TS  0|AC  0|TAMS 0x00000006d4300000, 0x00000006d4300000|
| 204|0x00000006d4400000, 0x00000006d4400000, 0x00000006d4500000|  0%| F|  |TS  0|AC  0|TAMS 0x00000006d4400000, 0x00000006d4400000|
| 205|0x00000006d4500000, 0x00000006d4500000, 0x00000006d4600000|  0%| F|  |TS  0|AC  0|TAMS 0x00000006d4500000, 0x00000006d4500000|
| 206|0x00000006d4600000, 0x00000006d4600000, 0x00000006d4700000|  0%| F|  |TS  0|AC  0|TAMS 0x00000006d4600000, 0x00000006d4600000|
| 207|0x00000006d4700000, 0x00000006d4700000, 0x00000006d4800000|  0%| F|  |TS  0|AC  0|TAMS 0x00000006d4700000, 0x00000006d4700000|
| 208|0x00000006d4800000, 0x00000006d4800000, 0x00000006d4900000|  0%| F|  |TS  0|AC  0|TAMS 0x00000006d4800000, 0x00000006d4800000|
| 209|0x00000006d4900000, 0x00000006d4900000, 0x00000006d4a00000|  0%| F|  |TS  0|AC  0|TAMS 0x00000006d4900000, 0x00000006d4900000|
| 210|0x00000006d4a00000, 0x00000006d4a00000, 0x00000006d4b00000|  0%| F|  |TS  0|AC  0|TAMS 0x00000006d4a00000, 0x00000006d4a00000|
| 211|0x00000006d4b00000, 0x00000006d4b00000, 0x00000006d4c00000|  0%| F|  |TS  0|AC  0|TAMS 0x00000006d4b00000, 0x00000006d4b00000|
| 212|0x00000006d4c00000, 0x00000006d4c00000, 0x00000006d4d00000|  0%| F|  |TS  0|AC  0|TAMS 0x00000006d4c00000, 0x00000006d4c00000|
| 213|0x00000006d4d00000, 0x00000006d4d00000, 0x00000006d4e00000|  0%| F|  |TS  0|AC  0|TAMS 0x00000006d4d00000, 0x00000006d4d00000|
| 214|0x00000006d4e00000, 0x00000006d4e00000, 0x00000006d4f00000|  0%| F|  |TS  0|AC  0|TAMS 0x00000006d4e00000, 0x00000006d4e00000|
| 215|0x00000006d4f00000, 0x00000006d4f00000, 0x00000006d5000000|  0%| F|  |TS  0|AC  0|TAMS 0x00000006d4f00000, 0x00000006d4f00000|
| 216|0x00000006d5000000, 0x00000006d5000000, 0x00000006d5100000|  0%| F|  |TS  0|AC  0|TAMS 0x00000006d5000000, 0x00000006d5000000|
| 217|0x00000006d5100000, 0x00000006d5100000, 0x00000006d5200000|  0%| F|  |TS  0|AC  0|TAMS 0x00000006d5100000, 0x00000006d5100000|
| 218|0x00000006d5200000, 0x00000006d5200000, 0x00000006d5300000|  0%| F|  |TS  0|AC  0|TAMS 0x00000006d5200000, 0x00000006d5200000|
| 219|0x00000006d5300000, 0x00000006d5300000, 0x00000006d5400000|  0%| F|  |TS  0|AC  0|TAMS 0x00000006d5300000, 0x00000006d5300000|
| 220|0x00000006d5400000, 0x00000006d5400000, 0x00000006d5500000|  0%| F|  |TS  0|AC  0|TAMS 0x00000006d5400000, 0x00000006d5400000|
| 221|0x00000006d5500000, 0x00000006d5500000, 0x00000006d5600000|  0%| F|  |TS  0|AC  0|TAMS 0x00000006d5500000, 0x00000006d5500000|
| 222|0x00000006d5600000, 0x00000006d5600000, 0x00000006d5700000|  0%| F|  |TS  0|AC  0|TAMS 0x00000006d5600000, 0x00000006d5600000|
| 223|0x00000006d5700000, 0x00000006d5700000, 0x00000006d5800000|  0%| F|  |TS  0|AC  0|TAMS 0x00000006d5700000, 0x00000006d5700000|
| 224|0x00000006d5800000, 0x00000006d5800000, 0x00000006d5900000|  0%| F|  |TS  0|AC  0|TAMS 0x00000006d5800000, 0x00000006d5800000|
| 225|0x00000006d5900000, 0x00000006d5900000, 0x00000006d5a00000|  0%| F|  |TS  0|AC  0|TAMS 0x00000006d5900000, 0x00000006d5900000|
| 226|0x00000006d5a00000, 0x00000006d5a00000, 0x00000006d5b00000|  0%| F|  |TS  0|AC  0|TAMS 0x00000006d5a00000, 0x00000006d5a00000|
| 227|0x00000006d5b00000, 0x00000006d5b00000, 0x00000006d5c00000|  0%| F|  |TS  0|AC  0|TAMS 0x00000006d5b00000, 0x00000006d5b00000|
| 228|0x00000006d5c00000, 0x00000006d5c00000, 0x00000006d5d00000|  0%| F|  |TS  0|AC  0|TAMS 0x00000006d5c00000, 0x00000006d5c00000|
| 229|0x00000006d5d00000, 0x00000006d5d00000, 0x00000006d5e00000|  0%| F|  |TS  0|AC  0|TAMS 0x00000006d5d00000, 0x00000006d5d00000|
| 230|0x00000006d5e00000, 0x00000006d5e00000, 0x00000006d5f00000|  0%| F|  |TS  0|AC  0|TAMS 0x00000006d5e00000, 0x00000006d5e00000|
| 231|0x00000006d5f00000, 0x00000006d5f00000, 0x00000006d6000000|  0%| F|  |TS  0|AC  0|TAMS 0x00000006d5f00000, 0x00000006d5f00000|
| 232|0x00000006d6000000, 0x00000006d6000000, 0x00000006d6100000|  0%| F|  |TS  0|AC  0|TAMS 0x00000006d6000000, 0x00000006d6000000|
| 233|0x00000006d6100000, 0x00000006d6100000, 0x00000006d6200000|  0%| F|  |TS  0|AC  0|TAMS 0x00000006d6100000, 0x00000006d6100000|
| 234|0x00000006d6200000, 0x00000006d6200000, 0x00000006d6300000|  0%| F|  |TS  0|AC  0|TAMS 0x00000006d6200000, 0x00000006d6200000|
| 235|0x00000006d6300000, 0x00000006d6300000, 0x00000006d6400000|  0%| F|  |TS  0|AC  0|TAMS 0x00000006d6300000, 0x00000006d6300000|
| 236|0x00000006d6400000, 0x00000006d6400000, 0x00000006d6500000|  0%| F|  |TS  0|AC  0|TAMS 0x00000006d6400000, 0x00000006d6400000|
| 237|0x00000006d6500000, 0x00000006d6500000, 0x00000006d6600000|  0%| F|  |TS  0|AC  0|TAMS 0x00000006d6500000, 0x00000006d6500000|
| 238|0x00000006d6600000, 0x00000006d6600000, 0x00000006d6700000|  0%| F|  |TS  0|AC  0|TAMS 0x00000006d6600000, 0x00000006d6600000|
| 239|0x00000006d6700000, 0x00000006d6700000, 0x00000006d6800000|  0%| F|  |TS  0|AC  0|TAMS 0x00000006d6700000, 0x00000006d6700000|
| 240|0x00000006d6800000, 0x00000006d6800000, 0x00000006d6900000|  0%| F|  |TS  0|AC  0|TAMS 0x00000006d6800000, 0x00000006d6800000|
| 241|0x00000006d6900000, 0x00000006d6900000, 0x00000006d6a00000|  0%| F|  |TS  0|AC  0|TAMS 0x00000006d6900000, 0x00000006d6900000|
| 242|0x00000006d6a00000, 0x00000006d6a00000, 0x00000006d6b00000|  0%| F|  |TS  0|AC  0|TAMS 0x00000006d6a00000, 0x00000006d6a00000|
| 243|0x00000006d6b00000, 0x00000006d6b00000, 0x00000006d6c00000|  0%| F|  |TS  0|AC  0|TAMS 0x00000006d6b00000, 0x00000006d6b00000|
| 244|0x00000006d6c00000, 0x00000006d6c00000, 0x00000006d6d00000|  0%| F|  |TS  0|AC  0|TAMS 0x00000006d6c00000, 0x00000006d6c00000|
| 245|0x00000006d6d00000, 0x00000006d6d48b48, 0x00000006d6e00000| 28%| E|  |TS  0|AC  0|TAMS 0x00000006d6d00000, 0x00000006d6d00000|
| 246|0x00000006d6e00000, 0x00000006d6f00000, 0x00000006d6f00000|100%| E|CS|TS  0|AC  0|TAMS 0x00000006d6e00000, 0x00000006d6e00000|
| 247|0x00000006d6f00000, 0x00000006d7000000, 0x00000006d7000000|100%| E|CS|TS  0|AC  0|TAMS 0x00000006d6f00000, 0x00000006d6f00000|
| 248|0x00000006d7000000, 0x00000006d7100000, 0x00000006d7100000|100%| E|CS|TS  0|AC  0|TAMS 0x00000006d7000000, 0x00000006d7000000|
| 249|0x00000006d7100000, 0x00000006d7200000, 0x00000006d7200000|100%| E|CS|TS  0|AC  0|TAMS 0x00000006d7100000, 0x00000006d7100000|

Card table byte_map: [0x00007f9af4b05000,0x00007f9af52c9000] byte_map_base: 0x00007f9af14c9000

Marking Bits (Prev, Next): (CMBitMap*) 0x00007f9af007b910, (CMBitMap*) 0x00007f9af007b948
 Prev Bits: [0x00007f9ac41e0000, 0x00007f9ac8000000)
 Next Bits: [0x00007f9abc1e0000, 0x00007f9ac0000000)

Polling page: 0x00007f9afa394000

CodeHeap 'non-profiled nmethods': size=120032Kb used=84Kb max_used=84Kb free=119947Kb
 bounds [0x00007f9adf5ed000, 0x00007f9adf85d000, 0x00007f9ae6b25000]
CodeHeap 'profiled nmethods': size=120032Kb used=356Kb max_used=356Kb free=119676Kb
 bounds [0x00007f9ad80b5000, 0x00007f9ad8325000, 0x00007f9adf5ed000]
CodeHeap 'non-nmethods': size=5696Kb used=1041Kb max_used=1052Kb free=4654Kb
 bounds [0x00007f9ad7b25000, 0x00007f9ad7d95000, 0x00007f9ad80b5000]
 total_blobs=715 nmethods=287 adapters=255
 compilation: enabled

Compilation events (10 events):
Event: 0,258 Thread 0x00007f9af0212800  277       3       java.lang.invoke.MethodType$ConcurrentWeakInternSet$WeakEntry::<init> (14 bytes)
Event: 0,259 Thread 0x00007f9af0212800 nmethod 277 0x00007f9ad810b210 code [0x00007f9ad810b400, 0x00007f9ad810b8a8]
Event: 0,259 Thread 0x00007f9af0212800  282       3       java.lang.invoke.MemberName::testAllFlags (7 bytes)
Event: 0,259 Thread 0x00007f9af0212800 nmethod 282 0x00007f9ad810ba10 code [0x00007f9ad810bbc0, 0x00007f9ad810bdd0]
Event: 0,259 Thread 0x00007f9af0212800  283       3       java.lang.invoke.MethodType$ConcurrentWeakInternSet::get (54 bytes)
Event: 0,259 Thread 0x00007f9af0212800 nmethod 283 0x00007f9ad810be90 code [0x00007f9ad810c100, 0x00007f9ad810cdf8]
Event: 0,259 Thread 0x00007f9af0212800  284       3       java.lang.invoke.MethodType::checkPtype (19 bytes)
Event: 0,260 Thread 0x00007f9af0212800 nmethod 284 0x00007f9ad810d210 code [0x00007f9ad810d400, 0x00007f9ad810d7f8]
Event: 0,260 Thread 0x00007f9af0212800  281       3       java.lang.invoke.LambdaForm::argument (27 bytes)
Event: 0,260 Thread 0x00007f9af0212800 nmethod 281 0x00007f9ad810d990 code [0x00007f9ad810db80, 0x00007f9ad810de88]

GC Heap History (0 events):
No events

Deoptimization events (3 events):
Event: 0,151 Thread 0x00007f9af0013000 Uncommon trap: reason=unstable_if action=reinterpret pc=0x00007f9adf5f0bdc method=java.lang.String.hashCode()I @ 14 c2
Event: 0,254 Thread 0x00007f9af0013000 Uncommon trap: reason=unstable_if action=reinterpret pc=0x00007f9adf5fb290 method=java.lang.String.isLatin1()Z @ 10 c2
Event: 0,255 Thread 0x00007f9af0013000 Uncommon trap: reason=unstable_if action=reinterpret pc=0x00007f9adf5fcc78 method=java.lang.String.isLatin1()Z @ 10 c2

Classes redefined (0 events):
No events

Internal exceptions (5 events):
Event: 0,212 Thread 0x00007f9af0013000 Exception <a 'java/io/FileNotFoundException'{0x00000006d6e52c88}> (0x00000006d6e52c88) thrown at [/build/openjdk-lts-HXybSI/openjdk-lts-10.0.2+13/src/hotspot/share/prims/jni.cpp, line 611]
Event: 0,218 Thread 0x00007f9af0013000 Exception <a 'java/io/FileNotFoundException'{0x00000006d6e67e68}> (0x00000006d6e67e68) thrown at [/build/openjdk-lts-HXybSI/openjdk-lts-10.0.2+13/src/hotspot/share/prims/jni.cpp, line 611]
Event: 0,239 Thread 0x00007f9af0013000 Exception <a 'java/lang/NoSuchMethodError'{0x00000006d6ee4380}: java.lang.Object.lambda$negate$3(I)Z> (0x00000006d6ee4380) thrown at [/build/openjdk-lts-HXybSI/openjdk-lts-10.0.2+13/src/hotspot/share/interpreter/linkResolver.cpp, line 741]
Event: 0,240 Thread 0x00007f9af0013000 Exception <a 'java/lang/NoSuchMethodError'{0x00000006d6ee76a0}: java.lang.Object.lambda$and$0(Ljava/util/regex/Pattern$CharPredicate;I)Z> (0x00000006d6ee76a0) thrown at [/build/openjdk-lts-HXybSI/openjdk-lts-10.0.2+13/src/hotspot/share/interpreter/linkRes
Event: 0,257 Thread 0x00007f9af0013000 Exception <a 'java/lang/NoSuchMethodError'{0x00000006d6d3d258}: java.lang.Object.lambda$union$2(Ljava/util/regex/Pattern$CharPredicate;I)Z> (0x00000006d6d3d258) thrown at [/build/openjdk-lts-HXybSI/openjdk-lts-10.0.2+13/src/hotspot/share/interpreter/linkR

Events (10 events):
Event: 0,256 loading class java/util/regex/Pattern$GroupTail
Event: 0,256 loading class java/util/regex/Pattern$GroupTail done
Event: 0,258 loading class java/util/regex/Pattern$BranchConn
Event: 0,258 loading class java/util/regex/Pattern$BranchConn done
Event: 0,258 loading class java/util/regex/Pattern$Branch
Event: 0,258 loading class java/util/regex/Pattern$Branch done
Event: 0,258 loading class java/util/regex/Pattern$Dollar
Event: 0,258 loading class java/util/regex/Pattern$Dollar done
Event: 5,410 loading class java/util/regex/Matcher$ImmutableMatchResult
Event: 5,410 loading class java/util/regex/Matcher$ImmutableMatchResult done


Dynamic libraries:
6c7800000-6d7200000 rw-p 00000000 00:00 0 
6d7200000-7c0000000 ---p 00000000 00:00 0 
7c0000000-7c00c0000 rw-p 00000000 00:00 0 
7c00c0000-800000000 ---p 00000000 00:00 0 
556e0bc3f000-556e0bc40000 r-xp 00000000 08:05 795297                     /usr/lib/jvm/java-11-openjdk-amd64/bin/java
556e0be40000-556e0be41000 r--p 00001000 08:05 795297                     /usr/lib/jvm/java-11-openjdk-amd64/bin/java
556e0be41000-556e0be42000 rw-p 00002000 08:05 795297                     /usr/lib/jvm/java-11-openjdk-amd64/bin/java
556e0d8f1000-556e0d912000 rw-p 00000000 00:00 0                          [heap]
7f9a64000000-7f9a64021000 rw-p 00000000 00:00 0 
7f9a64021000-7f9a68000000 ---p 00000000 00:00 0 
7f9a6c000000-7f9a6c021000 rw-p 00000000 00:00 0 
7f9a6c021000-7f9a70000000 ---p 00000000 00:00 0 
7f9a70000000-7f9a70021000 rw-p 00000000 00:00 0 
7f9a70021000-7f9a74000000 ---p 00000000 00:00 0 
7f9a74000000-7f9a74021000 rw-p 00000000 00:00 0 
7f9a74021000-7f9a78000000 ---p 00000000 00:00 0 
7f9a78000000-7f9a78024000 rw-p 00000000 00:00 0 
7f9a78024000-7f9a7c000000 ---p 00000000 00:00 0 
7f9a7c000000-7f9a7c05c000 rw-p 00000000 00:00 0 
7f9a7c05c000-7f9a80000000 ---p 00000000 00:00 0 
7f9a80000000-7f9a80021000 rw-p 00000000 00:00 0 
7f9a80021000-7f9a84000000 ---p 00000000 00:00 0 
7f9a84000000-7f9a841cb000 rw-p 00000000 00:00 0 
7f9a841cb000-7f9a88000000 ---p 00000000 00:00 0 
7f9a88000000-7f9a880c0000 rw-p 00000000 00:00 0 
7f9a880c0000-7f9a8c000000 ---p 00000000 00:00 0 
7f9a8c000000-7f9a8c021000 rw-p 00000000 00:00 0 
7f9a8c021000-7f9a90000000 ---p 00000000 00:00 0 
7f9a90000000-7f9a90021000 rw-p 00000000 00:00 0 
7f9a90021000-7f9a94000000 ---p 00000000 00:00 0 
7f9a96bf4000-7f9a96bf5000 r-xp 00000000 08:05 795525                     /usr/lib/jvm/java-11-openjdk-amd64/lib/libextnet.so
7f9a96bf5000-7f9a96df4000 ---p 00001000 08:05 795525                     /usr/lib/jvm/java-11-openjdk-amd64/lib/libextnet.so
7f9a96df4000-7f9a96df5000 r--p 00000000 08:05 795525                     /usr/lib/jvm/java-11-openjdk-amd64/lib/libextnet.so
7f9a96df5000-7f9a96df6000 rw-p 00001000 08:05 795525                     /usr/lib/jvm/java-11-openjdk-amd64/lib/libextnet.so
7f9a96df6000-7f9a96dfa000 ---p 00000000 00:00 0 
7f9a96dfa000-7f9a96ef7000 rw-p 00000000 00:00 0 
7f9a96ef7000-7f9a96f04000 r-xp 00000000 08:05 800812                     /usr/lib/jvm/java-11-openjdk-amd64/lib/librxtxSerial.so
7f9a96f04000-7f9a97103000 ---p 0000d000 08:05 800812                     /usr/lib/jvm/java-11-openjdk-amd64/lib/librxtxSerial.so
7f9a97103000-7f9a97104000 rw-p 0000c000 08:05 800812                     /usr/lib/jvm/java-11-openjdk-amd64/lib/librxtxSerial.so
7f9a97104000-7f9a97105000 ---p 00000000 00:00 0 
7f9a97105000-7f9a97206000 rw-p 00000000 00:00 0 
7f9a97206000-7f9a9721d000 r-xp 00000000 08:05 795544                     /usr/lib/jvm/java-11-openjdk-amd64/lib/libnet.so
7f9a9721d000-7f9a9741c000 ---p 00017000 08:05 795544                     /usr/lib/jvm/java-11-openjdk-amd64/lib/libnet.so
7f9a9741c000-7f9a9741d000 r--p 00016000 08:05 795544                     /usr/lib/jvm/java-11-openjdk-amd64/lib/libnet.so
7f9a9741d000-7f9a9741e000 rw-p 00017000 08:05 795544                     /usr/lib/jvm/java-11-openjdk-amd64/lib/libnet.so
7f9a9741e000-7f9a9742f000 r-xp 00000000 08:05 795545                     /usr/lib/jvm/java-11-openjdk-amd64/lib/libnio.so
7f9a9742f000-7f9a9762e000 ---p 00011000 08:05 795545                     /usr/lib/jvm/java-11-openjdk-amd64/lib/libnio.so
7f9a9762e000-7f9a9762f000 r--p 00010000 08:05 795545                     /usr/lib/jvm/java-11-openjdk-amd64/lib/libnio.so
7f9a9762f000-7f9a97630000 rw-p 00011000 08:05 795545                     /usr/lib/jvm/java-11-openjdk-amd64/lib/libnio.so
7f9a97630000-7f9a98000000 r--p 00000000 08:05 660933                     /usr/lib/locale/locale-archive
7f9a98000000-7f9a98021000 rw-p 00000000 00:00 0 
7f9a98021000-7f9a9c000000 ---p 00000000 00:00 0 
7f9a9c000000-7f9a9c021000 rw-p 00000000 00:00 0 
7f9a9c021000-7f9aa0000000 ---p 00000000 00:00 0 
7f9aa0000000-7f9aa0021000 rw-p 00000000 00:00 0 
7f9aa0021000-7f9aa4000000 ---p 00000000 00:00 0 
7f9aa4000000-7f9aa4021000 rw-p 00000000 00:00 0 
7f9aa4021000-7f9aa8000000 ---p 00000000 00:00 0 
7f9aa8000000-7f9aa8021000 rw-p 00000000 00:00 0 
7f9aa8021000-7f9aac000000 ---p 00000000 00:00 0 
7f9aac000000-7f9aac021000 rw-p 00000000 00:00 0 
7f9aac021000-7f9ab0000000 ---p 00000000 00:00 0 
7f9ab0000000-7f9ab0021000 rw-p 00000000 00:00 0 
7f9ab0021000-7f9ab4000000 ---p 00000000 00:00 0 
7f9ab4000000-7f9ab4021000 rw-p 00000000 00:00 0 
7f9ab4021000-7f9ab8000000 ---p 00000000 00:00 0 
7f9ab8000000-7f9ab8021000 rw-p 00000000 00:00 0 
7f9ab8021000-7f9abc000000 ---p 00000000 00:00 0 
7f9abc0df000-7f9abc0e3000 ---p 00000000 00:00 0 
7f9abc0e3000-7f9abc5c8000 rw-p 00000000 00:00 0 
7f9abc5c8000-7f9ac0000000 ---p 00000000 00:00 0 
7f9ac0000000-7f9ac0021000 rw-p 00000000 00:00 0 
7f9ac0021000-7f9ac4000000 ---p 00000000 00:00 0 
7f9ac40df000-7f9ac40e3000 ---p 00000000 00:00 0 
7f9ac40e3000-7f9ac45c8000 rw-p 00000000 00:00 0 
7f9ac45c8000-7f9ac8000000 ---p 00000000 00:00 0 
7f9ac8000000-7f9ac8021000 rw-p 00000000 00:00 0 
7f9ac8021000-7f9acc000000 ---p 00000000 00:00 0 
7f9acc000000-7f9acc021000 rw-p 00000000 00:00 0 
7f9acc021000-7f9ad0000000 ---p 00000000 00:00 0 
7f9ad0000000-7f9ad0021000 rw-p 00000000 00:00 0 
7f9ad0021000-7f9ad4000000 ---p 00000000 00:00 0 
7f9ad403c000-7f9ad4040000 ---p 00000000 00:00 0 
7f9ad4040000-7f9ad413d000 rw-p 00000000 00:00 0 
7f9ad413d000-7f9ad4141000 ---p 00000000 00:00 0 
7f9ad4141000-7f9ad423e000 rw-p 00000000 00:00 0 
7f9ad423e000-7f9ad4242000 ---p 00000000 00:00 0 
7f9ad4242000-7f9ad433f000 rw-p 00000000 00:00 0 
7f9ad433f000-7f9ad4343000 ---p 00000000 00:00 0 
7f9ad4343000-7f9ad4440000 rw-p 00000000 00:00 0 
7f9ad4440000-7f9ad4444000 ---p 00000000 00:00 0 
7f9ad4444000-7f9ad4541000 rw-p 00000000 00:00 0 
7f9ad4541000-7f9ad4545000 ---p 00000000 00:00 0 
7f9ad4545000-7f9ad4642000 rw-p 00000000 00:00 0 
7f9ad4642000-7f9ad4646000 ---p 00000000 00:00 0 
7f9ad4646000-7f9ad4743000 rw-p 00000000 00:00 0 
7f9ad4743000-7f9ad4747000 ---p 00000000 00:00 0 
7f9ad4747000-7f9ad4844000 rw-p 00000000 00:00 0 
7f9ad4844000-7f9ad4845000 ---p 00000000 00:00 0 
7f9ad4845000-7f9ad50d7000 rw-p 00000000 00:00 0 
7f9ad50d7000-7f9ad5217000 ---p 00000000 00:00 0 
7f9ad5217000-7f9ad5218000 ---p 00000000 00:00 0 
7f9ad5218000-7f9ad5319000 rw-p 00000000 00:00 0 
7f9ad5319000-7f9ad531a000 ---p 00000000 00:00 0 
7f9ad531a000-7f9ad541b000 rw-p 00000000 00:00 0 
7f9ad541b000-7f9ad541c000 ---p 00000000 00:00 0 
7f9ad541c000-7f9ad551d000 rw-p 00000000 00:00 0 
7f9ad551d000-7f9ad551e000 ---p 00000000 00:00 0 
7f9ad551e000-7f9ad561f000 rw-p 00000000 00:00 0 
7f9ad561f000-7f9ad5620000 ---p 00000000 00:00 0 
7f9ad5620000-7f9ad7b25000 rw-p 00000000 00:00 0 
7f9ad7b25000-7f9ad7d95000 rwxp 00000000 00:00 0 
7f9ad7d95000-7f9ad80b5000 ---p 00000000 00:00 0 
7f9ad80b5000-7f9ad8325000 rwxp 00000000 00:00 0 
7f9ad8325000-7f9adf5ed000 ---p 00000000 00:00 0 
7f9adf5ed000-7f9adf85d000 rwxp 00000000 00:00 0 
7f9adf85d000-7f9ae6b25000 ---p 00000000 00:00 0 
7f9ae6b25000-7f9af0000000 r--s 00000000 08:05 795554                     /usr/lib/jvm/java-11-openjdk-amd64/lib/modules
7f9af0000000-7f9af035b000 rw-p 00000000 00:00 0 
7f9af035b000-7f9af4000000 ---p 00000000 00:00 0 
7f9af4044000-7f9af4045000 ---p 00000000 00:00 0 
7f9af4045000-7f9af4146000 rw-p 00000000 00:00 0 
7f9af4146000-7f9af4147000 ---p 00000000 00:00 0 
7f9af4147000-7f9af43be000 rw-p 00000000 00:00 0 
7f9af43be000-7f9af4b05000 ---p 00000000 00:00 0 
7f9af4b05000-7f9af4b82000 rw-p 00000000 00:00 0 
7f9af4b82000-7f9af52c9000 ---p 00000000 00:00 0 
7f9af52c9000-7f9af5346000 rw-p 00000000 00:00 0 
7f9af5346000-7f9af5a8d000 ---p 00000000 00:00 0 
7f9af5a8d000-7f9af5e91000 rw-p 00000000 00:00 0 
7f9af5e91000-7f9af5e92000 ---p 00000000 00:00 0 
7f9af5e92000-7f9af5f93000 rw-p 00000000 00:00 0 
7f9af5f93000-7f9af5f94000 ---p 00000000 00:00 0 
7f9af5f94000-7f9af6095000 rw-p 00000000 00:00 0 
7f9af6095000-7f9af6096000 ---p 00000000 00:00 0 
7f9af6096000-7f9af6197000 rw-p 00000000 00:00 0 
7f9af6197000-7f9af6198000 ---p 00000000 00:00 0 
7f9af6198000-7f9af629e000 rw-p 00000000 00:00 0 
7f9af629e000-7f9af6384000 ---p 00000000 00:00 0 
7f9af6384000-7f9af6389000 rw-p 00000000 00:00 0 
7f9af6389000-7f9af646f000 ---p 00000000 00:00 0 
7f9af646f000-7f9af6474000 r-xp 00000000 08:05 795536                     /usr/lib/jvm/java-11-openjdk-amd64/lib/libjimage.so
7f9af6474000-7f9af6673000 ---p 00005000 08:05 795536                     /usr/lib/jvm/java-11-openjdk-amd64/lib/libjimage.so
7f9af6673000-7f9af6674000 r--p 00004000 08:05 795536                     /usr/lib/jvm/java-11-openjdk-amd64/lib/libjimage.so
7f9af6674000-7f9af6675000 rw-p 00005000 08:05 795536                     /usr/lib/jvm/java-11-openjdk-amd64/lib/libjimage.so
7f9af6675000-7f9af667c000 r-xp 00000000 08:05 795553                     /usr/lib/jvm/java-11-openjdk-amd64/lib/libzip.so
7f9af667c000-7f9af687b000 ---p 00007000 08:05 795553                     /usr/lib/jvm/java-11-openjdk-amd64/lib/libzip.so
7f9af687b000-7f9af687c000 r--p 00006000 08:05 795553                     /usr/lib/jvm/java-11-openjdk-amd64/lib/libzip.so
7f9af687c000-7f9af687d000 rw-p 00007000 08:05 795553                     /usr/lib/jvm/java-11-openjdk-amd64/lib/libzip.so
7f9af687d000-7f9af6888000 r-xp 00000000 08:05 2360332                    /lib/x86_64-linux-gnu/libnss_files-2.27.so
7f9af6888000-7f9af6a87000 ---p 0000b000 08:05 2360332                    /lib/x86_64-linux-gnu/libnss_files-2.27.so
7f9af6a87000-7f9af6a88000 r--p 0000a000 08:05 2360332                    /lib/x86_64-linux-gnu/libnss_files-2.27.so
7f9af6a88000-7f9af6a89000 rw-p 0000b000 08:05 2360332                    /lib/x86_64-linux-gnu/libnss_files-2.27.so
7f9af6a89000-7f9af6a8f000 rw-p 00000000 00:00 0 
7f9af6a8f000-7f9af6aa6000 r-xp 00000000 08:05 2360326                    /lib/x86_64-linux-gnu/libnsl-2.27.so
7f9af6aa6000-7f9af6ca5000 ---p 00017000 08:05 2360326                    /lib/x86_64-linux-gnu/libnsl-2.27.so
7f9af6ca5000-7f9af6ca6000 r--p 00016000 08:05 2360326                    /lib/x86_64-linux-gnu/libnsl-2.27.so
7f9af6ca6000-7f9af6ca7000 rw-p 00017000 08:05 2360326                    /lib/x86_64-linux-gnu/libnsl-2.27.so
7f9af6ca7000-7f9af6ca9000 rw-p 00000000 00:00 0 
7f9af6ca9000-7f9af6cb4000 r-xp 00000000 08:05 2360343                    /lib/x86_64-linux-gnu/libnss_nis-2.27.so
7f9af6cb4000-7f9af6eb3000 ---p 0000b000 08:05 2360343                    /lib/x86_64-linux-gnu/libnss_nis-2.27.so
7f9af6eb3000-7f9af6eb4000 r--p 0000a000 08:05 2360343                    /lib/x86_64-linux-gnu/libnss_nis-2.27.so
7f9af6eb4000-7f9af6eb5000 rw-p 0000b000 08:05 2360343                    /lib/x86_64-linux-gnu/libnss_nis-2.27.so
7f9af6eb5000-7f9af6ebd000 r-xp 00000000 08:05 2360328                    /lib/x86_64-linux-gnu/libnss_compat-2.27.so
7f9af6ebd000-7f9af70bd000 ---p 00008000 08:05 2360328                    /lib/x86_64-linux-gnu/libnss_compat-2.27.so
7f9af70bd000-7f9af70be000 r--p 00008000 08:05 2360328                    /lib/x86_64-linux-gnu/libnss_compat-2.27.so
7f9af70be000-7f9af70bf000 rw-p 00009000 08:05 2360328                    /lib/x86_64-linux-gnu/libnss_compat-2.27.so
7f9af70bf000-7f9af70c9000 r-xp 00000000 08:05 795527                     /usr/lib/jvm/java-11-openjdk-amd64/lib/libinstrument.so
7f9af70c9000-7f9af72c8000 ---p 0000a000 08:05 795527                     /usr/lib/jvm/java-11-openjdk-amd64/lib/libinstrument.so
7f9af72c8000-7f9af72c9000 r--p 00009000 08:05 795527                     /usr/lib/jvm/java-11-openjdk-amd64/lib/libinstrument.so
7f9af72c9000-7f9af72ca000 rw-p 0000a000 08:05 795527                     /usr/lib/jvm/java-11-openjdk-amd64/lib/libinstrument.so
7f9af72ca000-7f9af72f6000 r-xp 00000000 08:05 795532                     /usr/lib/jvm/java-11-openjdk-amd64/lib/libjava.so
7f9af72f6000-7f9af74f5000 ---p 0002c000 08:05 795532                     /usr/lib/jvm/java-11-openjdk-amd64/lib/libjava.so
7f9af74f5000-7f9af74f6000 r--p 0002b000 08:05 795532                     /usr/lib/jvm/java-11-openjdk-amd64/lib/libjava.so
7f9af74f6000-7f9af74f8000 rw-p 0002c000 08:05 795532                     /usr/lib/jvm/java-11-openjdk-amd64/lib/libjava.so
7f9af74f8000-7f9af7505000 r-xp 00000000 08:05 795552                     /usr/lib/jvm/java-11-openjdk-amd64/lib/libverify.so
7f9af7505000-7f9af7704000 ---p 0000d000 08:05 795552                     /usr/lib/jvm/java-11-openjdk-amd64/lib/libverify.so
7f9af7704000-7f9af7706000 r--p 0000c000 08:05 795552                     /usr/lib/jvm/java-11-openjdk-amd64/lib/libverify.so
7f9af7706000-7f9af7707000 rw-p 0000e000 08:05 795552                     /usr/lib/jvm/java-11-openjdk-amd64/lib/libverify.so
7f9af7707000-7f9af770e000 r-xp 00000000 08:05 2360383                    /lib/x86_64-linux-gnu/librt-2.27.so
7f9af770e000-7f9af790d000 ---p 00007000 08:05 2360383                    /lib/x86_64-linux-gnu/librt-2.27.so
7f9af790d000-7f9af790e000 r--p 00006000 08:05 2360383                    /lib/x86_64-linux-gnu/librt-2.27.so
7f9af790e000-7f9af790f000 rw-p 00007000 08:05 2360383                    /lib/x86_64-linux-gnu/librt-2.27.so
7f9af790f000-7f9af7926000 r-xp 00000000 08:05 2355744                    /lib/x86_64-linux-gnu/libgcc_s.so.1
7f9af7926000-7f9af7b25000 ---p 00017000 08:05 2355744                    /lib/x86_64-linux-gnu/libgcc_s.so.1
7f9af7b25000-7f9af7b26000 r--p 00016000 08:05 2355744                    /lib/x86_64-linux-gnu/libgcc_s.so.1
7f9af7b26000-7f9af7b27000 rw-p 00017000 08:05 2355744                    /lib/x86_64-linux-gnu/libgcc_s.so.1
7f9af7b27000-7f9af7cc4000 r-xp 00000000 08:05 2360305                    /lib/x86_64-linux-gnu/libm-2.27.so
7f9af7cc4000-7f9af7ec3000 ---p 0019d000 08:05 2360305                    /lib/x86_64-linux-gnu/libm-2.27.so
7f9af7ec3000-7f9af7ec4000 r--p 0019c000 08:05 2360305                    /lib/x86_64-linux-gnu/libm-2.27.so
7f9af7ec4000-7f9af7ec5000 rw-p 0019d000 08:05 2360305                    /lib/x86_64-linux-gnu/libm-2.27.so
7f9af7ec5000-7f9af803e000 r-xp 00000000 08:05 656775                     /usr/lib/x86_64-linux-gnu/libstdc++.so.6.0.25
7f9af803e000-7f9af823e000 ---p 00179000 08:05 656775                     /usr/lib/x86_64-linux-gnu/libstdc++.so.6.0.25
7f9af823e000-7f9af8248000 r--p 00179000 08:05 656775                     /usr/lib/x86_64-linux-gnu/libstdc++.so.6.0.25
7f9af8248000-7f9af824a000 rw-p 00183000 08:05 656775                     /usr/lib/x86_64-linux-gnu/libstdc++.so.6.0.25
7f9af824a000-7f9af824e000 rw-p 00000000 00:00 0 
7f9af824e000-7f9af91eb000 r-xp 00000000 08:05 795557                     /usr/lib/jvm/java-11-openjdk-amd64/lib/server/libjvm.so
7f9af91eb000-7f9af93eb000 ---p 00f9d000 08:05 795557                     /usr/lib/jvm/java-11-openjdk-amd64/lib/server/libjvm.so
7f9af93eb000-7f9af94af000 r--p 00f9d000 08:05 795557                     /usr/lib/jvm/java-11-openjdk-amd64/lib/server/libjvm.so
7f9af94af000-7f9af94e7000 rw-p 01061000 08:05 795557                     /usr/lib/jvm/java-11-openjdk-amd64/lib/server/libjvm.so
7f9af94e7000-7f9af9530000 rw-p 00000000 00:00 0 
7f9af9530000-7f9af954a000 r-xp 00000000 08:05 2360375                    /lib/x86_64-linux-gnu/libpthread-2.27.so
7f9af954a000-7f9af9749000 ---p 0001a000 08:05 2360375                    /lib/x86_64-linux-gnu/libpthread-2.27.so
7f9af9749000-7f9af974a000 r--p 00019000 08:05 2360375                    /lib/x86_64-linux-gnu/libpthread-2.27.so
7f9af974a000-7f9af974b000 rw-p 0001a000 08:05 2360375                    /lib/x86_64-linux-gnu/libpthread-2.27.so
7f9af974b000-7f9af974f000 rw-p 00000000 00:00 0 
7f9af974f000-7f9af9752000 r-xp 00000000 08:05 2360265                    /lib/x86_64-linux-gnu/libdl-2.27.so
7f9af9752000-7f9af9951000 ---p 00003000 08:05 2360265                    /lib/x86_64-linux-gnu/libdl-2.27.so
7f9af9951000-7f9af9952000 r--p 00002000 08:05 2360265                    /lib/x86_64-linux-gnu/libdl-2.27.so
7f9af9952000-7f9af9953000 rw-p 00003000 08:05 2360265                    /lib/x86_64-linux-gnu/libdl-2.27.so
7f9af9953000-7f9af996f000 r-xp 00000000 08:05 2360414                    /lib/x86_64-linux-gnu/libz.so.1.2.11
7f9af996f000-7f9af9b6e000 ---p 0001c000 08:05 2360414                    /lib/x86_64-linux-gnu/libz.so.1.2.11
7f9af9b6e000-7f9af9b6f000 r--p 0001b000 08:05 2360414                    /lib/x86_64-linux-gnu/libz.so.1.2.11
7f9af9b6f000-7f9af9b70000 rw-p 0001c000 08:05 2360414                    /lib/x86_64-linux-gnu/libz.so.1.2.11
7f9af9b70000-7f9af9d57000 r-xp 00000000 08:05 2360242                    /lib/x86_64-linux-gnu/libc-2.27.so
7f9af9d57000-7f9af9f57000 ---p 001e7000 08:05 2360242                    /lib/x86_64-linux-gnu/libc-2.27.so
7f9af9f57000-7f9af9f5b000 r--p 001e7000 08:05 2360242                    /lib/x86_64-linux-gnu/libc-2.27.so
7f9af9f5b000-7f9af9f5d000 rw-p 001eb000 08:05 2360242                    /lib/x86_64-linux-gnu/libc-2.27.so
7f9af9f5d000-7f9af9f61000 rw-p 00000000 00:00 0 
7f9af9f61000-7f9af9f70000 r-xp 00000000 08:05 795517                     /usr/lib/jvm/java-11-openjdk-amd64/lib/jli/libjli.so
7f9af9f70000-7f9afa16f000 ---p 0000f000 08:05 795517                     /usr/lib/jvm/java-11-openjdk-amd64/lib/jli/libjli.so
7f9afa16f000-7f9afa170000 r--p 0000e000 08:05 795517                     /usr/lib/jvm/java-11-openjdk-amd64/lib/jli/libjli.so
7f9afa170000-7f9afa171000 rw-p 0000f000 08:05 795517                     /usr/lib/jvm/java-11-openjdk-amd64/lib/jli/libjli.so
7f9afa171000-7f9afa198000 r-xp 00000000 08:05 2360214                    /lib/x86_64-linux-gnu/ld-2.27.so
7f9afa1ec000-7f9afa271000 rw-p 00000000 00:00 0 
7f9afa271000-7f9afa275000 ---p 00000000 00:00 0 
7f9afa275000-7f9afa374000 rw-p 00000000 00:00 0 
7f9afa37f000-7f9afa385000 rw-p 00000000 00:00 0 
7f9afa385000-7f9afa38c000 ---p 00000000 00:00 0 
7f9afa38c000-7f9afa394000 rw-s 00000000 08:05 2753253                    /tmp/hsperfdata_appdev/11916
7f9afa394000-7f9afa395000 ---p 00000000 00:00 0 
7f9afa395000-7f9afa396000 r--p 00000000 00:00 0 
7f9afa396000-7f9afa398000 rw-p 00000000 00:00 0 
7f9afa398000-7f9afa399000 r--p 00027000 08:05 2360214                    /lib/x86_64-linux-gnu/ld-2.27.so
7f9afa399000-7f9afa39a000 rw-p 00028000 08:05 2360214                    /lib/x86_64-linux-gnu/ld-2.27.so
7f9afa39a000-7f9afa39b000 rw-p 00000000 00:00 0 
7ffefa494000-7ffefa4b5000 rw-p 00000000 00:00 0                          [stack]
7ffefa59d000-7ffefa5a0000 r--p 00000000 00:00 0                          [vvar]
7ffefa5a0000-7ffefa5a2000 r-xp 00000000 00:00 0                          [vdso]
ffffffffff600000-ffffffffff601000 r-xp 00000000 00:00 0                  [vsyscall]


VM Arguments:
jvm_args: -javaagent:/snap/intellij-idea-ultimate/91/lib/idea_rt.jar=39441:/snap/intellij-idea-ultimate/91/bin -Dfile.encoding=UTF-8 
java_command: com.tomtrein.Main
java_class_path (initial): /home/appdev/IdeaProjects/ArduinoTest/target/scala-2.12/classes:/home/appdev/.sbt/boot/scala-2.12.7/lib/scala-library.jar:/home/appdev/IdeaProjects/ArduinoTest/lib/RXTXcomm.jar
Launcher Type: SUN_STANDARD

Logging:
Log output configuration:
#0: stdout all=warning uptime,level,tags
#1: stderr all=off uptime,level,tags

Environment Variables:
PATH=/usr/local/sbin:/usr/local/bin:/usr/sbin:/usr/bin:/sbin:/bin:/usr/games:/usr/local/games:/snap/bin
USERNAME=appdev
SHELL=/bin/bash
DISPLAY=:0

Signal Handlers:
SIGSEGV: [libjvm.so+0xd28b70], sa_mask[0]=11111111011111111101111111111110, sa_flags=SA_RESTART|SA_SIGINFO
SIGBUS: [libjvm.so+0xd28b70], sa_mask[0]=11111111011111111101111111111110, sa_flags=SA_RESTART|SA_SIGINFO
SIGFPE: [libjvm.so+0xd28b70], sa_mask[0]=11111111011111111101111111111110, sa_flags=SA_RESTART|SA_SIGINFO
SIGPIPE: [libjvm.so+0xb2a1f0], sa_mask[0]=11111111011111111101111111111110, sa_flags=SA_RESTART|SA_SIGINFO
SIGXFSZ: [libjvm.so+0xb2a1f0], sa_mask[0]=11111111011111111101111111111110, sa_flags=SA_RESTART|SA_SIGINFO
SIGILL: [libjvm.so+0xd28b70], sa_mask[0]=11111111011111111101111111111110, sa_flags=SA_RESTART|SA_SIGINFO
SIGUSR2: [libjvm.so+0xb2a030], sa_mask[0]=00100000000000000000000000000000, sa_flags=SA_RESTART|SA_SIGINFO
SIGHUP: [libjvm.so+0xb2a180], sa_mask[0]=11111111011111111101111111111110, sa_flags=SA_RESTART|SA_SIGINFO
SIGINT: [libjvm.so+0xb2a180], sa_mask[0]=11111111011111111101111111111110, sa_flags=SA_RESTART|SA_SIGINFO
SIGTERM: [libjvm.so+0xb2a180], sa_mask[0]=11111111011111111101111111111110, sa_flags=SA_RESTART|SA_SIGINFO
SIGQUIT: [libjvm.so+0xb2a180], sa_mask[0]=11111111011111111101111111111110, sa_flags=SA_RESTART|SA_SIGINFO


---------------  S Y S T E M  ---------------

OS:DISTRIB_ID=Ubuntu
DISTRIB_RELEASE=18.04
DISTRIB_CODENAME=bionic
DISTRIB_DESCRIPTION="Ubuntu 18.04.1 LTS"
uname:Linux 4.15.0-38-generic #41-Ubuntu SMP Wed Oct 10 10:59:38 UTC 2018 x86_64
libc:glibc 2.27 NPTL 2.27 
rlimit: STACK 8192k, CORE 0k, NPROC 62918, NOFILE 1048576, AS infinity, DATA infinity, FSIZE infinity
load average:1,24 1,18 0,88

/proc/meminfo:
MemTotal:       16281380 kB
MemFree:         6435068 kB
MemAvailable:   10244004 kB
Buffers:          518168 kB
Cached:          3544088 kB
SwapCached:            0 kB
Active:          7084228 kB
Inactive:        2092368 kB
Active(anon):    5124376 kB
Inactive(anon):   158456 kB
Active(file):    1959852 kB
Inactive(file):  1933912 kB
Unevictable:          32 kB
Mlocked:              32 kB
SwapTotal:      19530748 kB
SwapFree:       19530748 kB
Dirty:              6948 kB
Writeback:             0 kB
AnonPages:       5114484 kB
Mapped:           873520 kB
Shmem:            168504 kB
Slab:             346764 kB
SReclaimable:     257592 kB
SUnreclaim:        89172 kB
KernelStack:       22240 kB
PageTables:        98040 kB
NFS_Unstable:          0 kB
Bounce:                0 kB
WritebackTmp:          0 kB
CommitLimit:    27671436 kB
Committed_AS:   17569204 kB
VmallocTotal:   34359738367 kB
VmallocUsed:           0 kB
VmallocChunk:          0 kB
HardwareCorrupted:     0 kB
AnonHugePages:         0 kB
ShmemHugePages:        0 kB
ShmemPmdMapped:        0 kB
CmaTotal:              0 kB
CmaFree:               0 kB
HugePages_Total:       0
HugePages_Free:        0
HugePages_Rsvd:        0
HugePages_Surp:        0
Hugepagesize:       2048 kB
DirectMap4k:      412384 kB
DirectMap2M:     9928704 kB
DirectMap1G:     7340032 kB

container (cgroup) information:
container_type: cgroupv1
cpu_cpuset_cpus: 0-3
cpu_memory_nodes: 0
active_processor_count: 4
cpu_quota: -1
cpu_period: 100000
cpu_shares: -1
memory_limit_in_bytes: -1
memory_and_swap_limit_in_bytes: -2
memory_soft_limit_in_bytes: -1
memory_usage_in_bytes: 9397100544
memory_max_usage_in_bytes: 0


CPU:total 4 (initial active 4) (4 cores per cpu, 1 threads per core) family 6 model 94 stepping 3, cmov, cx8, fxsr, mmx, sse, sse2, sse3, ssse3, sse4.1, sse4.2, popcnt, avx, avx2, aes, clmul, erms, rtm, 3dnowpref, lzcnt, tsc, tscinvbit, bmi1, bmi2, adx, fma
CPU Model and flags from /proc/cpuinfo:
model name	: Intel(R) Core(TM) i5-6300HQ CPU @ 2.30GHz
flags		: fpu vme de pse tsc msr pae mce cx8 apic sep mtrr pge mca cmov pat pse36 clflush dts acpi mmx fxsr sse sse2 ss ht tm pbe syscall nx pdpe1gb rdtscp lm constant_tsc art arch_perfmon pebs bts rep_good nopl xtopology nonstop_tsc cpuid aperfmperf tsc_known_freq pni pclmulqdq dtes64 monitor ds_cpl vmx est tm2 ssse3 sdbg fma cx16 xtpr pdcm pcid sse4_1 sse4_2 x2apic movbe popcnt tsc_deadline_timer aes xsave avx f16c rdrand lahf_lm abm 3dnowprefetch cpuid_fault epb invpcid_single pti ssbd ibrs ibpb stibp tpr_shadow vnmi flexpriority ept vpid fsgsbase tsc_adjust bmi1 hle avx2 smep bmi2 erms invpcid rtm mpx rdseed adx smap clflushopt intel_pt xsaveopt xsavec xgetbv1 xsaves dtherm ida arat pln pts hwp hwp_notify hwp_act_window hwp_epp flush_l1d

Memory: 4k page, physical 16281380k(6435068k free), swap 19530748k(19530748k free)

vm_info: OpenJDK 64-Bit Server VM (10.0.2+13-Ubuntu-1ubuntu0.18.04.3) for linux-amd64 JRE (10.0.2+13-Ubuntu-1ubuntu0.18.04.3), built on Oct  7 2018 15:06:09 by "buildd" with gcc 7.3.0

END.
